[2023-02-15T17:06:21.419+0100] {processor.py:153} INFO - Started process (PID=57034) to work on /Users/Emily/.pyenv/versions/3.10.6/envs/airflow/lib/python3.10/site-packages/airflow/example_dags/plugins/workday.py
[2023-02-15T17:06:21.422+0100] {processor.py:743} INFO - Processing file /Users/Emily/.pyenv/versions/3.10.6/envs/airflow/lib/python3.10/site-packages/airflow/example_dags/plugins/workday.py for tasks to queue
[2023-02-15T17:06:21.423+0100] {logging_mixin.py:137} INFO - [2023-02-15T17:06:21.422+0100] {dagbag.py:538} INFO - Filling up the DagBag from /Users/Emily/.pyenv/versions/3.10.6/envs/airflow/lib/python3.10/site-packages/airflow/example_dags/plugins/workday.py
[2023-02-15T17:06:21.432+0100] {processor.py:755} WARNING - No viable dags retrieved from /Users/Emily/.pyenv/versions/3.10.6/envs/airflow/lib/python3.10/site-packages/airflow/example_dags/plugins/workday.py
[2023-02-15T17:06:21.999+0100] {processor.py:175} INFO - Processing /Users/Emily/.pyenv/versions/3.10.6/envs/airflow/lib/python3.10/site-packages/airflow/example_dags/plugins/workday.py took 0.581 seconds
[2023-02-15T17:08:05.070+0100] {processor.py:153} INFO - Started process (PID=57116) to work on /Users/Emily/.pyenv/versions/3.10.6/envs/airflow/lib/python3.10/site-packages/airflow/example_dags/plugins/workday.py
[2023-02-15T17:08:05.075+0100] {processor.py:743} INFO - Processing file /Users/Emily/.pyenv/versions/3.10.6/envs/airflow/lib/python3.10/site-packages/airflow/example_dags/plugins/workday.py for tasks to queue
[2023-02-15T17:08:05.075+0100] {logging_mixin.py:137} INFO - [2023-02-15T17:08:05.075+0100] {dagbag.py:538} INFO - Filling up the DagBag from /Users/Emily/.pyenv/versions/3.10.6/envs/airflow/lib/python3.10/site-packages/airflow/example_dags/plugins/workday.py
[2023-02-15T17:08:05.086+0100] {processor.py:755} WARNING - No viable dags retrieved from /Users/Emily/.pyenv/versions/3.10.6/envs/airflow/lib/python3.10/site-packages/airflow/example_dags/plugins/workday.py
[2023-02-15T17:08:05.656+0100] {processor.py:175} INFO - Processing /Users/Emily/.pyenv/versions/3.10.6/envs/airflow/lib/python3.10/site-packages/airflow/example_dags/plugins/workday.py took 0.586 seconds
[2023-02-15T17:09:07.303+0100] {processor.py:153} INFO - Started process (PID=57165) to work on /Users/Emily/.pyenv/versions/3.10.6/envs/airflow/lib/python3.10/site-packages/airflow/example_dags/plugins/workday.py
[2023-02-15T17:09:07.307+0100] {processor.py:743} INFO - Processing file /Users/Emily/.pyenv/versions/3.10.6/envs/airflow/lib/python3.10/site-packages/airflow/example_dags/plugins/workday.py for tasks to queue
[2023-02-15T17:09:07.307+0100] {logging_mixin.py:137} INFO - [2023-02-15T17:09:07.307+0100] {dagbag.py:538} INFO - Filling up the DagBag from /Users/Emily/.pyenv/versions/3.10.6/envs/airflow/lib/python3.10/site-packages/airflow/example_dags/plugins/workday.py
[2023-02-15T17:09:07.317+0100] {processor.py:755} WARNING - No viable dags retrieved from /Users/Emily/.pyenv/versions/3.10.6/envs/airflow/lib/python3.10/site-packages/airflow/example_dags/plugins/workday.py
[2023-02-15T17:09:08.151+0100] {processor.py:175} INFO - Processing /Users/Emily/.pyenv/versions/3.10.6/envs/airflow/lib/python3.10/site-packages/airflow/example_dags/plugins/workday.py took 0.848 seconds
[2023-02-15T17:10:07.713+0100] {processor.py:153} INFO - Started process (PID=57218) to work on /Users/Emily/.pyenv/versions/3.10.6/envs/airflow/lib/python3.10/site-packages/airflow/example_dags/plugins/workday.py
[2023-02-15T17:10:07.717+0100] {processor.py:743} INFO - Processing file /Users/Emily/.pyenv/versions/3.10.6/envs/airflow/lib/python3.10/site-packages/airflow/example_dags/plugins/workday.py for tasks to queue
[2023-02-15T17:10:07.718+0100] {logging_mixin.py:137} INFO - [2023-02-15T17:10:07.718+0100] {dagbag.py:538} INFO - Filling up the DagBag from /Users/Emily/.pyenv/versions/3.10.6/envs/airflow/lib/python3.10/site-packages/airflow/example_dags/plugins/workday.py
[2023-02-15T17:10:07.729+0100] {processor.py:755} WARNING - No viable dags retrieved from /Users/Emily/.pyenv/versions/3.10.6/envs/airflow/lib/python3.10/site-packages/airflow/example_dags/plugins/workday.py
[2023-02-15T17:10:08.493+0100] {processor.py:175} INFO - Processing /Users/Emily/.pyenv/versions/3.10.6/envs/airflow/lib/python3.10/site-packages/airflow/example_dags/plugins/workday.py took 0.781 seconds
[2023-02-15T17:11:18.009+0100] {processor.py:153} INFO - Started process (PID=57297) to work on /Users/Emily/.pyenv/versions/3.10.6/envs/airflow/lib/python3.10/site-packages/airflow/example_dags/plugins/workday.py
[2023-02-15T17:11:18.014+0100] {processor.py:743} INFO - Processing file /Users/Emily/.pyenv/versions/3.10.6/envs/airflow/lib/python3.10/site-packages/airflow/example_dags/plugins/workday.py for tasks to queue
[2023-02-15T17:11:18.015+0100] {logging_mixin.py:137} INFO - [2023-02-15T17:11:18.015+0100] {dagbag.py:538} INFO - Filling up the DagBag from /Users/Emily/.pyenv/versions/3.10.6/envs/airflow/lib/python3.10/site-packages/airflow/example_dags/plugins/workday.py
[2023-02-15T17:11:18.028+0100] {processor.py:755} WARNING - No viable dags retrieved from /Users/Emily/.pyenv/versions/3.10.6/envs/airflow/lib/python3.10/site-packages/airflow/example_dags/plugins/workday.py
[2023-02-15T17:11:18.759+0100] {processor.py:175} INFO - Processing /Users/Emily/.pyenv/versions/3.10.6/envs/airflow/lib/python3.10/site-packages/airflow/example_dags/plugins/workday.py took 0.750 seconds
