[2023-02-15T17:10:33.545+0100] {taskinstance.py:1083} INFO - Dependencies all met for <TaskInstance: tutorial_dag.load manual__2023-02-15T16:10:22.289848+00:00 [queued]>
[2023-02-15T17:10:33.557+0100] {taskinstance.py:1083} INFO - Dependencies all met for <TaskInstance: tutorial_dag.load manual__2023-02-15T16:10:22.289848+00:00 [queued]>
[2023-02-15T17:10:33.558+0100] {taskinstance.py:1279} INFO - 
--------------------------------------------------------------------------------
[2023-02-15T17:10:33.558+0100] {taskinstance.py:1280} INFO - Starting attempt 1 of 3
[2023-02-15T17:10:33.558+0100] {taskinstance.py:1281} INFO - 
--------------------------------------------------------------------------------
[2023-02-15T17:10:33.568+0100] {taskinstance.py:1300} INFO - Executing <Task(PythonOperator): load> on 2023-02-15 16:10:22.289848+00:00
[2023-02-15T17:10:33.571+0100] {standard_task_runner.py:55} INFO - Started process 57249 to run task
[2023-02-15T17:10:33.577+0100] {standard_task_runner.py:82} INFO - Running: ['airflow', 'tasks', 'run', 'tutorial_dag', 'load', 'manual__2023-02-15T16:10:22.289848+00:00', '--job-id', '4', '--raw', '--subdir', '/Users/Emily/.pyenv/versions/3.10.6/envs/airflow/lib/python3.10/site-packages/airflow/example_dags/tutorial_dag.py', '--cfg-path', '/var/folders/27/7y2sywgx471112_cg02mrd300000gn/T/tmpw1opb9pv']
[2023-02-15T17:10:33.578+0100] {standard_task_runner.py:83} INFO - Job 4: Subtask load
[2023-02-15T17:10:33.627+0100] {task_command.py:388} INFO - Running <TaskInstance: tutorial_dag.load manual__2023-02-15T16:10:22.289848+00:00 [running]> on host Emily C
[2023-02-15T17:10:33.669+0100] {taskinstance.py:1507} INFO - Exporting the following env vars:
AIRFLOW_CTX_DAG_OWNER=airflow
AIRFLOW_CTX_DAG_ID=tutorial_dag
AIRFLOW_CTX_TASK_ID=load
AIRFLOW_CTX_EXECUTION_DATE=2023-02-15T16:10:22.289848+00:00
AIRFLOW_CTX_TRY_NUMBER=1
AIRFLOW_CTX_DAG_RUN_ID=manual__2023-02-15T16:10:22.289848+00:00
[2023-02-15T17:10:33.680+0100] {logging_mixin.py:137} INFO - {'total_order_value': 1236.7}
[2023-02-15T17:10:33.680+0100] {python.py:177} INFO - Done. Returned value was: None
[2023-02-15T17:10:33.685+0100] {taskinstance.py:1318} INFO - Marking task as SUCCESS. dag_id=tutorial_dag, task_id=load, execution_date=20230215T161022, start_date=20230215T161033, end_date=20230215T161033
[2023-02-15T17:10:33.714+0100] {local_task_job.py:208} INFO - Task exited with return code 0
[2023-02-15T17:10:33.728+0100] {taskinstance.py:2578} INFO - 0 downstream tasks scheduled from follow-on schedule check
