[2023-02-15T17:10:25.986+0100] {taskinstance.py:1083} INFO - Dependencies all met for <TaskInstance: tutorial_dag.extract manual__2023-02-15T16:10:22.289848+00:00 [queued]>
[2023-02-15T17:10:25.996+0100] {taskinstance.py:1083} INFO - Dependencies all met for <TaskInstance: tutorial_dag.extract manual__2023-02-15T16:10:22.289848+00:00 [queued]>
[2023-02-15T17:10:25.997+0100] {taskinstance.py:1279} INFO - 
--------------------------------------------------------------------------------
[2023-02-15T17:10:25.997+0100] {taskinstance.py:1280} INFO - Starting attempt 1 of 3
[2023-02-15T17:10:25.997+0100] {taskinstance.py:1281} INFO - 
--------------------------------------------------------------------------------
[2023-02-15T17:10:26.005+0100] {taskinstance.py:1300} INFO - Executing <Task(PythonOperator): extract> on 2023-02-15 16:10:22.289848+00:00
[2023-02-15T17:10:26.007+0100] {standard_task_runner.py:55} INFO - Started process 57237 to run task
[2023-02-15T17:10:26.012+0100] {standard_task_runner.py:82} INFO - Running: ['airflow', 'tasks', 'run', 'tutorial_dag', 'extract', 'manual__2023-02-15T16:10:22.289848+00:00', '--job-id', '2', '--raw', '--subdir', '/Users/Emily/.pyenv/versions/3.10.6/envs/airflow/lib/python3.10/site-packages/airflow/example_dags/tutorial_dag.py', '--cfg-path', '/var/folders/27/7y2sywgx471112_cg02mrd300000gn/T/tmpxhkoi1p5']
[2023-02-15T17:10:26.013+0100] {standard_task_runner.py:83} INFO - Job 2: Subtask extract
[2023-02-15T17:10:26.052+0100] {task_command.py:388} INFO - Running <TaskInstance: tutorial_dag.extract manual__2023-02-15T16:10:22.289848+00:00 [running]> on host Emily C
[2023-02-15T17:10:26.087+0100] {taskinstance.py:1507} INFO - Exporting the following env vars:
AIRFLOW_CTX_DAG_OWNER=airflow
AIRFLOW_CTX_DAG_ID=tutorial_dag
AIRFLOW_CTX_TASK_ID=extract
AIRFLOW_CTX_EXECUTION_DATE=2023-02-15T16:10:22.289848+00:00
AIRFLOW_CTX_TRY_NUMBER=1
AIRFLOW_CTX_DAG_RUN_ID=manual__2023-02-15T16:10:22.289848+00:00
[2023-02-15T17:10:26.095+0100] {python.py:177} INFO - Done. Returned value was: None
[2023-02-15T17:10:26.100+0100] {taskinstance.py:1318} INFO - Marking task as SUCCESS. dag_id=tutorial_dag, task_id=extract, execution_date=20230215T161022, start_date=20230215T161025, end_date=20230215T161026
[2023-02-15T17:10:26.156+0100] {local_task_job.py:208} INFO - Task exited with return code 0
[2023-02-15T17:10:26.178+0100] {taskinstance.py:2578} INFO - 1 downstream tasks scheduled from follow-on schedule check
