[2023-02-15T17:06:17.833+0100] {manager.py:483} INFO - Processing files using up to 1 processes at a time 
[2023-02-15T17:06:17.833+0100] {manager.py:484} INFO - Process each file at most once every 30 seconds
[2023-02-15T17:06:17.833+0100] {manager.py:485} INFO - Checking for new files in /Users/Emily/code/emilycardwell/airflow-intro/dags every 300 seconds
[2023-02-15T17:06:17.833+0100] {manager.py:726} INFO - Searching for files in /Users/Emily/code/emilycardwell/airflow-intro/dags
[2023-02-15T17:06:17.859+0100] {manager.py:729} INFO - There are 39 files in /Users/Emily/code/emilycardwell/airflow-intro/dags
[2023-02-15T17:06:19.835+0100] {manager.py:854} INFO - 
================================================================================
DAG File Processing Stats

File Path                                                                                                                                      PID    Runtime      # DAGs    # Errors  Last Runtime    Last Run
---------------------------------------------------------------------------------------------------------------------------------------------  -----  ---------  --------  ----------  --------------  -------------------
/Users/Emily/.pyenv/versions/3.10.6/envs/airflow/lib/python3.10/site-packages/airflow/example_dags/example_latest_only.py                                               0           0
/Users/Emily/.pyenv/versions/3.10.6/envs/airflow/lib/python3.10/site-packages/airflow/example_dags/example_local_kubernetes_executor.py                                 0           0
/Users/Emily/.pyenv/versions/3.10.6/envs/airflow/lib/python3.10/site-packages/airflow/example_dags/example_task_group_decorator.py                                      0           0
/Users/Emily/.pyenv/versions/3.10.6/envs/airflow/lib/python3.10/site-packages/airflow/example_dags/example_complex.py                                                   0           0
/Users/Emily/.pyenv/versions/3.10.6/envs/airflow/lib/python3.10/site-packages/airflow/example_dags/example_python_operator.py                                           0           0
/Users/Emily/.pyenv/versions/3.10.6/envs/airflow/lib/python3.10/site-packages/airflow/example_dags/tutorial_taskflow_api_virtualenv.py                                  0           0
/Users/Emily/.pyenv/versions/3.10.6/envs/airflow/lib/python3.10/site-packages/airflow/example_dags/example_external_task_marker_dag.py                                  0           0
/Users/Emily/.pyenv/versions/3.10.6/envs/airflow/lib/python3.10/site-packages/airflow/example_dags/example_bash_operator.py                                             0           0
/Users/Emily/.pyenv/versions/3.10.6/envs/airflow/lib/python3.10/site-packages/airflow/example_dags/example_short_circuit_operator.py                                    0           0
/Users/Emily/.pyenv/versions/3.10.6/envs/airflow/lib/python3.10/site-packages/airflow/example_dags/example_branch_operator.py                                           0           0
/Users/Emily/.pyenv/versions/3.10.6/envs/airflow/lib/python3.10/site-packages/airflow/example_dags/example_branch_labels.py                                             0           0
/Users/Emily/.pyenv/versions/3.10.6/envs/airflow/lib/python3.10/site-packages/airflow/example_dags/tutorial_taskflow_api.py                                             0           0
/Users/Emily/.pyenv/versions/3.10.6/envs/airflow/lib/python3.10/site-packages/airflow/example_dags/example_task_group.py                                                0           0
/Users/Emily/.pyenv/versions/3.10.6/envs/airflow/lib/python3.10/site-packages/airflow/example_dags/tutorial.py                                                          0           0
/Users/Emily/.pyenv/versions/3.10.6/envs/airflow/lib/python3.10/site-packages/airflow/example_dags/example_sla_dag.py                                                   0           0
/Users/Emily/.pyenv/versions/3.10.6/envs/airflow/lib/python3.10/site-packages/airflow/example_dags/example_passing_params_via_test_command.py                           0           0
/Users/Emily/.pyenv/versions/3.10.6/envs/airflow/lib/python3.10/site-packages/airflow/example_dags/example_latest_only_with_trigger.py                                  0           0
/Users/Emily/.pyenv/versions/3.10.6/envs/airflow/lib/python3.10/site-packages/airflow/example_dags/example_time_delta_sensor_async.py                                   0           0
/Users/Emily/.pyenv/versions/3.10.6/envs/airflow/lib/python3.10/site-packages/airflow/example_dags/example_dag_decorator.py                                             0           0
/Users/Emily/.pyenv/versions/3.10.6/envs/airflow/lib/python3.10/site-packages/airflow/example_dags/example_xcom.py                                                      0           0
/Users/Emily/.pyenv/versions/3.10.6/envs/airflow/lib/python3.10/site-packages/airflow/example_dags/example_xcomargs.py                                                  0           0
/Users/Emily/.pyenv/versions/3.10.6/envs/airflow/lib/python3.10/site-packages/airflow/example_dags/example_branch_operator_decorator.py                                 0           0
/Users/Emily/.pyenv/versions/3.10.6/envs/airflow/lib/python3.10/site-packages/airflow/example_dags/example_branch_day_of_week_operator.py                               0           0
/Users/Emily/.pyenv/versions/3.10.6/envs/airflow/lib/python3.10/site-packages/airflow/example_dags/example_skip_dag.py                                                  0           0
/Users/Emily/.pyenv/versions/3.10.6/envs/airflow/lib/python3.10/site-packages/airflow/example_dags/example_short_circuit_decorator.py                                   0           0
/Users/Emily/.pyenv/versions/3.10.6/envs/airflow/lib/python3.10/site-packages/airflow/example_dags/example_datasets.py                                                  0           0
/Users/Emily/.pyenv/versions/3.10.6/envs/airflow/lib/python3.10/site-packages/airflow/example_dags/tutorial_dag.py                                                      0           0
/Users/Emily/.pyenv/versions/3.10.6/envs/airflow/lib/python3.10/site-packages/airflow/example_dags/example_trigger_target_dag.py                                        0           0
/Users/Emily/.pyenv/versions/3.10.6/envs/airflow/lib/python3.10/site-packages/airflow/example_dags/example_sensor_decorator.py                                          0           0
/Users/Emily/.pyenv/versions/3.10.6/envs/airflow/lib/python3.10/site-packages/airflow/example_dags/example_kubernetes_executor.py                                       0           0
/Users/Emily/.pyenv/versions/3.10.6/envs/airflow/lib/python3.10/site-packages/airflow/example_dags/example_branch_python_dop_operator_3.py                              0           0
/Users/Emily/.pyenv/versions/3.10.6/envs/airflow/lib/python3.10/site-packages/airflow/example_dags/example_sensors.py                                                   0           0
/Users/Emily/.pyenv/versions/3.10.6/envs/airflow/lib/python3.10/site-packages/airflow/example_dags/example_branch_datetime_operator.py                                  0           0
/Users/Emily/.pyenv/versions/3.10.6/envs/airflow/lib/python3.10/site-packages/airflow/example_dags/example_nested_branch_dag.py                                         0           0
/Users/Emily/.pyenv/versions/3.10.6/envs/airflow/lib/python3.10/site-packages/airflow/example_dags/example_subdag_operator.py                                           0           0
/Users/Emily/.pyenv/versions/3.10.6/envs/airflow/lib/python3.10/site-packages/airflow/example_dags/example_trigger_controller_dag.py                                    0           0
/Users/Emily/.pyenv/versions/3.10.6/envs/airflow/lib/python3.10/site-packages/airflow/example_dags/example_dynamic_task_mapping.py                                      0           0
/Users/Emily/.pyenv/versions/3.10.6/envs/airflow/lib/python3.10/site-packages/airflow/example_dags/plugins/workday.py                                                   0           0
/Users/Emily/.pyenv/versions/3.10.6/envs/airflow/lib/python3.10/site-packages/airflow/example_dags/subdags/subdag.py                                                    0           0  1.35s           2023-02-15T16:06:19
================================================================================
[2023-02-15T17:06:50.809+0100] {manager.py:854} INFO - 
================================================================================
DAG File Processing Stats

File Path                                                                                                                                      PID    Runtime      # DAGs    # Errors  Last Runtime    Last Run
---------------------------------------------------------------------------------------------------------------------------------------------  -----  ---------  --------  ----------  --------------  -------------------
/Users/Emily/.pyenv/versions/3.10.6/envs/airflow/lib/python3.10/site-packages/airflow/example_dags/example_latest_only.py                                               0           0
/Users/Emily/.pyenv/versions/3.10.6/envs/airflow/lib/python3.10/site-packages/airflow/example_dags/example_local_kubernetes_executor.py                                 0           0
/Users/Emily/.pyenv/versions/3.10.6/envs/airflow/lib/python3.10/site-packages/airflow/example_dags/example_complex.py                                                   0           0
/Users/Emily/.pyenv/versions/3.10.6/envs/airflow/lib/python3.10/site-packages/airflow/example_dags/example_python_operator.py                                           0           0
/Users/Emily/.pyenv/versions/3.10.6/envs/airflow/lib/python3.10/site-packages/airflow/example_dags/tutorial_taskflow_api_virtualenv.py                                  0           0  1.34s           2023-02-15T16:06:23
/Users/Emily/.pyenv/versions/3.10.6/envs/airflow/lib/python3.10/site-packages/airflow/example_dags/example_external_task_marker_dag.py                                  0           0
/Users/Emily/.pyenv/versions/3.10.6/envs/airflow/lib/python3.10/site-packages/airflow/example_dags/example_bash_operator.py                                             0           0
/Users/Emily/.pyenv/versions/3.10.6/envs/airflow/lib/python3.10/site-packages/airflow/example_dags/example_short_circuit_operator.py                                    0           0
/Users/Emily/.pyenv/versions/3.10.6/envs/airflow/lib/python3.10/site-packages/airflow/example_dags/example_branch_operator.py                                           0           0
/Users/Emily/.pyenv/versions/3.10.6/envs/airflow/lib/python3.10/site-packages/airflow/example_dags/example_branch_labels.py                                             0           0
/Users/Emily/.pyenv/versions/3.10.6/envs/airflow/lib/python3.10/site-packages/airflow/example_dags/example_sla_dag.py                                                   0           0
/Users/Emily/.pyenv/versions/3.10.6/envs/airflow/lib/python3.10/site-packages/airflow/example_dags/example_passing_params_via_test_command.py                           0           0
/Users/Emily/.pyenv/versions/3.10.6/envs/airflow/lib/python3.10/site-packages/airflow/example_dags/example_latest_only_with_trigger.py                                  0           0
/Users/Emily/.pyenv/versions/3.10.6/envs/airflow/lib/python3.10/site-packages/airflow/example_dags/example_dag_decorator.py                                             0           0
/Users/Emily/.pyenv/versions/3.10.6/envs/airflow/lib/python3.10/site-packages/airflow/example_dags/example_branch_operator_decorator.py                                 0           0
/Users/Emily/.pyenv/versions/3.10.6/envs/airflow/lib/python3.10/site-packages/airflow/example_dags/example_branch_day_of_week_operator.py                               0           0
/Users/Emily/.pyenv/versions/3.10.6/envs/airflow/lib/python3.10/site-packages/airflow/example_dags/example_skip_dag.py                                                  0           0
/Users/Emily/.pyenv/versions/3.10.6/envs/airflow/lib/python3.10/site-packages/airflow/example_dags/example_short_circuit_decorator.py                                   0           0
/Users/Emily/.pyenv/versions/3.10.6/envs/airflow/lib/python3.10/site-packages/airflow/example_dags/example_datasets.py                                                  0           0
/Users/Emily/.pyenv/versions/3.10.6/envs/airflow/lib/python3.10/site-packages/airflow/example_dags/example_sensor_decorator.py                                          0           0
/Users/Emily/.pyenv/versions/3.10.6/envs/airflow/lib/python3.10/site-packages/airflow/example_dags/example_kubernetes_executor.py                                       0           0
/Users/Emily/.pyenv/versions/3.10.6/envs/airflow/lib/python3.10/site-packages/airflow/example_dags/example_branch_python_dop_operator_3.py                              0           0
/Users/Emily/.pyenv/versions/3.10.6/envs/airflow/lib/python3.10/site-packages/airflow/example_dags/example_sensors.py                                                   0           0
/Users/Emily/.pyenv/versions/3.10.6/envs/airflow/lib/python3.10/site-packages/airflow/example_dags/example_branch_datetime_operator.py                                  0           0
/Users/Emily/.pyenv/versions/3.10.6/envs/airflow/lib/python3.10/site-packages/airflow/example_dags/example_nested_branch_dag.py                                         0           0
/Users/Emily/.pyenv/versions/3.10.6/envs/airflow/lib/python3.10/site-packages/airflow/example_dags/example_subdag_operator.py                                           0           0
/Users/Emily/.pyenv/versions/3.10.6/envs/airflow/lib/python3.10/site-packages/airflow/example_dags/example_dynamic_task_mapping.py                                      0           0
/Users/Emily/.pyenv/versions/3.10.6/envs/airflow/lib/python3.10/site-packages/airflow/example_dags/plugins/workday.py                                                   0           0  1.30s           2023-02-15T16:06:22
/Users/Emily/.pyenv/versions/3.10.6/envs/airflow/lib/python3.10/site-packages/airflow/example_dags/subdags/subdag.py                                                    0           0  1.35s           2023-02-15T16:06:19
/Users/Emily/.pyenv/versions/3.10.6/envs/airflow/lib/python3.10/site-packages/airflow/example_dags/example_task_group_decorator.py                                      1           0  1.68s           2023-02-15T16:06:47
/Users/Emily/.pyenv/versions/3.10.6/envs/airflow/lib/python3.10/site-packages/airflow/example_dags/tutorial_taskflow_api.py                                             1           0  1.84s           2023-02-15T16:06:26
/Users/Emily/.pyenv/versions/3.10.6/envs/airflow/lib/python3.10/site-packages/airflow/example_dags/example_task_group.py                                                1           0  1.83s           2023-02-15T16:06:50
/Users/Emily/.pyenv/versions/3.10.6/envs/airflow/lib/python3.10/site-packages/airflow/example_dags/tutorial.py                                                          1           0  1.88s           2023-02-15T16:06:32
/Users/Emily/.pyenv/versions/3.10.6/envs/airflow/lib/python3.10/site-packages/airflow/example_dags/example_time_delta_sensor_async.py                                   1           0  1.88s           2023-02-15T16:06:45
/Users/Emily/.pyenv/versions/3.10.6/envs/airflow/lib/python3.10/site-packages/airflow/example_dags/example_xcom.py                                                      1           0  1.75s           2023-02-15T16:06:36
/Users/Emily/.pyenv/versions/3.10.6/envs/airflow/lib/python3.10/site-packages/airflow/example_dags/tutorial_dag.py                                                      1           0  1.83s           2023-02-15T16:06:29
/Users/Emily/.pyenv/versions/3.10.6/envs/airflow/lib/python3.10/site-packages/airflow/example_dags/example_trigger_target_dag.py                                        1           0  1.64s           2023-02-15T16:06:39
/Users/Emily/.pyenv/versions/3.10.6/envs/airflow/lib/python3.10/site-packages/airflow/example_dags/example_trigger_controller_dag.py                                    1           0  1.57s           2023-02-15T16:06:42
/Users/Emily/.pyenv/versions/3.10.6/envs/airflow/lib/python3.10/site-packages/airflow/example_dags/example_xcomargs.py                                                  2           0  1.88s           2023-02-15T16:06:34
================================================================================
[2023-02-15T17:07:21.298+0100] {manager.py:854} INFO - 
================================================================================
DAG File Processing Stats

File Path                                                                                                                                      PID    Runtime      # DAGs    # Errors  Last Runtime    Last Run
---------------------------------------------------------------------------------------------------------------------------------------------  -----  ---------  --------  ----------  --------------  -------------------
/Users/Emily/.pyenv/versions/3.10.6/envs/airflow/lib/python3.10/site-packages/airflow/example_dags/example_latest_only.py                                               0           0
/Users/Emily/.pyenv/versions/3.10.6/envs/airflow/lib/python3.10/site-packages/airflow/example_dags/example_local_kubernetes_executor.py                                 0           0  1.50s           2023-02-15T16:07:21
/Users/Emily/.pyenv/versions/3.10.6/envs/airflow/lib/python3.10/site-packages/airflow/example_dags/example_complex.py                                                   0           0
/Users/Emily/.pyenv/versions/3.10.6/envs/airflow/lib/python3.10/site-packages/airflow/example_dags/tutorial_taskflow_api_virtualenv.py                                  0           0  1.34s           2023-02-15T16:06:23
/Users/Emily/.pyenv/versions/3.10.6/envs/airflow/lib/python3.10/site-packages/airflow/example_dags/example_external_task_marker_dag.py                                  0           0
/Users/Emily/.pyenv/versions/3.10.6/envs/airflow/lib/python3.10/site-packages/airflow/example_dags/example_bash_operator.py                                             0           0
/Users/Emily/.pyenv/versions/3.10.6/envs/airflow/lib/python3.10/site-packages/airflow/example_dags/example_branch_operator.py                                           0           0
/Users/Emily/.pyenv/versions/3.10.6/envs/airflow/lib/python3.10/site-packages/airflow/example_dags/example_branch_labels.py                                             0           0
/Users/Emily/.pyenv/versions/3.10.6/envs/airflow/lib/python3.10/site-packages/airflow/example_dags/example_latest_only_with_trigger.py                                  0           0
/Users/Emily/.pyenv/versions/3.10.6/envs/airflow/lib/python3.10/site-packages/airflow/example_dags/example_dag_decorator.py                                             0           0
/Users/Emily/.pyenv/versions/3.10.6/envs/airflow/lib/python3.10/site-packages/airflow/example_dags/example_branch_operator_decorator.py                                 0           0
/Users/Emily/.pyenv/versions/3.10.6/envs/airflow/lib/python3.10/site-packages/airflow/example_dags/example_branch_day_of_week_operator.py                               0           0
/Users/Emily/.pyenv/versions/3.10.6/envs/airflow/lib/python3.10/site-packages/airflow/example_dags/example_datasets.py                                                  0           0
/Users/Emily/.pyenv/versions/3.10.6/envs/airflow/lib/python3.10/site-packages/airflow/example_dags/example_kubernetes_executor.py                                       0           0
/Users/Emily/.pyenv/versions/3.10.6/envs/airflow/lib/python3.10/site-packages/airflow/example_dags/example_branch_python_dop_operator_3.py                              0           0
/Users/Emily/.pyenv/versions/3.10.6/envs/airflow/lib/python3.10/site-packages/airflow/example_dags/example_branch_datetime_operator.py                                  0           0
/Users/Emily/.pyenv/versions/3.10.6/envs/airflow/lib/python3.10/site-packages/airflow/example_dags/example_dynamic_task_mapping.py                                      0           0
/Users/Emily/.pyenv/versions/3.10.6/envs/airflow/lib/python3.10/site-packages/airflow/example_dags/plugins/workday.py                                                   0           0  1.30s           2023-02-15T16:06:22
/Users/Emily/.pyenv/versions/3.10.6/envs/airflow/lib/python3.10/site-packages/airflow/example_dags/subdags/subdag.py                                                    0           0  1.35s           2023-02-15T16:06:19
/Users/Emily/.pyenv/versions/3.10.6/envs/airflow/lib/python3.10/site-packages/airflow/example_dags/example_task_group_decorator.py                                      1           0  1.68s           2023-02-15T16:06:47
/Users/Emily/.pyenv/versions/3.10.6/envs/airflow/lib/python3.10/site-packages/airflow/example_dags/example_python_operator.py                                           1           0  1.71s           2023-02-15T16:07:13
/Users/Emily/.pyenv/versions/3.10.6/envs/airflow/lib/python3.10/site-packages/airflow/example_dags/example_short_circuit_operator.py                                    1           0  1.84s           2023-02-15T16:07:02
/Users/Emily/.pyenv/versions/3.10.6/envs/airflow/lib/python3.10/site-packages/airflow/example_dags/tutorial_taskflow_api.py                                             1           0  1.84s           2023-02-15T16:06:26
/Users/Emily/.pyenv/versions/3.10.6/envs/airflow/lib/python3.10/site-packages/airflow/example_dags/example_task_group.py                                                1           0  1.83s           2023-02-15T16:06:50
/Users/Emily/.pyenv/versions/3.10.6/envs/airflow/lib/python3.10/site-packages/airflow/example_dags/tutorial.py                                                          1           0  1.88s           2023-02-15T16:06:32
/Users/Emily/.pyenv/versions/3.10.6/envs/airflow/lib/python3.10/site-packages/airflow/example_dags/example_sla_dag.py                                                   1           0  1.79s           2023-02-15T16:06:56
/Users/Emily/.pyenv/versions/3.10.6/envs/airflow/lib/python3.10/site-packages/airflow/example_dags/example_passing_params_via_test_command.py                           1           0  1.76s           2023-02-15T16:07:16
/Users/Emily/.pyenv/versions/3.10.6/envs/airflow/lib/python3.10/site-packages/airflow/example_dags/example_time_delta_sensor_async.py                                   1           0  1.88s           2023-02-15T16:06:45
/Users/Emily/.pyenv/versions/3.10.6/envs/airflow/lib/python3.10/site-packages/airflow/example_dags/example_xcom.py                                                      1           0  1.75s           2023-02-15T16:06:36
/Users/Emily/.pyenv/versions/3.10.6/envs/airflow/lib/python3.10/site-packages/airflow/example_dags/example_skip_dag.py                                                  1           0  1.65s           2023-02-15T16:06:59
/Users/Emily/.pyenv/versions/3.10.6/envs/airflow/lib/python3.10/site-packages/airflow/example_dags/example_short_circuit_decorator.py                                   1           0  1.96s           2023-02-15T16:07:05
/Users/Emily/.pyenv/versions/3.10.6/envs/airflow/lib/python3.10/site-packages/airflow/example_dags/tutorial_dag.py                                                      1           0  1.83s           2023-02-15T16:06:29
/Users/Emily/.pyenv/versions/3.10.6/envs/airflow/lib/python3.10/site-packages/airflow/example_dags/example_trigger_target_dag.py                                        1           0  1.64s           2023-02-15T16:06:39
/Users/Emily/.pyenv/versions/3.10.6/envs/airflow/lib/python3.10/site-packages/airflow/example_dags/example_sensor_decorator.py                                          1           0  1.69s           2023-02-15T16:07:10
/Users/Emily/.pyenv/versions/3.10.6/envs/airflow/lib/python3.10/site-packages/airflow/example_dags/example_sensors.py                                                   1           0  2.04s           2023-02-15T16:07:07
/Users/Emily/.pyenv/versions/3.10.6/envs/airflow/lib/python3.10/site-packages/airflow/example_dags/example_nested_branch_dag.py                                         1           0  1.49s           2023-02-15T16:07:18
/Users/Emily/.pyenv/versions/3.10.6/envs/airflow/lib/python3.10/site-packages/airflow/example_dags/example_trigger_controller_dag.py                                    1           0  1.57s           2023-02-15T16:06:42
/Users/Emily/.pyenv/versions/3.10.6/envs/airflow/lib/python3.10/site-packages/airflow/example_dags/example_xcomargs.py                                                  2           0  1.88s           2023-02-15T16:06:34
/Users/Emily/.pyenv/versions/3.10.6/envs/airflow/lib/python3.10/site-packages/airflow/example_dags/example_subdag_operator.py                                           3           0  1.95s           2023-02-15T16:06:53
================================================================================
[2023-02-15T17:07:53.424+0100] {manager.py:854} INFO - 
================================================================================
DAG File Processing Stats

File Path                                                                                                                                      PID    Runtime      # DAGs    # Errors  Last Runtime    Last Run
---------------------------------------------------------------------------------------------------------------------------------------------  -----  ---------  --------  ----------  --------------  -------------------
/Users/Emily/.pyenv/versions/3.10.6/envs/airflow/lib/python3.10/site-packages/airflow/example_dags/example_local_kubernetes_executor.py                                 0           0  1.50s           2023-02-15T16:07:21
/Users/Emily/.pyenv/versions/3.10.6/envs/airflow/lib/python3.10/site-packages/airflow/example_dags/tutorial_taskflow_api_virtualenv.py                                  0           0  1.34s           2023-02-15T16:06:23
/Users/Emily/.pyenv/versions/3.10.6/envs/airflow/lib/python3.10/site-packages/airflow/example_dags/example_bash_operator.py                                             0           0
/Users/Emily/.pyenv/versions/3.10.6/envs/airflow/lib/python3.10/site-packages/airflow/example_dags/example_branch_day_of_week_operator.py                               0           0
/Users/Emily/.pyenv/versions/3.10.6/envs/airflow/lib/python3.10/site-packages/airflow/example_dags/example_kubernetes_executor.py                                       0           0  1.59s           2023-02-15T16:07:29
/Users/Emily/.pyenv/versions/3.10.6/envs/airflow/lib/python3.10/site-packages/airflow/example_dags/example_branch_datetime_operator.py                                  0           0
/Users/Emily/.pyenv/versions/3.10.6/envs/airflow/lib/python3.10/site-packages/airflow/example_dags/plugins/workday.py                                                   0           0  1.30s           2023-02-15T16:06:22
/Users/Emily/.pyenv/versions/3.10.6/envs/airflow/lib/python3.10/site-packages/airflow/example_dags/subdags/subdag.py                                                    0           0  1.35s           2023-02-15T16:06:19
/Users/Emily/.pyenv/versions/3.10.6/envs/airflow/lib/python3.10/site-packages/airflow/example_dags/example_latest_only.py                                               1           0  1.67s           2023-02-15T16:07:26
/Users/Emily/.pyenv/versions/3.10.6/envs/airflow/lib/python3.10/site-packages/airflow/example_dags/example_task_group_decorator.py                                      1           0  1.68s           2023-02-15T16:06:47
/Users/Emily/.pyenv/versions/3.10.6/envs/airflow/lib/python3.10/site-packages/airflow/example_dags/example_complex.py                                                   1           0  1.70s           2023-02-15T16:07:42
/Users/Emily/.pyenv/versions/3.10.6/envs/airflow/lib/python3.10/site-packages/airflow/example_dags/example_python_operator.py                                           1           0  1.71s           2023-02-15T16:07:13
/Users/Emily/.pyenv/versions/3.10.6/envs/airflow/lib/python3.10/site-packages/airflow/example_dags/example_short_circuit_operator.py                                    1           0  1.84s           2023-02-15T16:07:02
/Users/Emily/.pyenv/versions/3.10.6/envs/airflow/lib/python3.10/site-packages/airflow/example_dags/example_branch_operator.py                                           1           0  1.84s           2023-02-15T16:07:50
/Users/Emily/.pyenv/versions/3.10.6/envs/airflow/lib/python3.10/site-packages/airflow/example_dags/example_branch_labels.py                                             1           0  1.49s           2023-02-15T16:07:53
/Users/Emily/.pyenv/versions/3.10.6/envs/airflow/lib/python3.10/site-packages/airflow/example_dags/tutorial_taskflow_api.py                                             1           0  1.84s           2023-02-15T16:06:26
/Users/Emily/.pyenv/versions/3.10.6/envs/airflow/lib/python3.10/site-packages/airflow/example_dags/example_task_group.py                                                1           0  1.83s           2023-02-15T16:06:50
/Users/Emily/.pyenv/versions/3.10.6/envs/airflow/lib/python3.10/site-packages/airflow/example_dags/tutorial.py                                                          1           0  1.88s           2023-02-15T16:06:32
/Users/Emily/.pyenv/versions/3.10.6/envs/airflow/lib/python3.10/site-packages/airflow/example_dags/example_sla_dag.py                                                   1           0  1.79s           2023-02-15T16:06:56
/Users/Emily/.pyenv/versions/3.10.6/envs/airflow/lib/python3.10/site-packages/airflow/example_dags/example_passing_params_via_test_command.py                           1           0  1.76s           2023-02-15T16:07:16
/Users/Emily/.pyenv/versions/3.10.6/envs/airflow/lib/python3.10/site-packages/airflow/example_dags/example_latest_only_with_trigger.py                                  1           0  1.47s           2023-02-15T16:07:23
/Users/Emily/.pyenv/versions/3.10.6/envs/airflow/lib/python3.10/site-packages/airflow/example_dags/example_time_delta_sensor_async.py                                   1           0  1.88s           2023-02-15T16:06:45
/Users/Emily/.pyenv/versions/3.10.6/envs/airflow/lib/python3.10/site-packages/airflow/example_dags/example_dag_decorator.py                                             1           0  1.67s           2023-02-15T16:07:39
/Users/Emily/.pyenv/versions/3.10.6/envs/airflow/lib/python3.10/site-packages/airflow/example_dags/example_xcom.py                                                      1           0  1.75s           2023-02-15T16:06:36
/Users/Emily/.pyenv/versions/3.10.6/envs/airflow/lib/python3.10/site-packages/airflow/example_dags/example_branch_operator_decorator.py                                 1           0  1.66s           2023-02-15T16:07:47
/Users/Emily/.pyenv/versions/3.10.6/envs/airflow/lib/python3.10/site-packages/airflow/example_dags/example_skip_dag.py                                                  1           0  1.65s           2023-02-15T16:06:59
/Users/Emily/.pyenv/versions/3.10.6/envs/airflow/lib/python3.10/site-packages/airflow/example_dags/example_short_circuit_decorator.py                                   1           0  1.96s           2023-02-15T16:07:05
/Users/Emily/.pyenv/versions/3.10.6/envs/airflow/lib/python3.10/site-packages/airflow/example_dags/tutorial_dag.py                                                      1           0  1.83s           2023-02-15T16:06:29
/Users/Emily/.pyenv/versions/3.10.6/envs/airflow/lib/python3.10/site-packages/airflow/example_dags/example_trigger_target_dag.py                                        1           0  1.64s           2023-02-15T16:06:39
/Users/Emily/.pyenv/versions/3.10.6/envs/airflow/lib/python3.10/site-packages/airflow/example_dags/example_sensor_decorator.py                                          1           0  1.69s           2023-02-15T16:07:10
/Users/Emily/.pyenv/versions/3.10.6/envs/airflow/lib/python3.10/site-packages/airflow/example_dags/example_branch_python_dop_operator_3.py                              1           0  1.57s           2023-02-15T16:07:45
/Users/Emily/.pyenv/versions/3.10.6/envs/airflow/lib/python3.10/site-packages/airflow/example_dags/example_sensors.py                                                   1           0  2.04s           2023-02-15T16:07:07
/Users/Emily/.pyenv/versions/3.10.6/envs/airflow/lib/python3.10/site-packages/airflow/example_dags/example_nested_branch_dag.py                                         1           0  1.49s           2023-02-15T16:07:18
/Users/Emily/.pyenv/versions/3.10.6/envs/airflow/lib/python3.10/site-packages/airflow/example_dags/example_trigger_controller_dag.py                                    1           0  1.57s           2023-02-15T16:06:42
/Users/Emily/.pyenv/versions/3.10.6/envs/airflow/lib/python3.10/site-packages/airflow/example_dags/example_dynamic_task_mapping.py                                      1           0  1.58s           2023-02-15T16:07:34
/Users/Emily/.pyenv/versions/3.10.6/envs/airflow/lib/python3.10/site-packages/airflow/example_dags/example_external_task_marker_dag.py                                  2           0  1.65s           2023-02-15T16:07:31
/Users/Emily/.pyenv/versions/3.10.6/envs/airflow/lib/python3.10/site-packages/airflow/example_dags/example_xcomargs.py                                                  2           0  1.88s           2023-02-15T16:06:34
/Users/Emily/.pyenv/versions/3.10.6/envs/airflow/lib/python3.10/site-packages/airflow/example_dags/example_subdag_operator.py                                           3           0  1.95s           2023-02-15T16:06:53
/Users/Emily/.pyenv/versions/3.10.6/envs/airflow/lib/python3.10/site-packages/airflow/example_dags/example_datasets.py                                                  6           0  1.70s           2023-02-15T16:07:37
================================================================================
[2023-02-15T17:08:25.276+0100] {manager.py:854} INFO - 
================================================================================
DAG File Processing Stats

File Path                                                                                                                                      PID    Runtime      # DAGs    # Errors  Last Runtime    Last Run
---------------------------------------------------------------------------------------------------------------------------------------------  -----  ---------  --------  ----------  --------------  -------------------
/Users/Emily/.pyenv/versions/3.10.6/envs/airflow/lib/python3.10/site-packages/airflow/example_dags/example_local_kubernetes_executor.py                                 0           0  1.50s           2023-02-15T16:07:21
/Users/Emily/.pyenv/versions/3.10.6/envs/airflow/lib/python3.10/site-packages/airflow/example_dags/tutorial_taskflow_api_virtualenv.py                                  0           0  1.35s           2023-02-15T16:08:07
/Users/Emily/.pyenv/versions/3.10.6/envs/airflow/lib/python3.10/site-packages/airflow/example_dags/example_kubernetes_executor.py                                       0           0  1.59s           2023-02-15T16:07:29
/Users/Emily/.pyenv/versions/3.10.6/envs/airflow/lib/python3.10/site-packages/airflow/example_dags/plugins/workday.py                                                   0           0  1.31s           2023-02-15T16:08:05
/Users/Emily/.pyenv/versions/3.10.6/envs/airflow/lib/python3.10/site-packages/airflow/example_dags/subdags/subdag.py                                                    0           0  1.33s           2023-02-15T16:08:03
/Users/Emily/.pyenv/versions/3.10.6/envs/airflow/lib/python3.10/site-packages/airflow/example_dags/example_latest_only.py                                               1           0  1.67s           2023-02-15T16:07:26
/Users/Emily/.pyenv/versions/3.10.6/envs/airflow/lib/python3.10/site-packages/airflow/example_dags/example_task_group_decorator.py                                      1           0  1.68s           2023-02-15T16:06:47
/Users/Emily/.pyenv/versions/3.10.6/envs/airflow/lib/python3.10/site-packages/airflow/example_dags/example_complex.py                                                   1           0  1.70s           2023-02-15T16:07:42
/Users/Emily/.pyenv/versions/3.10.6/envs/airflow/lib/python3.10/site-packages/airflow/example_dags/example_python_operator.py                                           1           0  1.71s           2023-02-15T16:07:13
/Users/Emily/.pyenv/versions/3.10.6/envs/airflow/lib/python3.10/site-packages/airflow/example_dags/example_bash_operator.py                                             1           0  1.46s           2023-02-15T16:08:01
/Users/Emily/.pyenv/versions/3.10.6/envs/airflow/lib/python3.10/site-packages/airflow/example_dags/example_short_circuit_operator.py                                    1           0  1.84s           2023-02-15T16:07:02
/Users/Emily/.pyenv/versions/3.10.6/envs/airflow/lib/python3.10/site-packages/airflow/example_dags/example_branch_operator.py                                           1           0  1.84s           2023-02-15T16:07:50
/Users/Emily/.pyenv/versions/3.10.6/envs/airflow/lib/python3.10/site-packages/airflow/example_dags/example_branch_labels.py                                             1           0  1.49s           2023-02-15T16:07:53
/Users/Emily/.pyenv/versions/3.10.6/envs/airflow/lib/python3.10/site-packages/airflow/example_dags/tutorial_taskflow_api.py                                             1           0  1.44s           2023-02-15T16:08:09
/Users/Emily/.pyenv/versions/3.10.6/envs/airflow/lib/python3.10/site-packages/airflow/example_dags/example_task_group.py                                                1           0  1.83s           2023-02-15T16:06:50
/Users/Emily/.pyenv/versions/3.10.6/envs/airflow/lib/python3.10/site-packages/airflow/example_dags/tutorial.py                                                          1           0  1.36s           2023-02-15T16:08:13
/Users/Emily/.pyenv/versions/3.10.6/envs/airflow/lib/python3.10/site-packages/airflow/example_dags/example_sla_dag.py                                                   1           0  1.79s           2023-02-15T16:06:56
/Users/Emily/.pyenv/versions/3.10.6/envs/airflow/lib/python3.10/site-packages/airflow/example_dags/example_passing_params_via_test_command.py                           1           0  1.76s           2023-02-15T16:07:16
/Users/Emily/.pyenv/versions/3.10.6/envs/airflow/lib/python3.10/site-packages/airflow/example_dags/example_latest_only_with_trigger.py                                  1           0  1.47s           2023-02-15T16:07:23
/Users/Emily/.pyenv/versions/3.10.6/envs/airflow/lib/python3.10/site-packages/airflow/example_dags/example_time_delta_sensor_async.py                                   1           0  1.53s           2023-02-15T16:08:25
/Users/Emily/.pyenv/versions/3.10.6/envs/airflow/lib/python3.10/site-packages/airflow/example_dags/example_dag_decorator.py                                             1           0  1.67s           2023-02-15T16:07:39
/Users/Emily/.pyenv/versions/3.10.6/envs/airflow/lib/python3.10/site-packages/airflow/example_dags/example_xcom.py                                                      1           0  1.37s           2023-02-15T16:08:18
/Users/Emily/.pyenv/versions/3.10.6/envs/airflow/lib/python3.10/site-packages/airflow/example_dags/example_branch_operator_decorator.py                                 1           0  1.66s           2023-02-15T16:07:47
/Users/Emily/.pyenv/versions/3.10.6/envs/airflow/lib/python3.10/site-packages/airflow/example_dags/example_branch_day_of_week_operator.py                               1           0  1.50s           2023-02-15T16:07:55
/Users/Emily/.pyenv/versions/3.10.6/envs/airflow/lib/python3.10/site-packages/airflow/example_dags/example_skip_dag.py                                                  1           0  1.65s           2023-02-15T16:06:59
/Users/Emily/.pyenv/versions/3.10.6/envs/airflow/lib/python3.10/site-packages/airflow/example_dags/example_short_circuit_decorator.py                                   1           0  1.96s           2023-02-15T16:07:05
/Users/Emily/.pyenv/versions/3.10.6/envs/airflow/lib/python3.10/site-packages/airflow/example_dags/tutorial_dag.py                                                      1           0  1.41s           2023-02-15T16:08:12
/Users/Emily/.pyenv/versions/3.10.6/envs/airflow/lib/python3.10/site-packages/airflow/example_dags/example_trigger_target_dag.py                                        1           0  1.45s           2023-02-15T16:08:20
/Users/Emily/.pyenv/versions/3.10.6/envs/airflow/lib/python3.10/site-packages/airflow/example_dags/example_sensor_decorator.py                                          1           0  1.69s           2023-02-15T16:07:10
/Users/Emily/.pyenv/versions/3.10.6/envs/airflow/lib/python3.10/site-packages/airflow/example_dags/example_branch_python_dop_operator_3.py                              1           0  1.57s           2023-02-15T16:07:45
/Users/Emily/.pyenv/versions/3.10.6/envs/airflow/lib/python3.10/site-packages/airflow/example_dags/example_sensors.py                                                   1           0  2.04s           2023-02-15T16:07:07
/Users/Emily/.pyenv/versions/3.10.6/envs/airflow/lib/python3.10/site-packages/airflow/example_dags/example_nested_branch_dag.py                                         1           0  1.49s           2023-02-15T16:07:18
/Users/Emily/.pyenv/versions/3.10.6/envs/airflow/lib/python3.10/site-packages/airflow/example_dags/example_trigger_controller_dag.py                                    1           0  1.41s           2023-02-15T16:08:22
/Users/Emily/.pyenv/versions/3.10.6/envs/airflow/lib/python3.10/site-packages/airflow/example_dags/example_dynamic_task_mapping.py                                      1           0  1.58s           2023-02-15T16:07:34
/Users/Emily/.pyenv/versions/3.10.6/envs/airflow/lib/python3.10/site-packages/airflow/example_dags/example_external_task_marker_dag.py                                  2           0  1.65s           2023-02-15T16:07:31
/Users/Emily/.pyenv/versions/3.10.6/envs/airflow/lib/python3.10/site-packages/airflow/example_dags/example_xcomargs.py                                                  2           0  1.40s           2023-02-15T16:08:16
/Users/Emily/.pyenv/versions/3.10.6/envs/airflow/lib/python3.10/site-packages/airflow/example_dags/example_branch_datetime_operator.py                                  3           0  1.61s           2023-02-15T16:07:58
/Users/Emily/.pyenv/versions/3.10.6/envs/airflow/lib/python3.10/site-packages/airflow/example_dags/example_subdag_operator.py                                           3           0  1.95s           2023-02-15T16:06:53
/Users/Emily/.pyenv/versions/3.10.6/envs/airflow/lib/python3.10/site-packages/airflow/example_dags/example_datasets.py                                                  6           0  1.70s           2023-02-15T16:07:37
================================================================================
[2023-02-15T17:08:57.672+0100] {manager.py:854} INFO - 
================================================================================
DAG File Processing Stats

File Path                                                                                                                                      PID    Runtime      # DAGs    # Errors  Last Runtime    Last Run
---------------------------------------------------------------------------------------------------------------------------------------------  -----  ---------  --------  ----------  --------------  -------------------
/Users/Emily/.pyenv/versions/3.10.6/envs/airflow/lib/python3.10/site-packages/airflow/example_dags/example_local_kubernetes_executor.py                                 0           0  1.57s           2023-02-15T16:08:55
/Users/Emily/.pyenv/versions/3.10.6/envs/airflow/lib/python3.10/site-packages/airflow/example_dags/tutorial_taskflow_api_virtualenv.py                                  0           0  1.35s           2023-02-15T16:08:07
/Users/Emily/.pyenv/versions/3.10.6/envs/airflow/lib/python3.10/site-packages/airflow/example_dags/example_kubernetes_executor.py                                       0           0  1.59s           2023-02-15T16:07:29
/Users/Emily/.pyenv/versions/3.10.6/envs/airflow/lib/python3.10/site-packages/airflow/example_dags/plugins/workday.py                                                   0           0  1.31s           2023-02-15T16:08:05
/Users/Emily/.pyenv/versions/3.10.6/envs/airflow/lib/python3.10/site-packages/airflow/example_dags/subdags/subdag.py                                                    0           0  1.33s           2023-02-15T16:08:03
/Users/Emily/.pyenv/versions/3.10.6/envs/airflow/lib/python3.10/site-packages/airflow/example_dags/example_latest_only.py                                               1           0  1.67s           2023-02-15T16:07:26
/Users/Emily/.pyenv/versions/3.10.6/envs/airflow/lib/python3.10/site-packages/airflow/example_dags/example_task_group_decorator.py                                      1           0  1.39s           2023-02-15T16:08:27
/Users/Emily/.pyenv/versions/3.10.6/envs/airflow/lib/python3.10/site-packages/airflow/example_dags/example_complex.py                                                   1           0  1.70s           2023-02-15T16:07:42
/Users/Emily/.pyenv/versions/3.10.6/envs/airflow/lib/python3.10/site-packages/airflow/example_dags/example_python_operator.py                                           1           0  1.44s           2023-02-15T16:08:48
/Users/Emily/.pyenv/versions/3.10.6/envs/airflow/lib/python3.10/site-packages/airflow/example_dags/example_bash_operator.py                                             1           0  1.46s           2023-02-15T16:08:01
/Users/Emily/.pyenv/versions/3.10.6/envs/airflow/lib/python3.10/site-packages/airflow/example_dags/example_short_circuit_operator.py                                    1           0  1.42s           2023-02-15T16:08:39
/Users/Emily/.pyenv/versions/3.10.6/envs/airflow/lib/python3.10/site-packages/airflow/example_dags/example_branch_operator.py                                           1           0  1.84s           2023-02-15T16:07:50
/Users/Emily/.pyenv/versions/3.10.6/envs/airflow/lib/python3.10/site-packages/airflow/example_dags/example_branch_labels.py                                             1           0  1.49s           2023-02-15T16:07:53
/Users/Emily/.pyenv/versions/3.10.6/envs/airflow/lib/python3.10/site-packages/airflow/example_dags/tutorial_taskflow_api.py                                             1           0  1.44s           2023-02-15T16:08:09
/Users/Emily/.pyenv/versions/3.10.6/envs/airflow/lib/python3.10/site-packages/airflow/example_dags/example_task_group.py                                                1           0  1.59s           2023-02-15T16:08:30
/Users/Emily/.pyenv/versions/3.10.6/envs/airflow/lib/python3.10/site-packages/airflow/example_dags/tutorial.py                                                          1           0  1.36s           2023-02-15T16:08:13
/Users/Emily/.pyenv/versions/3.10.6/envs/airflow/lib/python3.10/site-packages/airflow/example_dags/example_sla_dag.py                                                   1           0  1.60s           2023-02-15T16:08:34
/Users/Emily/.pyenv/versions/3.10.6/envs/airflow/lib/python3.10/site-packages/airflow/example_dags/example_passing_params_via_test_command.py                           1           0  1.45s           2023-02-15T16:08:50
/Users/Emily/.pyenv/versions/3.10.6/envs/airflow/lib/python3.10/site-packages/airflow/example_dags/example_latest_only_with_trigger.py                                  1           0  1.39s           2023-02-15T16:08:57
/Users/Emily/.pyenv/versions/3.10.6/envs/airflow/lib/python3.10/site-packages/airflow/example_dags/example_time_delta_sensor_async.py                                   1           0  1.53s           2023-02-15T16:08:25
/Users/Emily/.pyenv/versions/3.10.6/envs/airflow/lib/python3.10/site-packages/airflow/example_dags/example_dag_decorator.py                                             1           0  1.67s           2023-02-15T16:07:39
/Users/Emily/.pyenv/versions/3.10.6/envs/airflow/lib/python3.10/site-packages/airflow/example_dags/example_xcom.py                                                      1           0  1.37s           2023-02-15T16:08:18
/Users/Emily/.pyenv/versions/3.10.6/envs/airflow/lib/python3.10/site-packages/airflow/example_dags/example_branch_operator_decorator.py                                 1           0  1.66s           2023-02-15T16:07:47
/Users/Emily/.pyenv/versions/3.10.6/envs/airflow/lib/python3.10/site-packages/airflow/example_dags/example_branch_day_of_week_operator.py                               1           0  1.50s           2023-02-15T16:07:55
/Users/Emily/.pyenv/versions/3.10.6/envs/airflow/lib/python3.10/site-packages/airflow/example_dags/example_skip_dag.py                                                  1           0  1.54s           2023-02-15T16:08:37
/Users/Emily/.pyenv/versions/3.10.6/envs/airflow/lib/python3.10/site-packages/airflow/example_dags/example_short_circuit_decorator.py                                   1           0  1.49s           2023-02-15T16:08:41
/Users/Emily/.pyenv/versions/3.10.6/envs/airflow/lib/python3.10/site-packages/airflow/example_dags/tutorial_dag.py                                                      1           0  1.41s           2023-02-15T16:08:12
/Users/Emily/.pyenv/versions/3.10.6/envs/airflow/lib/python3.10/site-packages/airflow/example_dags/example_trigger_target_dag.py                                        1           0  1.45s           2023-02-15T16:08:20
/Users/Emily/.pyenv/versions/3.10.6/envs/airflow/lib/python3.10/site-packages/airflow/example_dags/example_sensor_decorator.py                                          1           0  1.47s           2023-02-15T16:08:46
/Users/Emily/.pyenv/versions/3.10.6/envs/airflow/lib/python3.10/site-packages/airflow/example_dags/example_branch_python_dop_operator_3.py                              1           0  1.57s           2023-02-15T16:07:45
/Users/Emily/.pyenv/versions/3.10.6/envs/airflow/lib/python3.10/site-packages/airflow/example_dags/example_sensors.py                                                   1           0  1.50s           2023-02-15T16:08:43
/Users/Emily/.pyenv/versions/3.10.6/envs/airflow/lib/python3.10/site-packages/airflow/example_dags/example_nested_branch_dag.py                                         1           0  1.39s           2023-02-15T16:08:52
/Users/Emily/.pyenv/versions/3.10.6/envs/airflow/lib/python3.10/site-packages/airflow/example_dags/example_trigger_controller_dag.py                                    1           0  1.41s           2023-02-15T16:08:22
/Users/Emily/.pyenv/versions/3.10.6/envs/airflow/lib/python3.10/site-packages/airflow/example_dags/example_dynamic_task_mapping.py                                      1           0  1.58s           2023-02-15T16:07:34
/Users/Emily/.pyenv/versions/3.10.6/envs/airflow/lib/python3.10/site-packages/airflow/example_dags/example_external_task_marker_dag.py                                  2           0  1.65s           2023-02-15T16:07:31
/Users/Emily/.pyenv/versions/3.10.6/envs/airflow/lib/python3.10/site-packages/airflow/example_dags/example_xcomargs.py                                                  2           0  1.40s           2023-02-15T16:08:16
/Users/Emily/.pyenv/versions/3.10.6/envs/airflow/lib/python3.10/site-packages/airflow/example_dags/example_branch_datetime_operator.py                                  3           0  1.61s           2023-02-15T16:07:58
/Users/Emily/.pyenv/versions/3.10.6/envs/airflow/lib/python3.10/site-packages/airflow/example_dags/example_subdag_operator.py                                           3           0  1.59s           2023-02-15T16:08:31
/Users/Emily/.pyenv/versions/3.10.6/envs/airflow/lib/python3.10/site-packages/airflow/example_dags/example_datasets.py                                                  6           0  1.70s           2023-02-15T16:07:37
================================================================================
[2023-02-15T17:09:27.838+0100] {manager.py:854} INFO - 
================================================================================
DAG File Processing Stats

File Path                                                                                                                                      PID    Runtime      # DAGs    # Errors  Last Runtime    Last Run
---------------------------------------------------------------------------------------------------------------------------------------------  -----  ---------  --------  ----------  --------------  -------------------
/Users/Emily/.pyenv/versions/3.10.6/envs/airflow/lib/python3.10/site-packages/airflow/example_dags/example_local_kubernetes_executor.py                                 0           0  1.57s           2023-02-15T16:08:55
/Users/Emily/.pyenv/versions/3.10.6/envs/airflow/lib/python3.10/site-packages/airflow/example_dags/tutorial_taskflow_api_virtualenv.py                                  0           0  1.50s           2023-02-15T16:09:10
/Users/Emily/.pyenv/versions/3.10.6/envs/airflow/lib/python3.10/site-packages/airflow/example_dags/example_kubernetes_executor.py                                       0           0  1.32s           2023-02-15T16:09:01
/Users/Emily/.pyenv/versions/3.10.6/envs/airflow/lib/python3.10/site-packages/airflow/example_dags/plugins/workday.py                                                   0           0  1.73s           2023-02-15T16:09:08
/Users/Emily/.pyenv/versions/3.10.6/envs/airflow/lib/python3.10/site-packages/airflow/example_dags/subdags/subdag.py                                                    0           0  1.40s           2023-02-15T16:09:06
/Users/Emily/.pyenv/versions/3.10.6/envs/airflow/lib/python3.10/site-packages/airflow/example_dags/example_latest_only.py                                               1           0  1.44s           2023-02-15T16:09:00
/Users/Emily/.pyenv/versions/3.10.6/envs/airflow/lib/python3.10/site-packages/airflow/example_dags/example_task_group_decorator.py                                      1           0  1.39s           2023-02-15T16:08:27
/Users/Emily/.pyenv/versions/3.10.6/envs/airflow/lib/python3.10/site-packages/airflow/example_dags/example_complex.py                                                   1           0  1.70s           2023-02-15T16:07:42
/Users/Emily/.pyenv/versions/3.10.6/envs/airflow/lib/python3.10/site-packages/airflow/example_dags/example_python_operator.py                                           1           0  1.44s           2023-02-15T16:08:48
/Users/Emily/.pyenv/versions/3.10.6/envs/airflow/lib/python3.10/site-packages/airflow/example_dags/example_bash_operator.py                                             1           0  1.46s           2023-02-15T16:08:01
/Users/Emily/.pyenv/versions/3.10.6/envs/airflow/lib/python3.10/site-packages/airflow/example_dags/example_short_circuit_operator.py                                    1           0  1.42s           2023-02-15T16:08:39
/Users/Emily/.pyenv/versions/3.10.6/envs/airflow/lib/python3.10/site-packages/airflow/example_dags/example_branch_operator.py                                           1           0  1.84s           2023-02-15T16:07:50
/Users/Emily/.pyenv/versions/3.10.6/envs/airflow/lib/python3.10/site-packages/airflow/example_dags/example_branch_labels.py                                             1           0  1.49s           2023-02-15T16:07:53
/Users/Emily/.pyenv/versions/3.10.6/envs/airflow/lib/python3.10/site-packages/airflow/example_dags/tutorial_taskflow_api.py                                             1           0  1.34s           2023-02-15T16:09:13
/Users/Emily/.pyenv/versions/3.10.6/envs/airflow/lib/python3.10/site-packages/airflow/example_dags/example_task_group.py                                                1           0  1.59s           2023-02-15T16:08:30
/Users/Emily/.pyenv/versions/3.10.6/envs/airflow/lib/python3.10/site-packages/airflow/example_dags/tutorial.py                                                          1           0  1.35s           2023-02-15T16:09:16
/Users/Emily/.pyenv/versions/3.10.6/envs/airflow/lib/python3.10/site-packages/airflow/example_dags/example_sla_dag.py                                                   1           0  1.60s           2023-02-15T16:08:34
/Users/Emily/.pyenv/versions/3.10.6/envs/airflow/lib/python3.10/site-packages/airflow/example_dags/example_passing_params_via_test_command.py                           1           0  1.45s           2023-02-15T16:08:50
/Users/Emily/.pyenv/versions/3.10.6/envs/airflow/lib/python3.10/site-packages/airflow/example_dags/example_latest_only_with_trigger.py                                  1           0  1.39s           2023-02-15T16:08:57
/Users/Emily/.pyenv/versions/3.10.6/envs/airflow/lib/python3.10/site-packages/airflow/example_dags/example_time_delta_sensor_async.py                                   1           0  1.40s           2023-02-15T16:09:27
/Users/Emily/.pyenv/versions/3.10.6/envs/airflow/lib/python3.10/site-packages/airflow/example_dags/example_dag_decorator.py                                             1           0  1.67s           2023-02-15T16:07:39
/Users/Emily/.pyenv/versions/3.10.6/envs/airflow/lib/python3.10/site-packages/airflow/example_dags/example_xcom.py                                                      1           0  1.51s           2023-02-15T16:09:21
/Users/Emily/.pyenv/versions/3.10.6/envs/airflow/lib/python3.10/site-packages/airflow/example_dags/example_branch_operator_decorator.py                                 1           0  1.66s           2023-02-15T16:07:47
/Users/Emily/.pyenv/versions/3.10.6/envs/airflow/lib/python3.10/site-packages/airflow/example_dags/example_branch_day_of_week_operator.py                               1           0  1.50s           2023-02-15T16:07:55
/Users/Emily/.pyenv/versions/3.10.6/envs/airflow/lib/python3.10/site-packages/airflow/example_dags/example_skip_dag.py                                                  1           0  1.54s           2023-02-15T16:08:37
/Users/Emily/.pyenv/versions/3.10.6/envs/airflow/lib/python3.10/site-packages/airflow/example_dags/example_short_circuit_decorator.py                                   1           0  1.49s           2023-02-15T16:08:41
/Users/Emily/.pyenv/versions/3.10.6/envs/airflow/lib/python3.10/site-packages/airflow/example_dags/tutorial_dag.py                                                      1           0  1.40s           2023-02-15T16:09:14
/Users/Emily/.pyenv/versions/3.10.6/envs/airflow/lib/python3.10/site-packages/airflow/example_dags/example_trigger_target_dag.py                                        1           0  1.38s           2023-02-15T16:09:23
/Users/Emily/.pyenv/versions/3.10.6/envs/airflow/lib/python3.10/site-packages/airflow/example_dags/example_sensor_decorator.py                                          1           0  1.47s           2023-02-15T16:08:46
/Users/Emily/.pyenv/versions/3.10.6/envs/airflow/lib/python3.10/site-packages/airflow/example_dags/example_branch_python_dop_operator_3.py                              1           0  1.57s           2023-02-15T16:07:45
/Users/Emily/.pyenv/versions/3.10.6/envs/airflow/lib/python3.10/site-packages/airflow/example_dags/example_sensors.py                                                   1           0  1.50s           2023-02-15T16:08:43
/Users/Emily/.pyenv/versions/3.10.6/envs/airflow/lib/python3.10/site-packages/airflow/example_dags/example_nested_branch_dag.py                                         1           0  1.39s           2023-02-15T16:08:52
/Users/Emily/.pyenv/versions/3.10.6/envs/airflow/lib/python3.10/site-packages/airflow/example_dags/example_trigger_controller_dag.py                                    1           0  1.36s           2023-02-15T16:09:26
/Users/Emily/.pyenv/versions/3.10.6/envs/airflow/lib/python3.10/site-packages/airflow/example_dags/example_dynamic_task_mapping.py                                      1           0  1.58s           2023-02-15T16:07:34
/Users/Emily/.pyenv/versions/3.10.6/envs/airflow/lib/python3.10/site-packages/airflow/example_dags/example_external_task_marker_dag.py                                  2           0  1.42s           2023-02-15T16:09:04
/Users/Emily/.pyenv/versions/3.10.6/envs/airflow/lib/python3.10/site-packages/airflow/example_dags/example_xcomargs.py                                                  2           0  1.43s           2023-02-15T16:09:19
/Users/Emily/.pyenv/versions/3.10.6/envs/airflow/lib/python3.10/site-packages/airflow/example_dags/example_branch_datetime_operator.py                                  3           0  1.61s           2023-02-15T16:07:58
/Users/Emily/.pyenv/versions/3.10.6/envs/airflow/lib/python3.10/site-packages/airflow/example_dags/example_subdag_operator.py                                           3           0  1.59s           2023-02-15T16:08:31
/Users/Emily/.pyenv/versions/3.10.6/envs/airflow/lib/python3.10/site-packages/airflow/example_dags/example_datasets.py                                                  6           0  1.70s           2023-02-15T16:07:37
================================================================================
[2023-02-15T17:09:59.266+0100] {manager.py:854} INFO - 
================================================================================
DAG File Processing Stats

File Path                                                                                                                                      PID    Runtime      # DAGs    # Errors  Last Runtime    Last Run
---------------------------------------------------------------------------------------------------------------------------------------------  -----  ---------  --------  ----------  --------------  -------------------
/Users/Emily/.pyenv/versions/3.10.6/envs/airflow/lib/python3.10/site-packages/airflow/example_dags/example_local_kubernetes_executor.py                                 0           0  1.57s           2023-02-15T16:08:55
/Users/Emily/.pyenv/versions/3.10.6/envs/airflow/lib/python3.10/site-packages/airflow/example_dags/tutorial_taskflow_api_virtualenv.py                                  0           0  1.50s           2023-02-15T16:09:10
/Users/Emily/.pyenv/versions/3.10.6/envs/airflow/lib/python3.10/site-packages/airflow/example_dags/example_kubernetes_executor.py                                       0           0  1.32s           2023-02-15T16:09:01
/Users/Emily/.pyenv/versions/3.10.6/envs/airflow/lib/python3.10/site-packages/airflow/example_dags/plugins/workday.py                                                   0           0  1.73s           2023-02-15T16:09:08
/Users/Emily/.pyenv/versions/3.10.6/envs/airflow/lib/python3.10/site-packages/airflow/example_dags/subdags/subdag.py                                                    0           0  1.40s           2023-02-15T16:09:06
/Users/Emily/.pyenv/versions/3.10.6/envs/airflow/lib/python3.10/site-packages/airflow/example_dags/example_latest_only.py                                               1           0  1.44s           2023-02-15T16:09:00
/Users/Emily/.pyenv/versions/3.10.6/envs/airflow/lib/python3.10/site-packages/airflow/example_dags/example_task_group_decorator.py                                      1           0  1.42s           2023-02-15T16:09:30
/Users/Emily/.pyenv/versions/3.10.6/envs/airflow/lib/python3.10/site-packages/airflow/example_dags/example_complex.py                                                   1           0  1.49s           2023-02-15T16:09:47
/Users/Emily/.pyenv/versions/3.10.6/envs/airflow/lib/python3.10/site-packages/airflow/example_dags/example_python_operator.py                                           1           0  1.44s           2023-02-15T16:08:48
/Users/Emily/.pyenv/versions/3.10.6/envs/airflow/lib/python3.10/site-packages/airflow/example_dags/example_bash_operator.py                                             1           0  1.46s           2023-02-15T16:08:01
/Users/Emily/.pyenv/versions/3.10.6/envs/airflow/lib/python3.10/site-packages/airflow/example_dags/example_short_circuit_operator.py                                    1           0  1.42s           2023-02-15T16:08:39
/Users/Emily/.pyenv/versions/3.10.6/envs/airflow/lib/python3.10/site-packages/airflow/example_dags/example_branch_operator.py                                           1           0  1.48s           2023-02-15T16:09:54
/Users/Emily/.pyenv/versions/3.10.6/envs/airflow/lib/python3.10/site-packages/airflow/example_dags/example_branch_labels.py                                             1           0  1.51s           2023-02-15T16:09:56
/Users/Emily/.pyenv/versions/3.10.6/envs/airflow/lib/python3.10/site-packages/airflow/example_dags/tutorial_taskflow_api.py                                             1           0  1.34s           2023-02-15T16:09:13
/Users/Emily/.pyenv/versions/3.10.6/envs/airflow/lib/python3.10/site-packages/airflow/example_dags/example_task_group.py                                                1           0  1.48s           2023-02-15T16:09:32
/Users/Emily/.pyenv/versions/3.10.6/envs/airflow/lib/python3.10/site-packages/airflow/example_dags/tutorial.py                                                          1           0  1.35s           2023-02-15T16:09:16
/Users/Emily/.pyenv/versions/3.10.6/envs/airflow/lib/python3.10/site-packages/airflow/example_dags/example_sla_dag.py                                                   1           0  1.50s           2023-02-15T16:09:36
/Users/Emily/.pyenv/versions/3.10.6/envs/airflow/lib/python3.10/site-packages/airflow/example_dags/example_passing_params_via_test_command.py                           1           0  1.45s           2023-02-15T16:08:50
/Users/Emily/.pyenv/versions/3.10.6/envs/airflow/lib/python3.10/site-packages/airflow/example_dags/example_latest_only_with_trigger.py                                  1           0  1.39s           2023-02-15T16:08:57
/Users/Emily/.pyenv/versions/3.10.6/envs/airflow/lib/python3.10/site-packages/airflow/example_dags/example_time_delta_sensor_async.py                                   1           0  1.40s           2023-02-15T16:09:27
/Users/Emily/.pyenv/versions/3.10.6/envs/airflow/lib/python3.10/site-packages/airflow/example_dags/example_dag_decorator.py                                             1           0  1.54s           2023-02-15T16:09:45
/Users/Emily/.pyenv/versions/3.10.6/envs/airflow/lib/python3.10/site-packages/airflow/example_dags/example_xcom.py                                                      1           0  1.51s           2023-02-15T16:09:21
/Users/Emily/.pyenv/versions/3.10.6/envs/airflow/lib/python3.10/site-packages/airflow/example_dags/example_branch_operator_decorator.py                                 1           0  1.45s           2023-02-15T16:09:51
/Users/Emily/.pyenv/versions/3.10.6/envs/airflow/lib/python3.10/site-packages/airflow/example_dags/example_branch_day_of_week_operator.py                               1           0  1.45s           2023-02-15T16:09:59
/Users/Emily/.pyenv/versions/3.10.6/envs/airflow/lib/python3.10/site-packages/airflow/example_dags/example_skip_dag.py                                                  1           0  1.54s           2023-02-15T16:08:37
/Users/Emily/.pyenv/versions/3.10.6/envs/airflow/lib/python3.10/site-packages/airflow/example_dags/example_short_circuit_decorator.py                                   1           0  1.49s           2023-02-15T16:08:41
/Users/Emily/.pyenv/versions/3.10.6/envs/airflow/lib/python3.10/site-packages/airflow/example_dags/tutorial_dag.py                                                      1           0  1.40s           2023-02-15T16:09:14
/Users/Emily/.pyenv/versions/3.10.6/envs/airflow/lib/python3.10/site-packages/airflow/example_dags/example_trigger_target_dag.py                                        1           0  1.38s           2023-02-15T16:09:23
/Users/Emily/.pyenv/versions/3.10.6/envs/airflow/lib/python3.10/site-packages/airflow/example_dags/example_sensor_decorator.py                                          1           0  1.47s           2023-02-15T16:08:46
/Users/Emily/.pyenv/versions/3.10.6/envs/airflow/lib/python3.10/site-packages/airflow/example_dags/example_branch_python_dop_operator_3.py                              1           0  1.69s           2023-02-15T16:09:49
/Users/Emily/.pyenv/versions/3.10.6/envs/airflow/lib/python3.10/site-packages/airflow/example_dags/example_sensors.py                                                   1           0  1.50s           2023-02-15T16:08:43
/Users/Emily/.pyenv/versions/3.10.6/envs/airflow/lib/python3.10/site-packages/airflow/example_dags/example_nested_branch_dag.py                                         1           0  1.39s           2023-02-15T16:08:52
/Users/Emily/.pyenv/versions/3.10.6/envs/airflow/lib/python3.10/site-packages/airflow/example_dags/example_trigger_controller_dag.py                                    1           0  1.36s           2023-02-15T16:09:26
/Users/Emily/.pyenv/versions/3.10.6/envs/airflow/lib/python3.10/site-packages/airflow/example_dags/example_dynamic_task_mapping.py                                      1           0  1.72s           2023-02-15T16:09:39
/Users/Emily/.pyenv/versions/3.10.6/envs/airflow/lib/python3.10/site-packages/airflow/example_dags/example_external_task_marker_dag.py                                  2           0  1.42s           2023-02-15T16:09:04
/Users/Emily/.pyenv/versions/3.10.6/envs/airflow/lib/python3.10/site-packages/airflow/example_dags/example_xcomargs.py                                                  2           0  1.43s           2023-02-15T16:09:19
/Users/Emily/.pyenv/versions/3.10.6/envs/airflow/lib/python3.10/site-packages/airflow/example_dags/example_branch_datetime_operator.py                                  3           0  1.61s           2023-02-15T16:07:58
/Users/Emily/.pyenv/versions/3.10.6/envs/airflow/lib/python3.10/site-packages/airflow/example_dags/example_subdag_operator.py                                           3           0  1.55s           2023-02-15T16:09:34
/Users/Emily/.pyenv/versions/3.10.6/envs/airflow/lib/python3.10/site-packages/airflow/example_dags/example_datasets.py                                                  6           0  1.84s           2023-02-15T16:09:42
================================================================================
[2023-02-15T17:10:31.661+0100] {manager.py:854} INFO - 
================================================================================
DAG File Processing Stats

File Path                                                                                                                                      PID    Runtime      # DAGs    # Errors  Last Runtime    Last Run
---------------------------------------------------------------------------------------------------------------------------------------------  -----  ---------  --------  ----------  --------------  -------------------
/Users/Emily/.pyenv/versions/3.10.6/envs/airflow/lib/python3.10/site-packages/airflow/example_dags/example_local_kubernetes_executor.py                                 0           0  1.57s           2023-02-15T16:08:55
/Users/Emily/.pyenv/versions/3.10.6/envs/airflow/lib/python3.10/site-packages/airflow/example_dags/tutorial_taskflow_api_virtualenv.py                                  0           0  1.71s           2023-02-15T16:10:11
/Users/Emily/.pyenv/versions/3.10.6/envs/airflow/lib/python3.10/site-packages/airflow/example_dags/example_kubernetes_executor.py                                       0           0  1.32s           2023-02-15T16:09:01
/Users/Emily/.pyenv/versions/3.10.6/envs/airflow/lib/python3.10/site-packages/airflow/example_dags/plugins/workday.py                                                   0           0  1.73s           2023-02-15T16:10:08
/Users/Emily/.pyenv/versions/3.10.6/envs/airflow/lib/python3.10/site-packages/airflow/example_dags/subdags/subdag.py                                                    0           0  1.46s           2023-02-15T16:10:05
/Users/Emily/.pyenv/versions/3.10.6/envs/airflow/lib/python3.10/site-packages/airflow/example_dags/example_latest_only.py                                               1           0  1.44s           2023-02-15T16:09:00
/Users/Emily/.pyenv/versions/3.10.6/envs/airflow/lib/python3.10/site-packages/airflow/example_dags/example_task_group_decorator.py                                      1           0  1.42s           2023-02-15T16:09:30
/Users/Emily/.pyenv/versions/3.10.6/envs/airflow/lib/python3.10/site-packages/airflow/example_dags/example_complex.py                                                   1           0  1.49s           2023-02-15T16:09:47
/Users/Emily/.pyenv/versions/3.10.6/envs/airflow/lib/python3.10/site-packages/airflow/example_dags/example_python_operator.py                                           1           0  1.44s           2023-02-15T16:08:48
/Users/Emily/.pyenv/versions/3.10.6/envs/airflow/lib/python3.10/site-packages/airflow/example_dags/example_bash_operator.py                                             1           0  1.63s           2023-02-15T16:10:03
/Users/Emily/.pyenv/versions/3.10.6/envs/airflow/lib/python3.10/site-packages/airflow/example_dags/example_short_circuit_operator.py                                    1           0  1.42s           2023-02-15T16:08:39
/Users/Emily/.pyenv/versions/3.10.6/envs/airflow/lib/python3.10/site-packages/airflow/example_dags/example_branch_operator.py                                           1           0  1.48s           2023-02-15T16:09:54
/Users/Emily/.pyenv/versions/3.10.6/envs/airflow/lib/python3.10/site-packages/airflow/example_dags/example_branch_labels.py                                             1           0  1.51s           2023-02-15T16:09:56
/Users/Emily/.pyenv/versions/3.10.6/envs/airflow/lib/python3.10/site-packages/airflow/example_dags/tutorial_taskflow_api.py                                             1           0  1.86s           2023-02-15T16:10:13
/Users/Emily/.pyenv/versions/3.10.6/envs/airflow/lib/python3.10/site-packages/airflow/example_dags/example_task_group.py                                                1           0  1.48s           2023-02-15T16:09:32
/Users/Emily/.pyenv/versions/3.10.6/envs/airflow/lib/python3.10/site-packages/airflow/example_dags/tutorial.py                                                          1           0  1.67s           2023-02-15T16:10:19
/Users/Emily/.pyenv/versions/3.10.6/envs/airflow/lib/python3.10/site-packages/airflow/example_dags/example_sla_dag.py                                                   1           0  1.50s           2023-02-15T16:09:36
/Users/Emily/.pyenv/versions/3.10.6/envs/airflow/lib/python3.10/site-packages/airflow/example_dags/example_passing_params_via_test_command.py                           1           0  1.45s           2023-02-15T16:08:50
/Users/Emily/.pyenv/versions/3.10.6/envs/airflow/lib/python3.10/site-packages/airflow/example_dags/example_latest_only_with_trigger.py                                  1           0  1.39s           2023-02-15T16:08:57
/Users/Emily/.pyenv/versions/3.10.6/envs/airflow/lib/python3.10/site-packages/airflow/example_dags/example_time_delta_sensor_async.py                                   1           0  1.40s           2023-02-15T16:09:27
/Users/Emily/.pyenv/versions/3.10.6/envs/airflow/lib/python3.10/site-packages/airflow/example_dags/example_dag_decorator.py                                             1           0  1.54s           2023-02-15T16:09:45
/Users/Emily/.pyenv/versions/3.10.6/envs/airflow/lib/python3.10/site-packages/airflow/example_dags/example_xcom.py                                                      1           0  1.52s           2023-02-15T16:10:24
/Users/Emily/.pyenv/versions/3.10.6/envs/airflow/lib/python3.10/site-packages/airflow/example_dags/example_branch_operator_decorator.py                                 1           0  1.45s           2023-02-15T16:09:51
/Users/Emily/.pyenv/versions/3.10.6/envs/airflow/lib/python3.10/site-packages/airflow/example_dags/example_branch_day_of_week_operator.py                               1           0  1.45s           2023-02-15T16:09:59
/Users/Emily/.pyenv/versions/3.10.6/envs/airflow/lib/python3.10/site-packages/airflow/example_dags/example_skip_dag.py                                                  1           0  1.54s           2023-02-15T16:08:37
/Users/Emily/.pyenv/versions/3.10.6/envs/airflow/lib/python3.10/site-packages/airflow/example_dags/example_short_circuit_decorator.py                                   1           0  1.49s           2023-02-15T16:08:41
/Users/Emily/.pyenv/versions/3.10.6/envs/airflow/lib/python3.10/site-packages/airflow/example_dags/tutorial_dag.py                                                      1           0  1.58s           2023-02-15T16:10:16
/Users/Emily/.pyenv/versions/3.10.6/envs/airflow/lib/python3.10/site-packages/airflow/example_dags/example_trigger_target_dag.py                                        1           0  1.44s           2023-02-15T16:10:27
/Users/Emily/.pyenv/versions/3.10.6/envs/airflow/lib/python3.10/site-packages/airflow/example_dags/example_sensor_decorator.py                                          1           0  1.47s           2023-02-15T16:08:46
/Users/Emily/.pyenv/versions/3.10.6/envs/airflow/lib/python3.10/site-packages/airflow/example_dags/example_branch_python_dop_operator_3.py                              1           0  1.69s           2023-02-15T16:09:49
/Users/Emily/.pyenv/versions/3.10.6/envs/airflow/lib/python3.10/site-packages/airflow/example_dags/example_sensors.py                                                   1           0  1.50s           2023-02-15T16:08:43
/Users/Emily/.pyenv/versions/3.10.6/envs/airflow/lib/python3.10/site-packages/airflow/example_dags/example_nested_branch_dag.py                                         1           0  1.39s           2023-02-15T16:08:52
/Users/Emily/.pyenv/versions/3.10.6/envs/airflow/lib/python3.10/site-packages/airflow/example_dags/example_trigger_controller_dag.py                                    1           0  1.67s           2023-02-15T16:10:31
/Users/Emily/.pyenv/versions/3.10.6/envs/airflow/lib/python3.10/site-packages/airflow/example_dags/example_dynamic_task_mapping.py                                      1           0  1.72s           2023-02-15T16:09:39
/Users/Emily/.pyenv/versions/3.10.6/envs/airflow/lib/python3.10/site-packages/airflow/example_dags/example_external_task_marker_dag.py                                  2           0  1.42s           2023-02-15T16:09:04
/Users/Emily/.pyenv/versions/3.10.6/envs/airflow/lib/python3.10/site-packages/airflow/example_dags/example_xcomargs.py                                                  2           0  1.46s           2023-02-15T16:10:21
/Users/Emily/.pyenv/versions/3.10.6/envs/airflow/lib/python3.10/site-packages/airflow/example_dags/example_branch_datetime_operator.py                                  3           0  1.48s           2023-02-15T16:10:01
/Users/Emily/.pyenv/versions/3.10.6/envs/airflow/lib/python3.10/site-packages/airflow/example_dags/example_subdag_operator.py                                           3           0  1.55s           2023-02-15T16:09:34
/Users/Emily/.pyenv/versions/3.10.6/envs/airflow/lib/python3.10/site-packages/airflow/example_dags/example_datasets.py                                                  6           0  1.84s           2023-02-15T16:09:42
================================================================================
[2023-02-15T17:11:02.131+0100] {manager.py:854} INFO - 
================================================================================
DAG File Processing Stats

File Path                                                                                                                                      PID    Runtime      # DAGs    # Errors  Last Runtime    Last Run
---------------------------------------------------------------------------------------------------------------------------------------------  -----  ---------  --------  ----------  --------------  -------------------
/Users/Emily/.pyenv/versions/3.10.6/envs/airflow/lib/python3.10/site-packages/airflow/example_dags/example_local_kubernetes_executor.py                                 0           0  1.57s           2023-02-15T16:08:55
/Users/Emily/.pyenv/versions/3.10.6/envs/airflow/lib/python3.10/site-packages/airflow/example_dags/tutorial_taskflow_api_virtualenv.py                                  0           0  1.71s           2023-02-15T16:10:11
/Users/Emily/.pyenv/versions/3.10.6/envs/airflow/lib/python3.10/site-packages/airflow/example_dags/example_kubernetes_executor.py                                       0           0  1.32s           2023-02-15T16:09:01
/Users/Emily/.pyenv/versions/3.10.6/envs/airflow/lib/python3.10/site-packages/airflow/example_dags/plugins/workday.py                                                   0           0  1.73s           2023-02-15T16:10:08
/Users/Emily/.pyenv/versions/3.10.6/envs/airflow/lib/python3.10/site-packages/airflow/example_dags/subdags/subdag.py                                                    0           0  1.46s           2023-02-15T16:10:05
/Users/Emily/.pyenv/versions/3.10.6/envs/airflow/lib/python3.10/site-packages/airflow/example_dags/example_latest_only.py                                               1           0  1.44s           2023-02-15T16:09:00
/Users/Emily/.pyenv/versions/3.10.6/envs/airflow/lib/python3.10/site-packages/airflow/example_dags/example_task_group_decorator.py                                      1           0  1.79s           2023-02-15T16:10:38
/Users/Emily/.pyenv/versions/3.10.6/envs/airflow/lib/python3.10/site-packages/airflow/example_dags/example_complex.py                                                   1           0  1.49s           2023-02-15T16:09:47
/Users/Emily/.pyenv/versions/3.10.6/envs/airflow/lib/python3.10/site-packages/airflow/example_dags/example_python_operator.py                                           1           0  1.84s           2023-02-15T16:10:57
/Users/Emily/.pyenv/versions/3.10.6/envs/airflow/lib/python3.10/site-packages/airflow/example_dags/example_bash_operator.py                                             1           0  1.63s           2023-02-15T16:10:03
/Users/Emily/.pyenv/versions/3.10.6/envs/airflow/lib/python3.10/site-packages/airflow/example_dags/example_short_circuit_operator.py                                    1           0  1.58s           2023-02-15T16:10:47
/Users/Emily/.pyenv/versions/3.10.6/envs/airflow/lib/python3.10/site-packages/airflow/example_dags/example_branch_operator.py                                           1           0  1.48s           2023-02-15T16:09:54
/Users/Emily/.pyenv/versions/3.10.6/envs/airflow/lib/python3.10/site-packages/airflow/example_dags/example_branch_labels.py                                             1           0  1.51s           2023-02-15T16:09:56
/Users/Emily/.pyenv/versions/3.10.6/envs/airflow/lib/python3.10/site-packages/airflow/example_dags/tutorial_taskflow_api.py                                             1           0  1.86s           2023-02-15T16:10:13
/Users/Emily/.pyenv/versions/3.10.6/envs/airflow/lib/python3.10/site-packages/airflow/example_dags/example_task_group.py                                                1           0  1.89s           2023-02-15T16:10:40
/Users/Emily/.pyenv/versions/3.10.6/envs/airflow/lib/python3.10/site-packages/airflow/example_dags/tutorial.py                                                          1           0  1.67s           2023-02-15T16:10:19
/Users/Emily/.pyenv/versions/3.10.6/envs/airflow/lib/python3.10/site-packages/airflow/example_dags/example_sla_dag.py                                                   1           0  1.50s           2023-02-15T16:09:36
/Users/Emily/.pyenv/versions/3.10.6/envs/airflow/lib/python3.10/site-packages/airflow/example_dags/example_passing_params_via_test_command.py                           1           0  1.60s           2023-02-15T16:10:59
/Users/Emily/.pyenv/versions/3.10.6/envs/airflow/lib/python3.10/site-packages/airflow/example_dags/example_latest_only_with_trigger.py                                  1           0  1.39s           2023-02-15T16:08:57
/Users/Emily/.pyenv/versions/3.10.6/envs/airflow/lib/python3.10/site-packages/airflow/example_dags/example_time_delta_sensor_async.py                                   1           0  1.85s           2023-02-15T16:10:35
/Users/Emily/.pyenv/versions/3.10.6/envs/airflow/lib/python3.10/site-packages/airflow/example_dags/example_dag_decorator.py                                             1           0  1.54s           2023-02-15T16:09:45
/Users/Emily/.pyenv/versions/3.10.6/envs/airflow/lib/python3.10/site-packages/airflow/example_dags/example_xcom.py                                                      1           0  1.52s           2023-02-15T16:10:24
/Users/Emily/.pyenv/versions/3.10.6/envs/airflow/lib/python3.10/site-packages/airflow/example_dags/example_branch_operator_decorator.py                                 1           0  1.45s           2023-02-15T16:09:51
/Users/Emily/.pyenv/versions/3.10.6/envs/airflow/lib/python3.10/site-packages/airflow/example_dags/example_branch_day_of_week_operator.py                               1           0  1.45s           2023-02-15T16:09:59
/Users/Emily/.pyenv/versions/3.10.6/envs/airflow/lib/python3.10/site-packages/airflow/example_dags/example_skip_dag.py                                                  1           0  1.59s           2023-02-15T16:10:45
/Users/Emily/.pyenv/versions/3.10.6/envs/airflow/lib/python3.10/site-packages/airflow/example_dags/example_short_circuit_decorator.py                                   1           0  1.61s           2023-02-15T16:10:50
/Users/Emily/.pyenv/versions/3.10.6/envs/airflow/lib/python3.10/site-packages/airflow/example_dags/tutorial_dag.py                                                      1           0  1.58s           2023-02-15T16:10:16
/Users/Emily/.pyenv/versions/3.10.6/envs/airflow/lib/python3.10/site-packages/airflow/example_dags/example_trigger_target_dag.py                                        1           0  1.44s           2023-02-15T16:10:27
/Users/Emily/.pyenv/versions/3.10.6/envs/airflow/lib/python3.10/site-packages/airflow/example_dags/example_sensor_decorator.py                                          1           0  1.79s           2023-02-15T16:10:55
/Users/Emily/.pyenv/versions/3.10.6/envs/airflow/lib/python3.10/site-packages/airflow/example_dags/example_branch_python_dop_operator_3.py                              1           0  1.69s           2023-02-15T16:09:49
/Users/Emily/.pyenv/versions/3.10.6/envs/airflow/lib/python3.10/site-packages/airflow/example_dags/example_sensors.py                                                   1           0  1.64s           2023-02-15T16:10:52
/Users/Emily/.pyenv/versions/3.10.6/envs/airflow/lib/python3.10/site-packages/airflow/example_dags/example_nested_branch_dag.py                                         1           0  1.48s           2023-02-15T16:11:02
/Users/Emily/.pyenv/versions/3.10.6/envs/airflow/lib/python3.10/site-packages/airflow/example_dags/example_trigger_controller_dag.py                                    1           0  1.67s           2023-02-15T16:10:31
/Users/Emily/.pyenv/versions/3.10.6/envs/airflow/lib/python3.10/site-packages/airflow/example_dags/example_dynamic_task_mapping.py                                      1           0  1.72s           2023-02-15T16:09:39
/Users/Emily/.pyenv/versions/3.10.6/envs/airflow/lib/python3.10/site-packages/airflow/example_dags/example_external_task_marker_dag.py                                  2           0  1.42s           2023-02-15T16:09:04
/Users/Emily/.pyenv/versions/3.10.6/envs/airflow/lib/python3.10/site-packages/airflow/example_dags/example_xcomargs.py                                                  2           0  1.46s           2023-02-15T16:10:21
/Users/Emily/.pyenv/versions/3.10.6/envs/airflow/lib/python3.10/site-packages/airflow/example_dags/example_branch_datetime_operator.py                                  3           0  1.48s           2023-02-15T16:10:01
/Users/Emily/.pyenv/versions/3.10.6/envs/airflow/lib/python3.10/site-packages/airflow/example_dags/example_subdag_operator.py                                           3           0  1.86s           2023-02-15T16:10:43
/Users/Emily/.pyenv/versions/3.10.6/envs/airflow/lib/python3.10/site-packages/airflow/example_dags/example_datasets.py                                                  6           0  1.84s           2023-02-15T16:09:42
================================================================================
[2023-02-15T17:11:20.089+0100] {manager.py:726} INFO - Searching for files in /Users/Emily/code/emilycardwell/airflow-intro/dags
[2023-02-15T17:11:20.107+0100] {manager.py:729} INFO - There are 39 files in /Users/Emily/code/emilycardwell/airflow-intro/dags
[2023-02-15T17:11:33.872+0100] {manager.py:854} INFO - 
================================================================================
DAG File Processing Stats

File Path                                                                                                                                      PID    Runtime      # DAGs    # Errors  Last Runtime    Last Run
---------------------------------------------------------------------------------------------------------------------------------------------  -----  ---------  --------  ----------  --------------  -------------------
/Users/Emily/.pyenv/versions/3.10.6/envs/airflow/lib/python3.10/site-packages/airflow/example_dags/example_local_kubernetes_executor.py                                 0           0  1.40s           2023-02-15T16:11:04
/Users/Emily/.pyenv/versions/3.10.6/envs/airflow/lib/python3.10/site-packages/airflow/example_dags/tutorial_taskflow_api_virtualenv.py                                  0           0  1.81s           2023-02-15T16:11:21
/Users/Emily/.pyenv/versions/3.10.6/envs/airflow/lib/python3.10/site-packages/airflow/example_dags/example_kubernetes_executor.py                                       0           0  1.65s           2023-02-15T16:11:11
/Users/Emily/.pyenv/versions/3.10.6/envs/airflow/lib/python3.10/site-packages/airflow/example_dags/plugins/workday.py                                                   0           0  1.76s           2023-02-15T16:11:19
/Users/Emily/.pyenv/versions/3.10.6/envs/airflow/lib/python3.10/site-packages/airflow/example_dags/subdags/subdag.py                                                    0           0  1.68s           2023-02-15T16:11:16
/Users/Emily/.pyenv/versions/3.10.6/envs/airflow/lib/python3.10/site-packages/airflow/example_dags/example_latest_only.py                                               1           0  1.37s           2023-02-15T16:11:08
/Users/Emily/.pyenv/versions/3.10.6/envs/airflow/lib/python3.10/site-packages/airflow/example_dags/example_task_group_decorator.py                                      1           0  1.79s           2023-02-15T16:10:38
/Users/Emily/.pyenv/versions/3.10.6/envs/airflow/lib/python3.10/site-packages/airflow/example_dags/example_complex.py                                                   1           0  1.49s           2023-02-15T16:09:47
/Users/Emily/.pyenv/versions/3.10.6/envs/airflow/lib/python3.10/site-packages/airflow/example_dags/example_python_operator.py                                           1           0  1.84s           2023-02-15T16:10:57
/Users/Emily/.pyenv/versions/3.10.6/envs/airflow/lib/python3.10/site-packages/airflow/example_dags/example_bash_operator.py                                             1           0  1.63s           2023-02-15T16:10:03
/Users/Emily/.pyenv/versions/3.10.6/envs/airflow/lib/python3.10/site-packages/airflow/example_dags/example_short_circuit_operator.py                                    1           0  1.58s           2023-02-15T16:10:47
/Users/Emily/.pyenv/versions/3.10.6/envs/airflow/lib/python3.10/site-packages/airflow/example_dags/example_branch_operator.py                                           1           0  1.48s           2023-02-15T16:09:54
/Users/Emily/.pyenv/versions/3.10.6/envs/airflow/lib/python3.10/site-packages/airflow/example_dags/example_branch_labels.py                                             1           0  1.51s           2023-02-15T16:09:56
/Users/Emily/.pyenv/versions/3.10.6/envs/airflow/lib/python3.10/site-packages/airflow/example_dags/tutorial_taskflow_api.py                                             1           0  1.82s           2023-02-15T16:11:24
/Users/Emily/.pyenv/versions/3.10.6/envs/airflow/lib/python3.10/site-packages/airflow/example_dags/example_task_group.py                                                1           0  1.89s           2023-02-15T16:10:40
/Users/Emily/.pyenv/versions/3.10.6/envs/airflow/lib/python3.10/site-packages/airflow/example_dags/tutorial.py                                                          1           0  2.01s           2023-02-15T16:11:30
/Users/Emily/.pyenv/versions/3.10.6/envs/airflow/lib/python3.10/site-packages/airflow/example_dags/example_sla_dag.py                                                   1           0  1.50s           2023-02-15T16:09:36
/Users/Emily/.pyenv/versions/3.10.6/envs/airflow/lib/python3.10/site-packages/airflow/example_dags/example_passing_params_via_test_command.py                           1           0  1.60s           2023-02-15T16:10:59
/Users/Emily/.pyenv/versions/3.10.6/envs/airflow/lib/python3.10/site-packages/airflow/example_dags/example_latest_only_with_trigger.py                                  1           0  1.55s           2023-02-15T16:11:06
/Users/Emily/.pyenv/versions/3.10.6/envs/airflow/lib/python3.10/site-packages/airflow/example_dags/example_time_delta_sensor_async.py                                   1           0  1.85s           2023-02-15T16:10:35
/Users/Emily/.pyenv/versions/3.10.6/envs/airflow/lib/python3.10/site-packages/airflow/example_dags/example_dag_decorator.py                                             1           0  1.54s           2023-02-15T16:09:45
/Users/Emily/.pyenv/versions/3.10.6/envs/airflow/lib/python3.10/site-packages/airflow/example_dags/example_xcom.py                                                      1           0  1.52s           2023-02-15T16:10:24
/Users/Emily/.pyenv/versions/3.10.6/envs/airflow/lib/python3.10/site-packages/airflow/example_dags/example_branch_operator_decorator.py                                 1           0  1.45s           2023-02-15T16:09:51
/Users/Emily/.pyenv/versions/3.10.6/envs/airflow/lib/python3.10/site-packages/airflow/example_dags/example_branch_day_of_week_operator.py                               1           0  1.45s           2023-02-15T16:09:59
/Users/Emily/.pyenv/versions/3.10.6/envs/airflow/lib/python3.10/site-packages/airflow/example_dags/example_skip_dag.py                                                  1           0  1.59s           2023-02-15T16:10:45
/Users/Emily/.pyenv/versions/3.10.6/envs/airflow/lib/python3.10/site-packages/airflow/example_dags/example_short_circuit_decorator.py                                   1           0  1.61s           2023-02-15T16:10:50
/Users/Emily/.pyenv/versions/3.10.6/envs/airflow/lib/python3.10/site-packages/airflow/example_dags/tutorial_dag.py                                                      1           0  1.86s           2023-02-15T16:11:27
/Users/Emily/.pyenv/versions/3.10.6/envs/airflow/lib/python3.10/site-packages/airflow/example_dags/example_trigger_target_dag.py                                        1           0  1.44s           2023-02-15T16:10:27
/Users/Emily/.pyenv/versions/3.10.6/envs/airflow/lib/python3.10/site-packages/airflow/example_dags/example_sensor_decorator.py                                          1           0  1.79s           2023-02-15T16:10:55
/Users/Emily/.pyenv/versions/3.10.6/envs/airflow/lib/python3.10/site-packages/airflow/example_dags/example_branch_python_dop_operator_3.py                              1           0  1.69s           2023-02-15T16:09:49
/Users/Emily/.pyenv/versions/3.10.6/envs/airflow/lib/python3.10/site-packages/airflow/example_dags/example_sensors.py                                                   1           0  1.64s           2023-02-15T16:10:52
/Users/Emily/.pyenv/versions/3.10.6/envs/airflow/lib/python3.10/site-packages/airflow/example_dags/example_nested_branch_dag.py                                         1           0  1.48s           2023-02-15T16:11:02
/Users/Emily/.pyenv/versions/3.10.6/envs/airflow/lib/python3.10/site-packages/airflow/example_dags/example_trigger_controller_dag.py                                    1           0  1.67s           2023-02-15T16:10:31
/Users/Emily/.pyenv/versions/3.10.6/envs/airflow/lib/python3.10/site-packages/airflow/example_dags/example_dynamic_task_mapping.py                                      1           0  1.72s           2023-02-15T16:09:39
/Users/Emily/.pyenv/versions/3.10.6/envs/airflow/lib/python3.10/site-packages/airflow/example_dags/example_external_task_marker_dag.py                                  2           0  1.60s           2023-02-15T16:11:13
/Users/Emily/.pyenv/versions/3.10.6/envs/airflow/lib/python3.10/site-packages/airflow/example_dags/example_xcomargs.py                                                  2           0  2.06s           2023-02-15T16:11:33
/Users/Emily/.pyenv/versions/3.10.6/envs/airflow/lib/python3.10/site-packages/airflow/example_dags/example_branch_datetime_operator.py                                  3           0  1.48s           2023-02-15T16:10:01
/Users/Emily/.pyenv/versions/3.10.6/envs/airflow/lib/python3.10/site-packages/airflow/example_dags/example_subdag_operator.py                                           3           0  1.86s           2023-02-15T16:10:43
/Users/Emily/.pyenv/versions/3.10.6/envs/airflow/lib/python3.10/site-packages/airflow/example_dags/example_datasets.py                                                  6           0  1.84s           2023-02-15T16:09:42
================================================================================
[2023-02-15T17:11:49.115+0100] {manager.py:465} INFO - Exiting gracefully upon receiving signal 15
