[2023-02-15T17:06:18.998+0100] {processor.py:153} INFO - Started process (PID=57030) to work on /Users/Emily/.pyenv/versions/3.10.6/envs/airflow/lib/python3.10/site-packages/airflow/example_dags/subdags/subdag.py
[2023-02-15T17:06:19.002+0100] {processor.py:743} INFO - Processing file /Users/Emily/.pyenv/versions/3.10.6/envs/airflow/lib/python3.10/site-packages/airflow/example_dags/subdags/subdag.py for tasks to queue
[2023-02-15T17:06:19.002+0100] {logging_mixin.py:137} INFO - [2023-02-15T17:06:19.002+0100] {dagbag.py:538} INFO - Filling up the DagBag from /Users/Emily/.pyenv/versions/3.10.6/envs/airflow/lib/python3.10/site-packages/airflow/example_dags/subdags/subdag.py
[2023-02-15T17:06:19.013+0100] {processor.py:755} WARNING - No viable dags retrieved from /Users/Emily/.pyenv/versions/3.10.6/envs/airflow/lib/python3.10/site-packages/airflow/example_dags/subdags/subdag.py
[2023-02-15T17:06:19.612+0100] {processor.py:175} INFO - Processing /Users/Emily/.pyenv/versions/3.10.6/envs/airflow/lib/python3.10/site-packages/airflow/example_dags/subdags/subdag.py took 0.614 seconds
[2023-02-15T17:08:02.687+0100] {processor.py:153} INFO - Started process (PID=57115) to work on /Users/Emily/.pyenv/versions/3.10.6/envs/airflow/lib/python3.10/site-packages/airflow/example_dags/subdags/subdag.py
[2023-02-15T17:08:02.692+0100] {processor.py:743} INFO - Processing file /Users/Emily/.pyenv/versions/3.10.6/envs/airflow/lib/python3.10/site-packages/airflow/example_dags/subdags/subdag.py for tasks to queue
[2023-02-15T17:08:02.693+0100] {logging_mixin.py:137} INFO - [2023-02-15T17:08:02.693+0100] {dagbag.py:538} INFO - Filling up the DagBag from /Users/Emily/.pyenv/versions/3.10.6/envs/airflow/lib/python3.10/site-packages/airflow/example_dags/subdags/subdag.py
[2023-02-15T17:08:02.708+0100] {processor.py:755} WARNING - No viable dags retrieved from /Users/Emily/.pyenv/versions/3.10.6/envs/airflow/lib/python3.10/site-packages/airflow/example_dags/subdags/subdag.py
[2023-02-15T17:08:03.288+0100] {processor.py:175} INFO - Processing /Users/Emily/.pyenv/versions/3.10.6/envs/airflow/lib/python3.10/site-packages/airflow/example_dags/subdags/subdag.py took 0.602 seconds
[2023-02-15T17:09:05.594+0100] {processor.py:153} INFO - Started process (PID=57164) to work on /Users/Emily/.pyenv/versions/3.10.6/envs/airflow/lib/python3.10/site-packages/airflow/example_dags/subdags/subdag.py
[2023-02-15T17:09:05.597+0100] {processor.py:743} INFO - Processing file /Users/Emily/.pyenv/versions/3.10.6/envs/airflow/lib/python3.10/site-packages/airflow/example_dags/subdags/subdag.py for tasks to queue
[2023-02-15T17:09:05.598+0100] {logging_mixin.py:137} INFO - [2023-02-15T17:09:05.598+0100] {dagbag.py:538} INFO - Filling up the DagBag from /Users/Emily/.pyenv/versions/3.10.6/envs/airflow/lib/python3.10/site-packages/airflow/example_dags/subdags/subdag.py
[2023-02-15T17:09:05.607+0100] {processor.py:755} WARNING - No viable dags retrieved from /Users/Emily/.pyenv/versions/3.10.6/envs/airflow/lib/python3.10/site-packages/airflow/example_dags/subdags/subdag.py
[2023-02-15T17:09:06.278+0100] {processor.py:175} INFO - Processing /Users/Emily/.pyenv/versions/3.10.6/envs/airflow/lib/python3.10/site-packages/airflow/example_dags/subdags/subdag.py took 0.684 seconds
[2023-02-15T17:10:05.096+0100] {processor.py:153} INFO - Started process (PID=57216) to work on /Users/Emily/.pyenv/versions/3.10.6/envs/airflow/lib/python3.10/site-packages/airflow/example_dags/subdags/subdag.py
[2023-02-15T17:10:05.100+0100] {processor.py:743} INFO - Processing file /Users/Emily/.pyenv/versions/3.10.6/envs/airflow/lib/python3.10/site-packages/airflow/example_dags/subdags/subdag.py for tasks to queue
[2023-02-15T17:10:05.100+0100] {logging_mixin.py:137} INFO - [2023-02-15T17:10:05.100+0100] {dagbag.py:538} INFO - Filling up the DagBag from /Users/Emily/.pyenv/versions/3.10.6/envs/airflow/lib/python3.10/site-packages/airflow/example_dags/subdags/subdag.py
[2023-02-15T17:10:05.110+0100] {processor.py:755} WARNING - No viable dags retrieved from /Users/Emily/.pyenv/versions/3.10.6/envs/airflow/lib/python3.10/site-packages/airflow/example_dags/subdags/subdag.py
[2023-02-15T17:10:05.737+0100] {processor.py:175} INFO - Processing /Users/Emily/.pyenv/versions/3.10.6/envs/airflow/lib/python3.10/site-packages/airflow/example_dags/subdags/subdag.py took 0.642 seconds
[2023-02-15T17:11:15.625+0100] {processor.py:153} INFO - Started process (PID=57296) to work on /Users/Emily/.pyenv/versions/3.10.6/envs/airflow/lib/python3.10/site-packages/airflow/example_dags/subdags/subdag.py
[2023-02-15T17:11:15.630+0100] {processor.py:743} INFO - Processing file /Users/Emily/.pyenv/versions/3.10.6/envs/airflow/lib/python3.10/site-packages/airflow/example_dags/subdags/subdag.py for tasks to queue
[2023-02-15T17:11:15.630+0100] {logging_mixin.py:137} INFO - [2023-02-15T17:11:15.630+0100] {dagbag.py:538} INFO - Filling up the DagBag from /Users/Emily/.pyenv/versions/3.10.6/envs/airflow/lib/python3.10/site-packages/airflow/example_dags/subdags/subdag.py
[2023-02-15T17:11:15.643+0100] {processor.py:755} WARNING - No viable dags retrieved from /Users/Emily/.pyenv/versions/3.10.6/envs/airflow/lib/python3.10/site-packages/airflow/example_dags/subdags/subdag.py
[2023-02-15T17:11:16.377+0100] {processor.py:175} INFO - Processing /Users/Emily/.pyenv/versions/3.10.6/envs/airflow/lib/python3.10/site-packages/airflow/example_dags/subdags/subdag.py took 0.753 seconds
