[2023-02-15T17:07:57.566+0100] {processor.py:153} INFO - Started process (PID=57111) to work on /Users/Emily/.pyenv/versions/3.10.6/envs/airflow/lib/python3.10/site-packages/airflow/example_dags/example_branch_datetime_operator.py
[2023-02-15T17:07:57.570+0100] {processor.py:743} INFO - Processing file /Users/Emily/.pyenv/versions/3.10.6/envs/airflow/lib/python3.10/site-packages/airflow/example_dags/example_branch_datetime_operator.py for tasks to queue
[2023-02-15T17:07:57.570+0100] {logging_mixin.py:137} INFO - [2023-02-15T17:07:57.570+0100] {dagbag.py:538} INFO - Filling up the DagBag from /Users/Emily/.pyenv/versions/3.10.6/envs/airflow/lib/python3.10/site-packages/airflow/example_dags/example_branch_datetime_operator.py
[2023-02-15T17:07:57.597+0100] {processor.py:753} INFO - DAG(s) dict_keys(['example_branch_datetime_operator_2', 'example_branch_datetime_operator_3', 'example_branch_datetime_operator']) retrieved from /Users/Emily/.pyenv/versions/3.10.6/envs/airflow/lib/python3.10/site-packages/airflow/example_dags/example_branch_datetime_operator.py
[2023-02-15T17:07:58.300+0100] {logging_mixin.py:137} INFO - [2023-02-15T17:07:58.300+0100] {manager.py:504} INFO - Created Permission View: can edit on DAG:example_branch_datetime_operator_2
[2023-02-15T17:07:58.307+0100] {logging_mixin.py:137} INFO - [2023-02-15T17:07:58.307+0100] {manager.py:504} INFO - Created Permission View: can read on DAG:example_branch_datetime_operator_2
[2023-02-15T17:07:58.312+0100] {logging_mixin.py:137} INFO - [2023-02-15T17:07:58.312+0100] {manager.py:504} INFO - Created Permission View: can delete on DAG:example_branch_datetime_operator_2
[2023-02-15T17:07:58.322+0100] {logging_mixin.py:137} INFO - [2023-02-15T17:07:58.321+0100] {manager.py:504} INFO - Created Permission View: can edit on DAG:example_branch_datetime_operator_3
[2023-02-15T17:07:58.326+0100] {logging_mixin.py:137} INFO - [2023-02-15T17:07:58.326+0100] {manager.py:504} INFO - Created Permission View: can read on DAG:example_branch_datetime_operator_3
[2023-02-15T17:07:58.331+0100] {logging_mixin.py:137} INFO - [2023-02-15T17:07:58.331+0100] {manager.py:504} INFO - Created Permission View: can delete on DAG:example_branch_datetime_operator_3
[2023-02-15T17:07:58.340+0100] {logging_mixin.py:137} INFO - [2023-02-15T17:07:58.340+0100] {manager.py:504} INFO - Created Permission View: can edit on DAG:example_branch_datetime_operator
[2023-02-15T17:07:58.345+0100] {logging_mixin.py:137} INFO - [2023-02-15T17:07:58.345+0100] {manager.py:504} INFO - Created Permission View: can read on DAG:example_branch_datetime_operator
[2023-02-15T17:07:58.349+0100] {logging_mixin.py:137} INFO - [2023-02-15T17:07:58.349+0100] {manager.py:504} INFO - Created Permission View: can delete on DAG:example_branch_datetime_operator
[2023-02-15T17:07:58.349+0100] {logging_mixin.py:137} INFO - [2023-02-15T17:07:58.349+0100] {dag.py:2690} INFO - Sync 3 DAGs
[2023-02-15T17:07:58.356+0100] {logging_mixin.py:137} INFO - [2023-02-15T17:07:58.356+0100] {dag.py:2711} INFO - Creating ORM DAG for example_branch_datetime_operator_3
[2023-02-15T17:07:58.357+0100] {logging_mixin.py:137} INFO - [2023-02-15T17:07:58.357+0100] {dag.py:2711} INFO - Creating ORM DAG for example_branch_datetime_operator_2
[2023-02-15T17:07:58.357+0100] {logging_mixin.py:137} INFO - [2023-02-15T17:07:58.357+0100] {dag.py:2711} INFO - Creating ORM DAG for example_branch_datetime_operator
[2023-02-15T17:07:58.364+0100] {logging_mixin.py:137} INFO - [2023-02-15T17:07:58.363+0100] {dag.py:3437} INFO - Setting next_dagrun for example_branch_datetime_operator to 2023-02-14T00:00:00+00:00, run_after=2023-02-15T00:00:00+00:00
[2023-02-15T17:07:58.365+0100] {logging_mixin.py:137} INFO - [2023-02-15T17:07:58.365+0100] {dag.py:3437} INFO - Setting next_dagrun for example_branch_datetime_operator_2 to 2023-02-14T00:00:00+00:00, run_after=2023-02-15T00:00:00+00:00
[2023-02-15T17:07:58.366+0100] {logging_mixin.py:137} INFO - [2023-02-15T17:07:58.366+0100] {dag.py:3437} INFO - Setting next_dagrun for example_branch_datetime_operator_3 to 2023-02-14T00:00:00+00:00, run_after=2023-02-15T00:00:00+00:00
[2023-02-15T17:07:58.378+0100] {processor.py:175} INFO - Processing /Users/Emily/.pyenv/versions/3.10.6/envs/airflow/lib/python3.10/site-packages/airflow/example_dags/example_branch_datetime_operator.py took 0.814 seconds
[2023-02-15T17:10:00.850+0100] {processor.py:153} INFO - Started process (PID=57213) to work on /Users/Emily/.pyenv/versions/3.10.6/envs/airflow/lib/python3.10/site-packages/airflow/example_dags/example_branch_datetime_operator.py
[2023-02-15T17:10:00.854+0100] {processor.py:743} INFO - Processing file /Users/Emily/.pyenv/versions/3.10.6/envs/airflow/lib/python3.10/site-packages/airflow/example_dags/example_branch_datetime_operator.py for tasks to queue
[2023-02-15T17:10:00.855+0100] {logging_mixin.py:137} INFO - [2023-02-15T17:10:00.855+0100] {dagbag.py:538} INFO - Filling up the DagBag from /Users/Emily/.pyenv/versions/3.10.6/envs/airflow/lib/python3.10/site-packages/airflow/example_dags/example_branch_datetime_operator.py
[2023-02-15T17:10:00.879+0100] {processor.py:753} INFO - DAG(s) dict_keys(['example_branch_datetime_operator_3', 'example_branch_datetime_operator_2', 'example_branch_datetime_operator']) retrieved from /Users/Emily/.pyenv/versions/3.10.6/envs/airflow/lib/python3.10/site-packages/airflow/example_dags/example_branch_datetime_operator.py
[2023-02-15T17:10:01.507+0100] {logging_mixin.py:137} INFO - [2023-02-15T17:10:01.506+0100] {dag.py:2690} INFO - Sync 3 DAGs
[2023-02-15T17:10:01.522+0100] {logging_mixin.py:137} INFO - [2023-02-15T17:10:01.522+0100] {dag.py:3437} INFO - Setting next_dagrun for example_branch_datetime_operator to 2023-02-14T00:00:00+00:00, run_after=2023-02-15T00:00:00+00:00
[2023-02-15T17:10:01.525+0100] {logging_mixin.py:137} INFO - [2023-02-15T17:10:01.525+0100] {dag.py:3437} INFO - Setting next_dagrun for example_branch_datetime_operator_2 to 2023-02-14T00:00:00+00:00, run_after=2023-02-15T00:00:00+00:00
[2023-02-15T17:10:01.527+0100] {logging_mixin.py:137} INFO - [2023-02-15T17:10:01.527+0100] {dag.py:3437} INFO - Setting next_dagrun for example_branch_datetime_operator_3 to 2023-02-14T00:00:00+00:00, run_after=2023-02-15T00:00:00+00:00
[2023-02-15T17:10:01.539+0100] {processor.py:175} INFO - Processing /Users/Emily/.pyenv/versions/3.10.6/envs/airflow/lib/python3.10/site-packages/airflow/example_dags/example_branch_datetime_operator.py took 0.690 seconds
