[2023-02-15T17:06:46.826+0100] {processor.py:153} INFO - Started process (PID=57053) to work on /Users/Emily/.pyenv/versions/3.10.6/envs/airflow/lib/python3.10/site-packages/airflow/example_dags/example_task_group_decorator.py
[2023-02-15T17:06:46.831+0100] {processor.py:743} INFO - Processing file /Users/Emily/.pyenv/versions/3.10.6/envs/airflow/lib/python3.10/site-packages/airflow/example_dags/example_task_group_decorator.py for tasks to queue
[2023-02-15T17:06:46.831+0100] {logging_mixin.py:137} INFO - [2023-02-15T17:06:46.831+0100] {dagbag.py:538} INFO - Filling up the DagBag from /Users/Emily/.pyenv/versions/3.10.6/envs/airflow/lib/python3.10/site-packages/airflow/example_dags/example_task_group_decorator.py
[2023-02-15T17:06:46.878+0100] {processor.py:753} INFO - DAG(s) dict_keys(['example_task_group_decorator']) retrieved from /Users/Emily/.pyenv/versions/3.10.6/envs/airflow/lib/python3.10/site-packages/airflow/example_dags/example_task_group_decorator.py
[2023-02-15T17:06:47.601+0100] {logging_mixin.py:137} INFO - [2023-02-15T17:06:47.600+0100] {manager.py:504} INFO - Created Permission View: can edit on DAG:example_task_group_decorator
[2023-02-15T17:06:47.607+0100] {logging_mixin.py:137} INFO - [2023-02-15T17:06:47.606+0100] {manager.py:504} INFO - Created Permission View: can delete on DAG:example_task_group_decorator
[2023-02-15T17:06:47.612+0100] {logging_mixin.py:137} INFO - [2023-02-15T17:06:47.611+0100] {manager.py:504} INFO - Created Permission View: can read on DAG:example_task_group_decorator
[2023-02-15T17:06:47.612+0100] {logging_mixin.py:137} INFO - [2023-02-15T17:06:47.612+0100] {dag.py:2690} INFO - Sync 1 DAGs
[2023-02-15T17:06:47.621+0100] {logging_mixin.py:137} INFO - [2023-02-15T17:06:47.621+0100] {dag.py:2711} INFO - Creating ORM DAG for example_task_group_decorator
[2023-02-15T17:06:47.629+0100] {logging_mixin.py:137} INFO - [2023-02-15T17:06:47.629+0100] {dag.py:3437} INFO - Setting next_dagrun for example_task_group_decorator to 2023-02-14T16:06:47.629167+00:00, run_after=2023-02-15T16:06:47.629167+00:00
[2023-02-15T17:06:47.643+0100] {processor.py:175} INFO - Processing /Users/Emily/.pyenv/versions/3.10.6/envs/airflow/lib/python3.10/site-packages/airflow/example_dags/example_task_group_decorator.py took 0.817 seconds
[2023-02-15T17:08:26.826+0100] {processor.py:153} INFO - Started process (PID=57134) to work on /Users/Emily/.pyenv/versions/3.10.6/envs/airflow/lib/python3.10/site-packages/airflow/example_dags/example_task_group_decorator.py
[2023-02-15T17:08:26.830+0100] {processor.py:743} INFO - Processing file /Users/Emily/.pyenv/versions/3.10.6/envs/airflow/lib/python3.10/site-packages/airflow/example_dags/example_task_group_decorator.py for tasks to queue
[2023-02-15T17:08:26.831+0100] {logging_mixin.py:137} INFO - [2023-02-15T17:08:26.831+0100] {dagbag.py:538} INFO - Filling up the DagBag from /Users/Emily/.pyenv/versions/3.10.6/envs/airflow/lib/python3.10/site-packages/airflow/example_dags/example_task_group_decorator.py
[2023-02-15T17:08:26.872+0100] {processor.py:753} INFO - DAG(s) dict_keys(['example_task_group_decorator']) retrieved from /Users/Emily/.pyenv/versions/3.10.6/envs/airflow/lib/python3.10/site-packages/airflow/example_dags/example_task_group_decorator.py
[2023-02-15T17:08:27.470+0100] {logging_mixin.py:137} INFO - [2023-02-15T17:08:27.470+0100] {dag.py:2690} INFO - Sync 1 DAGs
[2023-02-15T17:08:27.482+0100] {logging_mixin.py:137} INFO - [2023-02-15T17:08:27.482+0100] {dag.py:3437} INFO - Setting next_dagrun for example_task_group_decorator to 2023-02-14T16:08:27.482663+00:00, run_after=2023-02-15T16:08:27.482663+00:00
[2023-02-15T17:08:27.496+0100] {processor.py:175} INFO - Processing /Users/Emily/.pyenv/versions/3.10.6/envs/airflow/lib/python3.10/site-packages/airflow/example_dags/example_task_group_decorator.py took 0.671 seconds
[2023-02-15T17:09:29.396+0100] {processor.py:153} INFO - Started process (PID=57180) to work on /Users/Emily/.pyenv/versions/3.10.6/envs/airflow/lib/python3.10/site-packages/airflow/example_dags/example_task_group_decorator.py
[2023-02-15T17:09:29.400+0100] {processor.py:743} INFO - Processing file /Users/Emily/.pyenv/versions/3.10.6/envs/airflow/lib/python3.10/site-packages/airflow/example_dags/example_task_group_decorator.py for tasks to queue
[2023-02-15T17:09:29.400+0100] {logging_mixin.py:137} INFO - [2023-02-15T17:09:29.400+0100] {dagbag.py:538} INFO - Filling up the DagBag from /Users/Emily/.pyenv/versions/3.10.6/envs/airflow/lib/python3.10/site-packages/airflow/example_dags/example_task_group_decorator.py
[2023-02-15T17:09:29.435+0100] {processor.py:753} INFO - DAG(s) dict_keys(['example_task_group_decorator']) retrieved from /Users/Emily/.pyenv/versions/3.10.6/envs/airflow/lib/python3.10/site-packages/airflow/example_dags/example_task_group_decorator.py
[2023-02-15T17:09:30.051+0100] {logging_mixin.py:137} INFO - [2023-02-15T17:09:30.051+0100] {dag.py:2690} INFO - Sync 1 DAGs
[2023-02-15T17:09:30.066+0100] {logging_mixin.py:137} INFO - [2023-02-15T17:09:30.066+0100] {dag.py:3437} INFO - Setting next_dagrun for example_task_group_decorator to 2023-02-14T16:09:30.066073+00:00, run_after=2023-02-15T16:09:30.066073+00:00
[2023-02-15T17:09:30.082+0100] {processor.py:175} INFO - Processing /Users/Emily/.pyenv/versions/3.10.6/envs/airflow/lib/python3.10/site-packages/airflow/example_dags/example_task_group_decorator.py took 0.686 seconds
[2023-02-15T17:10:37.474+0100] {processor.py:153} INFO - Started process (PID=57256) to work on /Users/Emily/.pyenv/versions/3.10.6/envs/airflow/lib/python3.10/site-packages/airflow/example_dags/example_task_group_decorator.py
[2023-02-15T17:10:37.479+0100] {processor.py:743} INFO - Processing file /Users/Emily/.pyenv/versions/3.10.6/envs/airflow/lib/python3.10/site-packages/airflow/example_dags/example_task_group_decorator.py for tasks to queue
[2023-02-15T17:10:37.479+0100] {logging_mixin.py:137} INFO - [2023-02-15T17:10:37.479+0100] {dagbag.py:538} INFO - Filling up the DagBag from /Users/Emily/.pyenv/versions/3.10.6/envs/airflow/lib/python3.10/site-packages/airflow/example_dags/example_task_group_decorator.py
[2023-02-15T17:10:37.525+0100] {processor.py:753} INFO - DAG(s) dict_keys(['example_task_group_decorator']) retrieved from /Users/Emily/.pyenv/versions/3.10.6/envs/airflow/lib/python3.10/site-packages/airflow/example_dags/example_task_group_decorator.py
[2023-02-15T17:10:38.277+0100] {logging_mixin.py:137} INFO - [2023-02-15T17:10:38.276+0100] {dag.py:2690} INFO - Sync 1 DAGs
[2023-02-15T17:10:38.295+0100] {logging_mixin.py:137} INFO - [2023-02-15T17:10:38.294+0100] {dag.py:3437} INFO - Setting next_dagrun for example_task_group_decorator to 2023-02-14T16:10:38.294834+00:00, run_after=2023-02-15T16:10:38.294834+00:00
[2023-02-15T17:10:38.313+0100] {processor.py:175} INFO - Processing /Users/Emily/.pyenv/versions/3.10.6/envs/airflow/lib/python3.10/site-packages/airflow/example_dags/example_task_group_decorator.py took 0.839 seconds
[2023-02-15T17:11:45.459+0100] {processor.py:153} INFO - Started process (PID=57318) to work on /Users/Emily/.pyenv/versions/3.10.6/envs/airflow/lib/python3.10/site-packages/airflow/example_dags/example_task_group_decorator.py
[2023-02-15T17:11:45.464+0100] {processor.py:743} INFO - Processing file /Users/Emily/.pyenv/versions/3.10.6/envs/airflow/lib/python3.10/site-packages/airflow/example_dags/example_task_group_decorator.py for tasks to queue
[2023-02-15T17:11:45.464+0100] {logging_mixin.py:137} INFO - [2023-02-15T17:11:45.464+0100] {dagbag.py:538} INFO - Filling up the DagBag from /Users/Emily/.pyenv/versions/3.10.6/envs/airflow/lib/python3.10/site-packages/airflow/example_dags/example_task_group_decorator.py
[2023-02-15T17:11:45.503+0100] {processor.py:753} INFO - DAG(s) dict_keys(['example_task_group_decorator']) retrieved from /Users/Emily/.pyenv/versions/3.10.6/envs/airflow/lib/python3.10/site-packages/airflow/example_dags/example_task_group_decorator.py
[2023-02-15T17:11:46.270+0100] {logging_mixin.py:137} INFO - [2023-02-15T17:11:46.270+0100] {dag.py:2690} INFO - Sync 1 DAGs
[2023-02-15T17:11:46.284+0100] {logging_mixin.py:137} INFO - [2023-02-15T17:11:46.284+0100] {dag.py:3437} INFO - Setting next_dagrun for example_task_group_decorator to 2023-02-14T16:11:46.284223+00:00, run_after=2023-02-15T16:11:46.284223+00:00
[2023-02-15T17:11:46.300+0100] {processor.py:175} INFO - Processing /Users/Emily/.pyenv/versions/3.10.6/envs/airflow/lib/python3.10/site-packages/airflow/example_dags/example_task_group_decorator.py took 0.841 seconds
