[2023-02-15T17:07:17.756+0100] {processor.py:153} INFO - Started process (PID=57077) to work on /Users/Emily/.pyenv/versions/3.10.6/envs/airflow/lib/python3.10/site-packages/airflow/example_dags/example_nested_branch_dag.py
[2023-02-15T17:07:17.760+0100] {processor.py:743} INFO - Processing file /Users/Emily/.pyenv/versions/3.10.6/envs/airflow/lib/python3.10/site-packages/airflow/example_dags/example_nested_branch_dag.py for tasks to queue
[2023-02-15T17:07:17.761+0100] {logging_mixin.py:137} INFO - [2023-02-15T17:07:17.761+0100] {dagbag.py:538} INFO - Filling up the DagBag from /Users/Emily/.pyenv/versions/3.10.6/envs/airflow/lib/python3.10/site-packages/airflow/example_dags/example_nested_branch_dag.py
[2023-02-15T17:07:17.803+0100] {processor.py:753} INFO - DAG(s) dict_keys(['example_nested_branch_dag']) retrieved from /Users/Emily/.pyenv/versions/3.10.6/envs/airflow/lib/python3.10/site-packages/airflow/example_dags/example_nested_branch_dag.py
[2023-02-15T17:07:18.433+0100] {logging_mixin.py:137} INFO - [2023-02-15T17:07:18.433+0100] {manager.py:504} INFO - Created Permission View: can delete on DAG:example_nested_branch_dag
[2023-02-15T17:07:18.440+0100] {logging_mixin.py:137} INFO - [2023-02-15T17:07:18.440+0100] {manager.py:504} INFO - Created Permission View: can read on DAG:example_nested_branch_dag
[2023-02-15T17:07:18.445+0100] {logging_mixin.py:137} INFO - [2023-02-15T17:07:18.445+0100] {manager.py:504} INFO - Created Permission View: can edit on DAG:example_nested_branch_dag
[2023-02-15T17:07:18.445+0100] {logging_mixin.py:137} INFO - [2023-02-15T17:07:18.445+0100] {dag.py:2690} INFO - Sync 1 DAGs
[2023-02-15T17:07:18.454+0100] {logging_mixin.py:137} INFO - [2023-02-15T17:07:18.453+0100] {dag.py:2711} INFO - Creating ORM DAG for example_nested_branch_dag
[2023-02-15T17:07:18.463+0100] {logging_mixin.py:137} INFO - [2023-02-15T17:07:18.463+0100] {dag.py:3437} INFO - Setting next_dagrun for example_nested_branch_dag to 2023-02-14T00:00:00+00:00, run_after=2023-02-15T00:00:00+00:00
[2023-02-15T17:07:18.477+0100] {processor.py:175} INFO - Processing /Users/Emily/.pyenv/versions/3.10.6/envs/airflow/lib/python3.10/site-packages/airflow/example_dags/example_nested_branch_dag.py took 0.721 seconds
[2023-02-15T17:08:51.748+0100] {processor.py:153} INFO - Started process (PID=57154) to work on /Users/Emily/.pyenv/versions/3.10.6/envs/airflow/lib/python3.10/site-packages/airflow/example_dags/example_nested_branch_dag.py
[2023-02-15T17:08:51.752+0100] {processor.py:743} INFO - Processing file /Users/Emily/.pyenv/versions/3.10.6/envs/airflow/lib/python3.10/site-packages/airflow/example_dags/example_nested_branch_dag.py for tasks to queue
[2023-02-15T17:08:51.753+0100] {logging_mixin.py:137} INFO - [2023-02-15T17:08:51.753+0100] {dagbag.py:538} INFO - Filling up the DagBag from /Users/Emily/.pyenv/versions/3.10.6/envs/airflow/lib/python3.10/site-packages/airflow/example_dags/example_nested_branch_dag.py
[2023-02-15T17:08:51.790+0100] {processor.py:753} INFO - DAG(s) dict_keys(['example_nested_branch_dag']) retrieved from /Users/Emily/.pyenv/versions/3.10.6/envs/airflow/lib/python3.10/site-packages/airflow/example_dags/example_nested_branch_dag.py
[2023-02-15T17:08:52.370+0100] {logging_mixin.py:137} INFO - [2023-02-15T17:08:52.369+0100] {dag.py:2690} INFO - Sync 1 DAGs
[2023-02-15T17:08:52.384+0100] {logging_mixin.py:137} INFO - [2023-02-15T17:08:52.384+0100] {dag.py:3437} INFO - Setting next_dagrun for example_nested_branch_dag to 2023-02-14T00:00:00+00:00, run_after=2023-02-15T00:00:00+00:00
[2023-02-15T17:08:52.401+0100] {processor.py:175} INFO - Processing /Users/Emily/.pyenv/versions/3.10.6/envs/airflow/lib/python3.10/site-packages/airflow/example_dags/example_nested_branch_dag.py took 0.654 seconds
[2023-02-15T17:11:01.182+0100] {processor.py:153} INFO - Started process (PID=57282) to work on /Users/Emily/.pyenv/versions/3.10.6/envs/airflow/lib/python3.10/site-packages/airflow/example_dags/example_nested_branch_dag.py
[2023-02-15T17:11:01.185+0100] {processor.py:743} INFO - Processing file /Users/Emily/.pyenv/versions/3.10.6/envs/airflow/lib/python3.10/site-packages/airflow/example_dags/example_nested_branch_dag.py for tasks to queue
[2023-02-15T17:11:01.185+0100] {logging_mixin.py:137} INFO - [2023-02-15T17:11:01.185+0100] {dagbag.py:538} INFO - Filling up the DagBag from /Users/Emily/.pyenv/versions/3.10.6/envs/airflow/lib/python3.10/site-packages/airflow/example_dags/example_nested_branch_dag.py
[2023-02-15T17:11:01.222+0100] {processor.py:753} INFO - DAG(s) dict_keys(['example_nested_branch_dag']) retrieved from /Users/Emily/.pyenv/versions/3.10.6/envs/airflow/lib/python3.10/site-packages/airflow/example_dags/example_nested_branch_dag.py
[2023-02-15T17:11:01.847+0100] {logging_mixin.py:137} INFO - [2023-02-15T17:11:01.847+0100] {dag.py:2690} INFO - Sync 1 DAGs
[2023-02-15T17:11:01.863+0100] {logging_mixin.py:137} INFO - [2023-02-15T17:11:01.863+0100] {dag.py:3437} INFO - Setting next_dagrun for example_nested_branch_dag to 2023-02-14T00:00:00+00:00, run_after=2023-02-15T00:00:00+00:00
[2023-02-15T17:11:01.880+0100] {processor.py:175} INFO - Processing /Users/Emily/.pyenv/versions/3.10.6/envs/airflow/lib/python3.10/site-packages/airflow/example_dags/example_nested_branch_dag.py took 0.699 seconds
