[2023-02-15T17:07:36.080+0100] {processor.py:153} INFO - Started process (PID=57098) to work on /Users/Emily/.pyenv/versions/3.10.6/envs/airflow/lib/python3.10/site-packages/airflow/example_dags/example_datasets.py
[2023-02-15T17:07:36.083+0100] {processor.py:743} INFO - Processing file /Users/Emily/.pyenv/versions/3.10.6/envs/airflow/lib/python3.10/site-packages/airflow/example_dags/example_datasets.py for tasks to queue
[2023-02-15T17:07:36.084+0100] {logging_mixin.py:137} INFO - [2023-02-15T17:07:36.083+0100] {dagbag.py:538} INFO - Filling up the DagBag from /Users/Emily/.pyenv/versions/3.10.6/envs/airflow/lib/python3.10/site-packages/airflow/example_dags/example_datasets.py
[2023-02-15T17:07:36.111+0100] {processor.py:753} INFO - DAG(s) dict_keys(['dataset_consumes_1_never_scheduled', 'dataset_consumes_unknown_never_scheduled', 'dataset_consumes_1', 'dataset_produces_1', 'dataset_consumes_1_and_2', 'dataset_produces_2']) retrieved from /Users/Emily/.pyenv/versions/3.10.6/envs/airflow/lib/python3.10/site-packages/airflow/example_dags/example_datasets.py
[2023-02-15T17:07:36.832+0100] {logging_mixin.py:137} INFO - [2023-02-15T17:07:36.832+0100] {manager.py:504} INFO - Created Permission View: can edit on DAG:dataset_consumes_1_never_scheduled
[2023-02-15T17:07:36.840+0100] {logging_mixin.py:137} INFO - [2023-02-15T17:07:36.840+0100] {manager.py:504} INFO - Created Permission View: can delete on DAG:dataset_consumes_1_never_scheduled
[2023-02-15T17:07:36.845+0100] {logging_mixin.py:137} INFO - [2023-02-15T17:07:36.845+0100] {manager.py:504} INFO - Created Permission View: can read on DAG:dataset_consumes_1_never_scheduled
[2023-02-15T17:07:36.854+0100] {logging_mixin.py:137} INFO - [2023-02-15T17:07:36.854+0100] {manager.py:504} INFO - Created Permission View: can edit on DAG:dataset_consumes_unknown_never_scheduled
[2023-02-15T17:07:36.859+0100] {logging_mixin.py:137} INFO - [2023-02-15T17:07:36.859+0100] {manager.py:504} INFO - Created Permission View: can delete on DAG:dataset_consumes_unknown_never_scheduled
[2023-02-15T17:07:36.863+0100] {logging_mixin.py:137} INFO - [2023-02-15T17:07:36.863+0100] {manager.py:504} INFO - Created Permission View: can read on DAG:dataset_consumes_unknown_never_scheduled
[2023-02-15T17:07:36.871+0100] {logging_mixin.py:137} INFO - [2023-02-15T17:07:36.871+0100] {manager.py:504} INFO - Created Permission View: can edit on DAG:dataset_consumes_1
[2023-02-15T17:07:36.876+0100] {logging_mixin.py:137} INFO - [2023-02-15T17:07:36.876+0100] {manager.py:504} INFO - Created Permission View: can delete on DAG:dataset_consumes_1
[2023-02-15T17:07:36.880+0100] {logging_mixin.py:137} INFO - [2023-02-15T17:07:36.880+0100] {manager.py:504} INFO - Created Permission View: can read on DAG:dataset_consumes_1
[2023-02-15T17:07:36.889+0100] {logging_mixin.py:137} INFO - [2023-02-15T17:07:36.889+0100] {manager.py:504} INFO - Created Permission View: can edit on DAG:dataset_produces_1
[2023-02-15T17:07:36.894+0100] {logging_mixin.py:137} INFO - [2023-02-15T17:07:36.894+0100] {manager.py:504} INFO - Created Permission View: can delete on DAG:dataset_produces_1
[2023-02-15T17:07:36.899+0100] {logging_mixin.py:137} INFO - [2023-02-15T17:07:36.898+0100] {manager.py:504} INFO - Created Permission View: can read on DAG:dataset_produces_1
[2023-02-15T17:07:36.907+0100] {logging_mixin.py:137} INFO - [2023-02-15T17:07:36.907+0100] {manager.py:504} INFO - Created Permission View: can edit on DAG:dataset_consumes_1_and_2
[2023-02-15T17:07:36.911+0100] {logging_mixin.py:137} INFO - [2023-02-15T17:07:36.911+0100] {manager.py:504} INFO - Created Permission View: can delete on DAG:dataset_consumes_1_and_2
[2023-02-15T17:07:36.915+0100] {logging_mixin.py:137} INFO - [2023-02-15T17:07:36.915+0100] {manager.py:504} INFO - Created Permission View: can read on DAG:dataset_consumes_1_and_2
[2023-02-15T17:07:36.924+0100] {logging_mixin.py:137} INFO - [2023-02-15T17:07:36.924+0100] {manager.py:504} INFO - Created Permission View: can edit on DAG:dataset_produces_2
[2023-02-15T17:07:36.928+0100] {logging_mixin.py:137} INFO - [2023-02-15T17:07:36.928+0100] {manager.py:504} INFO - Created Permission View: can delete on DAG:dataset_produces_2
[2023-02-15T17:07:36.932+0100] {logging_mixin.py:137} INFO - [2023-02-15T17:07:36.932+0100] {manager.py:504} INFO - Created Permission View: can read on DAG:dataset_produces_2
[2023-02-15T17:07:36.933+0100] {logging_mixin.py:137} INFO - [2023-02-15T17:07:36.933+0100] {dag.py:2690} INFO - Sync 6 DAGs
[2023-02-15T17:07:36.940+0100] {logging_mixin.py:137} INFO - [2023-02-15T17:07:36.940+0100] {dag.py:2711} INFO - Creating ORM DAG for dataset_produces_1
[2023-02-15T17:07:36.941+0100] {logging_mixin.py:137} INFO - [2023-02-15T17:07:36.940+0100] {dag.py:2711} INFO - Creating ORM DAG for dataset_consumes_unknown_never_scheduled
[2023-02-15T17:07:36.941+0100] {logging_mixin.py:137} INFO - [2023-02-15T17:07:36.941+0100] {dag.py:2711} INFO - Creating ORM DAG for dataset_consumes_1_never_scheduled
[2023-02-15T17:07:36.941+0100] {logging_mixin.py:137} INFO - [2023-02-15T17:07:36.941+0100] {dag.py:2711} INFO - Creating ORM DAG for dataset_consumes_1
[2023-02-15T17:07:36.941+0100] {logging_mixin.py:137} INFO - [2023-02-15T17:07:36.941+0100] {dag.py:2711} INFO - Creating ORM DAG for dataset_produces_2
[2023-02-15T17:07:36.942+0100] {logging_mixin.py:137} INFO - [2023-02-15T17:07:36.942+0100] {dag.py:2711} INFO - Creating ORM DAG for dataset_consumes_1_and_2
[2023-02-15T17:07:36.948+0100] {logging_mixin.py:137} INFO - [2023-02-15T17:07:36.948+0100] {dag.py:3437} INFO - Setting next_dagrun for dataset_consumes_1 to None, run_after=None
[2023-02-15T17:07:36.949+0100] {logging_mixin.py:137} INFO - [2023-02-15T17:07:36.949+0100] {dag.py:3437} INFO - Setting next_dagrun for dataset_consumes_1_and_2 to None, run_after=None
[2023-02-15T17:07:36.949+0100] {logging_mixin.py:137} INFO - [2023-02-15T17:07:36.949+0100] {dag.py:3437} INFO - Setting next_dagrun for dataset_consumes_1_never_scheduled to None, run_after=None
[2023-02-15T17:07:36.949+0100] {logging_mixin.py:137} INFO - [2023-02-15T17:07:36.949+0100] {dag.py:3437} INFO - Setting next_dagrun for dataset_consumes_unknown_never_scheduled to None, run_after=None
[2023-02-15T17:07:36.951+0100] {logging_mixin.py:137} INFO - [2023-02-15T17:07:36.951+0100] {dag.py:3437} INFO - Setting next_dagrun for dataset_produces_1 to 2023-02-14T00:00:00+00:00, run_after=2023-02-15T00:00:00+00:00
[2023-02-15T17:07:36.951+0100] {logging_mixin.py:137} INFO - [2023-02-15T17:07:36.951+0100] {dag.py:3437} INFO - Setting next_dagrun for dataset_produces_2 to None, run_after=None
[2023-02-15T17:07:36.974+0100] {processor.py:175} INFO - Processing /Users/Emily/.pyenv/versions/3.10.6/envs/airflow/lib/python3.10/site-packages/airflow/example_dags/example_datasets.py took 0.895 seconds
[2023-02-15T17:09:41.440+0100] {processor.py:153} INFO - Started process (PID=57189) to work on /Users/Emily/.pyenv/versions/3.10.6/envs/airflow/lib/python3.10/site-packages/airflow/example_dags/example_datasets.py
[2023-02-15T17:09:41.445+0100] {processor.py:743} INFO - Processing file /Users/Emily/.pyenv/versions/3.10.6/envs/airflow/lib/python3.10/site-packages/airflow/example_dags/example_datasets.py for tasks to queue
[2023-02-15T17:09:41.445+0100] {logging_mixin.py:137} INFO - [2023-02-15T17:09:41.445+0100] {dagbag.py:538} INFO - Filling up the DagBag from /Users/Emily/.pyenv/versions/3.10.6/envs/airflow/lib/python3.10/site-packages/airflow/example_dags/example_datasets.py
[2023-02-15T17:09:41.470+0100] {processor.py:753} INFO - DAG(s) dict_keys(['dataset_consumes_1_never_scheduled', 'dataset_consumes_1_and_2', 'dataset_produces_1', 'dataset_consumes_1', 'dataset_consumes_unknown_never_scheduled', 'dataset_produces_2']) retrieved from /Users/Emily/.pyenv/versions/3.10.6/envs/airflow/lib/python3.10/site-packages/airflow/example_dags/example_datasets.py
[2023-02-15T17:09:42.277+0100] {logging_mixin.py:137} INFO - [2023-02-15T17:09:42.277+0100] {dag.py:2690} INFO - Sync 6 DAGs
[2023-02-15T17:09:42.294+0100] {logging_mixin.py:137} INFO - [2023-02-15T17:09:42.294+0100] {dag.py:3437} INFO - Setting next_dagrun for dataset_consumes_1 to None, run_after=None
[2023-02-15T17:09:42.296+0100] {logging_mixin.py:137} INFO - [2023-02-15T17:09:42.296+0100] {dag.py:3437} INFO - Setting next_dagrun for dataset_consumes_1_and_2 to None, run_after=None
[2023-02-15T17:09:42.297+0100] {logging_mixin.py:137} INFO - [2023-02-15T17:09:42.297+0100] {dag.py:3437} INFO - Setting next_dagrun for dataset_consumes_1_never_scheduled to None, run_after=None
[2023-02-15T17:09:42.298+0100] {logging_mixin.py:137} INFO - [2023-02-15T17:09:42.298+0100] {dag.py:3437} INFO - Setting next_dagrun for dataset_consumes_unknown_never_scheduled to None, run_after=None
[2023-02-15T17:09:42.300+0100] {logging_mixin.py:137} INFO - [2023-02-15T17:09:42.300+0100] {dag.py:3437} INFO - Setting next_dagrun for dataset_produces_1 to 2023-02-14T00:00:00+00:00, run_after=2023-02-15T00:00:00+00:00
[2023-02-15T17:09:42.301+0100] {logging_mixin.py:137} INFO - [2023-02-15T17:09:42.301+0100] {dag.py:3437} INFO - Setting next_dagrun for dataset_produces_2 to None, run_after=None
[2023-02-15T17:09:42.326+0100] {processor.py:175} INFO - Processing /Users/Emily/.pyenv/versions/3.10.6/envs/airflow/lib/python3.10/site-packages/airflow/example_dags/example_datasets.py took 0.886 seconds
