[2023-02-15T17:06:55.502+0100] {processor.py:153} INFO - Started process (PID=57063) to work on /Users/Emily/.pyenv/versions/3.10.6/envs/airflow/lib/python3.10/site-packages/airflow/example_dags/example_sla_dag.py
[2023-02-15T17:06:55.506+0100] {processor.py:743} INFO - Processing file /Users/Emily/.pyenv/versions/3.10.6/envs/airflow/lib/python3.10/site-packages/airflow/example_dags/example_sla_dag.py for tasks to queue
[2023-02-15T17:06:55.507+0100] {logging_mixin.py:137} INFO - [2023-02-15T17:06:55.507+0100] {dagbag.py:538} INFO - Filling up the DagBag from /Users/Emily/.pyenv/versions/3.10.6/envs/airflow/lib/python3.10/site-packages/airflow/example_dags/example_sla_dag.py
[2023-02-15T17:06:55.551+0100] {processor.py:753} INFO - DAG(s) dict_keys(['example_sla_dag']) retrieved from /Users/Emily/.pyenv/versions/3.10.6/envs/airflow/lib/python3.10/site-packages/airflow/example_dags/example_sla_dag.py
[2023-02-15T17:06:56.352+0100] {logging_mixin.py:137} INFO - [2023-02-15T17:06:56.352+0100] {manager.py:504} INFO - Created Permission View: can delete on DAG:example_sla_dag
[2023-02-15T17:06:56.360+0100] {logging_mixin.py:137} INFO - [2023-02-15T17:06:56.360+0100] {manager.py:504} INFO - Created Permission View: can read on DAG:example_sla_dag
[2023-02-15T17:06:56.364+0100] {logging_mixin.py:137} INFO - [2023-02-15T17:06:56.364+0100] {manager.py:504} INFO - Created Permission View: can edit on DAG:example_sla_dag
[2023-02-15T17:06:56.365+0100] {logging_mixin.py:137} INFO - [2023-02-15T17:06:56.365+0100] {dag.py:2690} INFO - Sync 1 DAGs
[2023-02-15T17:06:56.374+0100] {logging_mixin.py:137} INFO - [2023-02-15T17:06:56.374+0100] {dag.py:2711} INFO - Creating ORM DAG for example_sla_dag
[2023-02-15T17:06:56.384+0100] {logging_mixin.py:137} INFO - [2023-02-15T17:06:56.384+0100] {dag.py:3437} INFO - Setting next_dagrun for example_sla_dag to 2023-02-15T16:04:00+00:00, run_after=2023-02-15T16:06:00+00:00
[2023-02-15T17:06:56.395+0100] {processor.py:175} INFO - Processing /Users/Emily/.pyenv/versions/3.10.6/envs/airflow/lib/python3.10/site-packages/airflow/example_dags/example_sla_dag.py took 0.894 seconds
[2023-02-15T17:08:33.593+0100] {processor.py:153} INFO - Started process (PID=57139) to work on /Users/Emily/.pyenv/versions/3.10.6/envs/airflow/lib/python3.10/site-packages/airflow/example_dags/example_sla_dag.py
[2023-02-15T17:08:33.598+0100] {processor.py:743} INFO - Processing file /Users/Emily/.pyenv/versions/3.10.6/envs/airflow/lib/python3.10/site-packages/airflow/example_dags/example_sla_dag.py for tasks to queue
[2023-02-15T17:08:33.598+0100] {logging_mixin.py:137} INFO - [2023-02-15T17:08:33.598+0100] {dagbag.py:538} INFO - Filling up the DagBag from /Users/Emily/.pyenv/versions/3.10.6/envs/airflow/lib/python3.10/site-packages/airflow/example_dags/example_sla_dag.py
[2023-02-15T17:08:33.641+0100] {processor.py:753} INFO - DAG(s) dict_keys(['example_sla_dag']) retrieved from /Users/Emily/.pyenv/versions/3.10.6/envs/airflow/lib/python3.10/site-packages/airflow/example_dags/example_sla_dag.py
[2023-02-15T17:08:34.301+0100] {logging_mixin.py:137} INFO - [2023-02-15T17:08:34.300+0100] {dag.py:2690} INFO - Sync 1 DAGs
[2023-02-15T17:08:34.317+0100] {logging_mixin.py:137} INFO - [2023-02-15T17:08:34.317+0100] {dag.py:3437} INFO - Setting next_dagrun for example_sla_dag to 2023-02-15T16:06:00+00:00, run_after=2023-02-15T16:08:00+00:00
[2023-02-15T17:08:34.334+0100] {processor.py:175} INFO - Processing /Users/Emily/.pyenv/versions/3.10.6/envs/airflow/lib/python3.10/site-packages/airflow/example_dags/example_sla_dag.py took 0.742 seconds
[2023-02-15T17:09:36.047+0100] {processor.py:153} INFO - Started process (PID=57186) to work on /Users/Emily/.pyenv/versions/3.10.6/envs/airflow/lib/python3.10/site-packages/airflow/example_dags/example_sla_dag.py
[2023-02-15T17:09:36.051+0100] {processor.py:743} INFO - Processing file /Users/Emily/.pyenv/versions/3.10.6/envs/airflow/lib/python3.10/site-packages/airflow/example_dags/example_sla_dag.py for tasks to queue
[2023-02-15T17:09:36.051+0100] {logging_mixin.py:137} INFO - [2023-02-15T17:09:36.051+0100] {dagbag.py:538} INFO - Filling up the DagBag from /Users/Emily/.pyenv/versions/3.10.6/envs/airflow/lib/python3.10/site-packages/airflow/example_dags/example_sla_dag.py
[2023-02-15T17:09:36.085+0100] {processor.py:753} INFO - DAG(s) dict_keys(['example_sla_dag']) retrieved from /Users/Emily/.pyenv/versions/3.10.6/envs/airflow/lib/python3.10/site-packages/airflow/example_dags/example_sla_dag.py
[2023-02-15T17:09:36.734+0100] {logging_mixin.py:137} INFO - [2023-02-15T17:09:36.734+0100] {dag.py:2690} INFO - Sync 1 DAGs
[2023-02-15T17:09:36.751+0100] {logging_mixin.py:137} INFO - [2023-02-15T17:09:36.751+0100] {dag.py:3437} INFO - Setting next_dagrun for example_sla_dag to 2023-02-15T16:06:00+00:00, run_after=2023-02-15T16:08:00+00:00
[2023-02-15T17:09:36.766+0100] {processor.py:175} INFO - Processing /Users/Emily/.pyenv/versions/3.10.6/envs/airflow/lib/python3.10/site-packages/airflow/example_dags/example_sla_dag.py took 0.720 seconds
