[2023-02-15T17:06:52.508+0100] {processor.py:153} INFO - Started process (PID=57060) to work on /Users/Emily/.pyenv/versions/3.10.6/envs/airflow/lib/python3.10/site-packages/airflow/example_dags/example_subdag_operator.py
[2023-02-15T17:06:52.512+0100] {processor.py:743} INFO - Processing file /Users/Emily/.pyenv/versions/3.10.6/envs/airflow/lib/python3.10/site-packages/airflow/example_dags/example_subdag_operator.py for tasks to queue
[2023-02-15T17:06:52.513+0100] {logging_mixin.py:137} INFO - [2023-02-15T17:06:52.513+0100] {dagbag.py:538} INFO - Filling up the DagBag from /Users/Emily/.pyenv/versions/3.10.6/envs/airflow/lib/python3.10/site-packages/airflow/example_dags/example_subdag_operator.py
[2023-02-15T17:06:53.260+0100] {processor.py:753} INFO - DAG(s) dict_keys(['example_subdag_operator.section-1', 'example_subdag_operator.section-2', 'example_subdag_operator']) retrieved from /Users/Emily/.pyenv/versions/3.10.6/envs/airflow/lib/python3.10/site-packages/airflow/example_dags/example_subdag_operator.py
[2023-02-15T17:06:53.454+0100] {logging_mixin.py:137} INFO - [2023-02-15T17:06:53.453+0100] {manager.py:504} INFO - Created Permission View: can edit on DAG:example_subdag_operator
[2023-02-15T17:06:53.460+0100] {logging_mixin.py:137} INFO - [2023-02-15T17:06:53.460+0100] {manager.py:504} INFO - Created Permission View: can read on DAG:example_subdag_operator
[2023-02-15T17:06:53.465+0100] {logging_mixin.py:137} INFO - [2023-02-15T17:06:53.465+0100] {manager.py:504} INFO - Created Permission View: can delete on DAG:example_subdag_operator
[2023-02-15T17:06:53.465+0100] {logging_mixin.py:137} INFO - [2023-02-15T17:06:53.465+0100] {dag.py:2690} INFO - Sync 3 DAGs
[2023-02-15T17:06:53.475+0100] {logging_mixin.py:137} INFO - [2023-02-15T17:06:53.474+0100] {dag.py:2711} INFO - Creating ORM DAG for example_subdag_operator.section-1
[2023-02-15T17:06:53.475+0100] {logging_mixin.py:137} INFO - [2023-02-15T17:06:53.475+0100] {dag.py:2711} INFO - Creating ORM DAG for example_subdag_operator
[2023-02-15T17:06:53.475+0100] {logging_mixin.py:137} INFO - [2023-02-15T17:06:53.475+0100] {dag.py:2711} INFO - Creating ORM DAG for example_subdag_operator.section-2
[2023-02-15T17:06:53.484+0100] {logging_mixin.py:137} INFO - [2023-02-15T17:06:53.484+0100] {dag.py:3437} INFO - Setting next_dagrun for example_subdag_operator to 2022-01-01T00:00:00+00:00, run_after=2022-01-01T00:00:00+00:00
[2023-02-15T17:06:53.484+0100] {logging_mixin.py:137} INFO - [2023-02-15T17:06:53.484+0100] {dag.py:3437} INFO - Setting next_dagrun for example_subdag_operator.section-1 to None, run_after=None
[2023-02-15T17:06:53.484+0100] {logging_mixin.py:137} INFO - [2023-02-15T17:06:53.484+0100] {dag.py:3437} INFO - Setting next_dagrun for example_subdag_operator.section-2 to None, run_after=None
[2023-02-15T17:06:53.490+0100] {logging_mixin.py:137} INFO - [2023-02-15T17:06:53.490+0100] {dag.py:2690} INFO - Sync 2 DAGs
[2023-02-15T17:06:53.494+0100] {logging_mixin.py:137} INFO - [2023-02-15T17:06:53.494+0100] {dag.py:3437} INFO - Setting next_dagrun for example_subdag_operator.section-1 to None, run_after=None
[2023-02-15T17:06:53.496+0100] {logging_mixin.py:137} INFO - [2023-02-15T17:06:53.496+0100] {dag.py:3437} INFO - Setting next_dagrun for example_subdag_operator.section-2 to None, run_after=None
[2023-02-15T17:06:53.507+0100] {processor.py:175} INFO - Processing /Users/Emily/.pyenv/versions/3.10.6/envs/airflow/lib/python3.10/site-packages/airflow/example_dags/example_subdag_operator.py took 1.000 seconds
[2023-02-15T17:08:30.925+0100] {processor.py:153} INFO - Started process (PID=57137) to work on /Users/Emily/.pyenv/versions/3.10.6/envs/airflow/lib/python3.10/site-packages/airflow/example_dags/example_subdag_operator.py
[2023-02-15T17:08:30.930+0100] {processor.py:743} INFO - Processing file /Users/Emily/.pyenv/versions/3.10.6/envs/airflow/lib/python3.10/site-packages/airflow/example_dags/example_subdag_operator.py for tasks to queue
[2023-02-15T17:08:30.930+0100] {logging_mixin.py:137} INFO - [2023-02-15T17:08:30.930+0100] {dagbag.py:538} INFO - Filling up the DagBag from /Users/Emily/.pyenv/versions/3.10.6/envs/airflow/lib/python3.10/site-packages/airflow/example_dags/example_subdag_operator.py
[2023-02-15T17:08:31.554+0100] {processor.py:753} INFO - DAG(s) dict_keys(['example_subdag_operator.section-1', 'example_subdag_operator.section-2', 'example_subdag_operator']) retrieved from /Users/Emily/.pyenv/versions/3.10.6/envs/airflow/lib/python3.10/site-packages/airflow/example_dags/example_subdag_operator.py
[2023-02-15T17:08:31.641+0100] {logging_mixin.py:137} INFO - [2023-02-15T17:08:31.640+0100] {dag.py:2690} INFO - Sync 3 DAGs
[2023-02-15T17:08:31.655+0100] {logging_mixin.py:137} INFO - [2023-02-15T17:08:31.655+0100] {dag.py:3437} INFO - Setting next_dagrun for example_subdag_operator to 2022-01-01T00:00:00+00:00, run_after=2022-01-01T00:00:00+00:00
[2023-02-15T17:08:31.658+0100] {logging_mixin.py:137} INFO - [2023-02-15T17:08:31.657+0100] {dag.py:3437} INFO - Setting next_dagrun for example_subdag_operator.section-1 to None, run_after=None
[2023-02-15T17:08:31.658+0100] {logging_mixin.py:137} INFO - [2023-02-15T17:08:31.658+0100] {dag.py:3437} INFO - Setting next_dagrun for example_subdag_operator.section-2 to None, run_after=None
[2023-02-15T17:08:31.664+0100] {logging_mixin.py:137} INFO - [2023-02-15T17:08:31.663+0100] {dag.py:2690} INFO - Sync 2 DAGs
[2023-02-15T17:08:31.667+0100] {logging_mixin.py:137} INFO - [2023-02-15T17:08:31.667+0100] {dag.py:3437} INFO - Setting next_dagrun for example_subdag_operator.section-1 to None, run_after=None
[2023-02-15T17:08:31.667+0100] {logging_mixin.py:137} INFO - [2023-02-15T17:08:31.667+0100] {dag.py:3437} INFO - Setting next_dagrun for example_subdag_operator.section-2 to None, run_after=None
[2023-02-15T17:08:31.677+0100] {processor.py:175} INFO - Processing /Users/Emily/.pyenv/versions/3.10.6/envs/airflow/lib/python3.10/site-packages/airflow/example_dags/example_subdag_operator.py took 0.753 seconds
[2023-02-15T17:09:33.383+0100] {processor.py:153} INFO - Started process (PID=57184) to work on /Users/Emily/.pyenv/versions/3.10.6/envs/airflow/lib/python3.10/site-packages/airflow/example_dags/example_subdag_operator.py
[2023-02-15T17:09:33.387+0100] {processor.py:743} INFO - Processing file /Users/Emily/.pyenv/versions/3.10.6/envs/airflow/lib/python3.10/site-packages/airflow/example_dags/example_subdag_operator.py for tasks to queue
[2023-02-15T17:09:33.387+0100] {logging_mixin.py:137} INFO - [2023-02-15T17:09:33.387+0100] {dagbag.py:538} INFO - Filling up the DagBag from /Users/Emily/.pyenv/versions/3.10.6/envs/airflow/lib/python3.10/site-packages/airflow/example_dags/example_subdag_operator.py
[2023-02-15T17:09:34.073+0100] {processor.py:753} INFO - DAG(s) dict_keys(['example_subdag_operator.section-1', 'example_subdag_operator.section-2', 'example_subdag_operator']) retrieved from /Users/Emily/.pyenv/versions/3.10.6/envs/airflow/lib/python3.10/site-packages/airflow/example_dags/example_subdag_operator.py
[2023-02-15T17:09:34.167+0100] {logging_mixin.py:137} INFO - [2023-02-15T17:09:34.167+0100] {dag.py:2690} INFO - Sync 3 DAGs
[2023-02-15T17:09:34.187+0100] {logging_mixin.py:137} INFO - [2023-02-15T17:09:34.187+0100] {dag.py:3437} INFO - Setting next_dagrun for example_subdag_operator to 2022-01-01T00:00:00+00:00, run_after=2022-01-01T00:00:00+00:00
[2023-02-15T17:09:34.190+0100] {logging_mixin.py:137} INFO - [2023-02-15T17:09:34.190+0100] {dag.py:3437} INFO - Setting next_dagrun for example_subdag_operator.section-1 to None, run_after=None
[2023-02-15T17:09:34.191+0100] {logging_mixin.py:137} INFO - [2023-02-15T17:09:34.191+0100] {dag.py:3437} INFO - Setting next_dagrun for example_subdag_operator.section-2 to None, run_after=None
[2023-02-15T17:09:34.199+0100] {logging_mixin.py:137} INFO - [2023-02-15T17:09:34.199+0100] {dag.py:2690} INFO - Sync 2 DAGs
[2023-02-15T17:09:34.204+0100] {logging_mixin.py:137} INFO - [2023-02-15T17:09:34.203+0100] {dag.py:3437} INFO - Setting next_dagrun for example_subdag_operator.section-1 to None, run_after=None
[2023-02-15T17:09:34.204+0100] {logging_mixin.py:137} INFO - [2023-02-15T17:09:34.204+0100] {dag.py:3437} INFO - Setting next_dagrun for example_subdag_operator.section-2 to None, run_after=None
[2023-02-15T17:09:34.217+0100] {processor.py:175} INFO - Processing /Users/Emily/.pyenv/versions/3.10.6/envs/airflow/lib/python3.10/site-packages/airflow/example_dags/example_subdag_operator.py took 0.834 seconds
[2023-02-15T17:10:42.704+0100] {processor.py:153} INFO - Started process (PID=57261) to work on /Users/Emily/.pyenv/versions/3.10.6/envs/airflow/lib/python3.10/site-packages/airflow/example_dags/example_subdag_operator.py
[2023-02-15T17:10:42.709+0100] {processor.py:743} INFO - Processing file /Users/Emily/.pyenv/versions/3.10.6/envs/airflow/lib/python3.10/site-packages/airflow/example_dags/example_subdag_operator.py for tasks to queue
[2023-02-15T17:10:42.710+0100] {logging_mixin.py:137} INFO - [2023-02-15T17:10:42.710+0100] {dagbag.py:538} INFO - Filling up the DagBag from /Users/Emily/.pyenv/versions/3.10.6/envs/airflow/lib/python3.10/site-packages/airflow/example_dags/example_subdag_operator.py
[2023-02-15T17:10:43.477+0100] {processor.py:753} INFO - DAG(s) dict_keys(['example_subdag_operator.section-1', 'example_subdag_operator.section-2', 'example_subdag_operator']) retrieved from /Users/Emily/.pyenv/versions/3.10.6/envs/airflow/lib/python3.10/site-packages/airflow/example_dags/example_subdag_operator.py
[2023-02-15T17:10:43.573+0100] {logging_mixin.py:137} INFO - [2023-02-15T17:10:43.573+0100] {dag.py:2690} INFO - Sync 3 DAGs
[2023-02-15T17:10:43.588+0100] {logging_mixin.py:137} INFO - [2023-02-15T17:10:43.588+0100] {dag.py:3437} INFO - Setting next_dagrun for example_subdag_operator to 2022-01-01T00:00:00+00:00, run_after=2022-01-01T00:00:00+00:00
[2023-02-15T17:10:43.591+0100] {logging_mixin.py:137} INFO - [2023-02-15T17:10:43.591+0100] {dag.py:3437} INFO - Setting next_dagrun for example_subdag_operator.section-1 to None, run_after=None
[2023-02-15T17:10:43.592+0100] {logging_mixin.py:137} INFO - [2023-02-15T17:10:43.592+0100] {dag.py:3437} INFO - Setting next_dagrun for example_subdag_operator.section-2 to None, run_after=None
[2023-02-15T17:10:43.597+0100] {logging_mixin.py:137} INFO - [2023-02-15T17:10:43.597+0100] {dag.py:2690} INFO - Sync 2 DAGs
[2023-02-15T17:10:43.601+0100] {logging_mixin.py:137} INFO - [2023-02-15T17:10:43.600+0100] {dag.py:3437} INFO - Setting next_dagrun for example_subdag_operator.section-1 to None, run_after=None
[2023-02-15T17:10:43.601+0100] {logging_mixin.py:137} INFO - [2023-02-15T17:10:43.601+0100] {dag.py:3437} INFO - Setting next_dagrun for example_subdag_operator.section-2 to None, run_after=None
[2023-02-15T17:10:43.611+0100] {processor.py:175} INFO - Processing /Users/Emily/.pyenv/versions/3.10.6/envs/airflow/lib/python3.10/site-packages/airflow/example_dags/example_subdag_operator.py took 0.908 seconds
