[2023-02-15T17:07:06.504+0100] {processor.py:153} INFO - Started process (PID=57070) to work on /Users/Emily/.pyenv/versions/3.10.6/envs/airflow/lib/python3.10/site-packages/airflow/example_dags/example_sensors.py
[2023-02-15T17:07:06.509+0100] {processor.py:743} INFO - Processing file /Users/Emily/.pyenv/versions/3.10.6/envs/airflow/lib/python3.10/site-packages/airflow/example_dags/example_sensors.py for tasks to queue
[2023-02-15T17:07:06.509+0100] {logging_mixin.py:137} INFO - [2023-02-15T17:07:06.509+0100] {dagbag.py:538} INFO - Filling up the DagBag from /Users/Emily/.pyenv/versions/3.10.6/envs/airflow/lib/python3.10/site-packages/airflow/example_dags/example_sensors.py
[2023-02-15T17:07:06.542+0100] {processor.py:753} INFO - DAG(s) dict_keys(['example_sensors']) retrieved from /Users/Emily/.pyenv/versions/3.10.6/envs/airflow/lib/python3.10/site-packages/airflow/example_dags/example_sensors.py
[2023-02-15T17:07:07.597+0100] {logging_mixin.py:137} INFO - [2023-02-15T17:07:07.597+0100] {manager.py:504} INFO - Created Permission View: can read on DAG:example_sensors
[2023-02-15T17:07:07.605+0100] {logging_mixin.py:137} INFO - [2023-02-15T17:07:07.604+0100] {manager.py:504} INFO - Created Permission View: can edit on DAG:example_sensors
[2023-02-15T17:07:07.610+0100] {logging_mixin.py:137} INFO - [2023-02-15T17:07:07.610+0100] {manager.py:504} INFO - Created Permission View: can delete on DAG:example_sensors
[2023-02-15T17:07:07.611+0100] {logging_mixin.py:137} INFO - [2023-02-15T17:07:07.611+0100] {dag.py:2690} INFO - Sync 1 DAGs
[2023-02-15T17:07:07.622+0100] {logging_mixin.py:137} INFO - [2023-02-15T17:07:07.621+0100] {dag.py:2711} INFO - Creating ORM DAG for example_sensors
[2023-02-15T17:07:07.631+0100] {logging_mixin.py:137} INFO - [2023-02-15T17:07:07.631+0100] {dag.py:3437} INFO - Setting next_dagrun for example_sensors to None, run_after=None
[2023-02-15T17:07:07.648+0100] {processor.py:175} INFO - Processing /Users/Emily/.pyenv/versions/3.10.6/envs/airflow/lib/python3.10/site-packages/airflow/example_dags/example_sensors.py took 1.144 seconds
[2023-02-15T17:08:42.756+0100] {processor.py:153} INFO - Started process (PID=57147) to work on /Users/Emily/.pyenv/versions/3.10.6/envs/airflow/lib/python3.10/site-packages/airflow/example_dags/example_sensors.py
[2023-02-15T17:08:42.761+0100] {processor.py:743} INFO - Processing file /Users/Emily/.pyenv/versions/3.10.6/envs/airflow/lib/python3.10/site-packages/airflow/example_dags/example_sensors.py for tasks to queue
[2023-02-15T17:08:42.761+0100] {logging_mixin.py:137} INFO - [2023-02-15T17:08:42.761+0100] {dagbag.py:538} INFO - Filling up the DagBag from /Users/Emily/.pyenv/versions/3.10.6/envs/airflow/lib/python3.10/site-packages/airflow/example_dags/example_sensors.py
[2023-02-15T17:08:42.792+0100] {processor.py:753} INFO - DAG(s) dict_keys(['example_sensors']) retrieved from /Users/Emily/.pyenv/versions/3.10.6/envs/airflow/lib/python3.10/site-packages/airflow/example_dags/example_sensors.py
[2023-02-15T17:08:43.427+0100] {logging_mixin.py:137} INFO - [2023-02-15T17:08:43.427+0100] {dag.py:2690} INFO - Sync 1 DAGs
[2023-02-15T17:08:43.438+0100] {logging_mixin.py:137} INFO - [2023-02-15T17:08:43.438+0100] {dag.py:3437} INFO - Setting next_dagrun for example_sensors to None, run_after=None
[2023-02-15T17:08:43.454+0100] {processor.py:175} INFO - Processing /Users/Emily/.pyenv/versions/3.10.6/envs/airflow/lib/python3.10/site-packages/airflow/example_dags/example_sensors.py took 0.699 seconds
[2023-02-15T17:10:51.875+0100] {processor.py:153} INFO - Started process (PID=57270) to work on /Users/Emily/.pyenv/versions/3.10.6/envs/airflow/lib/python3.10/site-packages/airflow/example_dags/example_sensors.py
[2023-02-15T17:10:51.879+0100] {processor.py:743} INFO - Processing file /Users/Emily/.pyenv/versions/3.10.6/envs/airflow/lib/python3.10/site-packages/airflow/example_dags/example_sensors.py for tasks to queue
[2023-02-15T17:10:51.879+0100] {logging_mixin.py:137} INFO - [2023-02-15T17:10:51.879+0100] {dagbag.py:538} INFO - Filling up the DagBag from /Users/Emily/.pyenv/versions/3.10.6/envs/airflow/lib/python3.10/site-packages/airflow/example_dags/example_sensors.py
[2023-02-15T17:10:51.905+0100] {processor.py:753} INFO - DAG(s) dict_keys(['example_sensors']) retrieved from /Users/Emily/.pyenv/versions/3.10.6/envs/airflow/lib/python3.10/site-packages/airflow/example_dags/example_sensors.py
[2023-02-15T17:10:52.657+0100] {logging_mixin.py:137} INFO - [2023-02-15T17:10:52.656+0100] {dag.py:2690} INFO - Sync 1 DAGs
[2023-02-15T17:10:52.675+0100] {logging_mixin.py:137} INFO - [2023-02-15T17:10:52.675+0100] {dag.py:3437} INFO - Setting next_dagrun for example_sensors to None, run_after=None
[2023-02-15T17:10:52.693+0100] {processor.py:175} INFO - Processing /Users/Emily/.pyenv/versions/3.10.6/envs/airflow/lib/python3.10/site-packages/airflow/example_dags/example_sensors.py took 0.818 seconds
