[2023-02-15T17:06:38.638+0100] {processor.py:153} INFO - Started process (PID=57046) to work on /Users/Emily/.pyenv/versions/3.10.6/envs/airflow/lib/python3.10/site-packages/airflow/example_dags/example_trigger_target_dag.py
[2023-02-15T17:06:38.643+0100] {processor.py:743} INFO - Processing file /Users/Emily/.pyenv/versions/3.10.6/envs/airflow/lib/python3.10/site-packages/airflow/example_dags/example_trigger_target_dag.py for tasks to queue
[2023-02-15T17:06:38.643+0100] {logging_mixin.py:137} INFO - [2023-02-15T17:06:38.643+0100] {dagbag.py:538} INFO - Filling up the DagBag from /Users/Emily/.pyenv/versions/3.10.6/envs/airflow/lib/python3.10/site-packages/airflow/example_dags/example_trigger_target_dag.py
[2023-02-15T17:06:38.684+0100] {processor.py:753} INFO - DAG(s) dict_keys(['example_trigger_target_dag']) retrieved from /Users/Emily/.pyenv/versions/3.10.6/envs/airflow/lib/python3.10/site-packages/airflow/example_dags/example_trigger_target_dag.py
[2023-02-15T17:06:39.358+0100] {logging_mixin.py:137} INFO - [2023-02-15T17:06:39.358+0100] {manager.py:504} INFO - Created Permission View: can delete on DAG:example_trigger_target_dag
[2023-02-15T17:06:39.366+0100] {logging_mixin.py:137} INFO - [2023-02-15T17:06:39.366+0100] {manager.py:504} INFO - Created Permission View: can read on DAG:example_trigger_target_dag
[2023-02-15T17:06:39.371+0100] {logging_mixin.py:137} INFO - [2023-02-15T17:06:39.371+0100] {manager.py:504} INFO - Created Permission View: can edit on DAG:example_trigger_target_dag
[2023-02-15T17:06:39.372+0100] {logging_mixin.py:137} INFO - [2023-02-15T17:06:39.371+0100] {dag.py:2690} INFO - Sync 1 DAGs
[2023-02-15T17:06:39.380+0100] {logging_mixin.py:137} INFO - [2023-02-15T17:06:39.380+0100] {dag.py:2711} INFO - Creating ORM DAG for example_trigger_target_dag
[2023-02-15T17:06:39.388+0100] {logging_mixin.py:137} INFO - [2023-02-15T17:06:39.388+0100] {dag.py:3437} INFO - Setting next_dagrun for example_trigger_target_dag to None, run_after=None
[2023-02-15T17:06:39.401+0100] {processor.py:175} INFO - Processing /Users/Emily/.pyenv/versions/3.10.6/envs/airflow/lib/python3.10/site-packages/airflow/example_dags/example_trigger_target_dag.py took 0.764 seconds
[2023-02-15T17:08:19.305+0100] {processor.py:153} INFO - Started process (PID=57129) to work on /Users/Emily/.pyenv/versions/3.10.6/envs/airflow/lib/python3.10/site-packages/airflow/example_dags/example_trigger_target_dag.py
[2023-02-15T17:08:19.310+0100] {processor.py:743} INFO - Processing file /Users/Emily/.pyenv/versions/3.10.6/envs/airflow/lib/python3.10/site-packages/airflow/example_dags/example_trigger_target_dag.py for tasks to queue
[2023-02-15T17:08:19.311+0100] {logging_mixin.py:137} INFO - [2023-02-15T17:08:19.311+0100] {dagbag.py:538} INFO - Filling up the DagBag from /Users/Emily/.pyenv/versions/3.10.6/envs/airflow/lib/python3.10/site-packages/airflow/example_dags/example_trigger_target_dag.py
[2023-02-15T17:08:19.344+0100] {processor.py:753} INFO - DAG(s) dict_keys(['example_trigger_target_dag']) retrieved from /Users/Emily/.pyenv/versions/3.10.6/envs/airflow/lib/python3.10/site-packages/airflow/example_dags/example_trigger_target_dag.py
[2023-02-15T17:08:19.971+0100] {logging_mixin.py:137} INFO - [2023-02-15T17:08:19.971+0100] {dag.py:2690} INFO - Sync 1 DAGs
[2023-02-15T17:08:19.986+0100] {logging_mixin.py:137} INFO - [2023-02-15T17:08:19.986+0100] {dag.py:3437} INFO - Setting next_dagrun for example_trigger_target_dag to None, run_after=None
[2023-02-15T17:08:20.002+0100] {processor.py:175} INFO - Processing /Users/Emily/.pyenv/versions/3.10.6/envs/airflow/lib/python3.10/site-packages/airflow/example_dags/example_trigger_target_dag.py took 0.698 seconds
[2023-02-15T17:09:22.943+0100] {processor.py:153} INFO - Started process (PID=57176) to work on /Users/Emily/.pyenv/versions/3.10.6/envs/airflow/lib/python3.10/site-packages/airflow/example_dags/example_trigger_target_dag.py
[2023-02-15T17:09:22.946+0100] {processor.py:743} INFO - Processing file /Users/Emily/.pyenv/versions/3.10.6/envs/airflow/lib/python3.10/site-packages/airflow/example_dags/example_trigger_target_dag.py for tasks to queue
[2023-02-15T17:09:22.947+0100] {logging_mixin.py:137} INFO - [2023-02-15T17:09:22.947+0100] {dagbag.py:538} INFO - Filling up the DagBag from /Users/Emily/.pyenv/versions/3.10.6/envs/airflow/lib/python3.10/site-packages/airflow/example_dags/example_trigger_target_dag.py
[2023-02-15T17:09:22.978+0100] {processor.py:753} INFO - DAG(s) dict_keys(['example_trigger_target_dag']) retrieved from /Users/Emily/.pyenv/versions/3.10.6/envs/airflow/lib/python3.10/site-packages/airflow/example_dags/example_trigger_target_dag.py
[2023-02-15T17:09:23.559+0100] {logging_mixin.py:137} INFO - [2023-02-15T17:09:23.559+0100] {dag.py:2690} INFO - Sync 1 DAGs
[2023-02-15T17:09:23.574+0100] {logging_mixin.py:137} INFO - [2023-02-15T17:09:23.574+0100] {dag.py:3437} INFO - Setting next_dagrun for example_trigger_target_dag to None, run_after=None
[2023-02-15T17:09:23.590+0100] {processor.py:175} INFO - Processing /Users/Emily/.pyenv/versions/3.10.6/envs/airflow/lib/python3.10/site-packages/airflow/example_dags/example_trigger_target_dag.py took 0.648 seconds
[2023-02-15T17:10:27.001+0100] {processor.py:153} INFO - Started process (PID=57238) to work on /Users/Emily/.pyenv/versions/3.10.6/envs/airflow/lib/python3.10/site-packages/airflow/example_dags/example_trigger_target_dag.py
[2023-02-15T17:10:27.004+0100] {processor.py:743} INFO - Processing file /Users/Emily/.pyenv/versions/3.10.6/envs/airflow/lib/python3.10/site-packages/airflow/example_dags/example_trigger_target_dag.py for tasks to queue
[2023-02-15T17:10:27.004+0100] {logging_mixin.py:137} INFO - [2023-02-15T17:10:27.004+0100] {dagbag.py:538} INFO - Filling up the DagBag from /Users/Emily/.pyenv/versions/3.10.6/envs/airflow/lib/python3.10/site-packages/airflow/example_dags/example_trigger_target_dag.py
[2023-02-15T17:10:27.037+0100] {processor.py:753} INFO - DAG(s) dict_keys(['example_trigger_target_dag']) retrieved from /Users/Emily/.pyenv/versions/3.10.6/envs/airflow/lib/python3.10/site-packages/airflow/example_dags/example_trigger_target_dag.py
[2023-02-15T17:10:27.665+0100] {logging_mixin.py:137} INFO - [2023-02-15T17:10:27.665+0100] {dag.py:2690} INFO - Sync 1 DAGs
[2023-02-15T17:10:27.679+0100] {logging_mixin.py:137} INFO - [2023-02-15T17:10:27.679+0100] {dag.py:3437} INFO - Setting next_dagrun for example_trigger_target_dag to None, run_after=None
[2023-02-15T17:10:27.700+0100] {processor.py:175} INFO - Processing /Users/Emily/.pyenv/versions/3.10.6/envs/airflow/lib/python3.10/site-packages/airflow/example_dags/example_trigger_target_dag.py took 0.700 seconds
[2023-02-15T17:11:38.718+0100] {processor.py:153} INFO - Started process (PID=57313) to work on /Users/Emily/.pyenv/versions/3.10.6/envs/airflow/lib/python3.10/site-packages/airflow/example_dags/example_trigger_target_dag.py
[2023-02-15T17:11:38.723+0100] {processor.py:743} INFO - Processing file /Users/Emily/.pyenv/versions/3.10.6/envs/airflow/lib/python3.10/site-packages/airflow/example_dags/example_trigger_target_dag.py for tasks to queue
[2023-02-15T17:11:38.724+0100] {logging_mixin.py:137} INFO - [2023-02-15T17:11:38.724+0100] {dagbag.py:538} INFO - Filling up the DagBag from /Users/Emily/.pyenv/versions/3.10.6/envs/airflow/lib/python3.10/site-packages/airflow/example_dags/example_trigger_target_dag.py
[2023-02-15T17:11:38.770+0100] {processor.py:753} INFO - DAG(s) dict_keys(['example_trigger_target_dag']) retrieved from /Users/Emily/.pyenv/versions/3.10.6/envs/airflow/lib/python3.10/site-packages/airflow/example_dags/example_trigger_target_dag.py
[2023-02-15T17:11:39.565+0100] {logging_mixin.py:137} INFO - [2023-02-15T17:11:39.565+0100] {dag.py:2690} INFO - Sync 1 DAGs
[2023-02-15T17:11:39.586+0100] {logging_mixin.py:137} INFO - [2023-02-15T17:11:39.586+0100] {dag.py:3437} INFO - Setting next_dagrun for example_trigger_target_dag to None, run_after=None
[2023-02-15T17:11:39.614+0100] {processor.py:175} INFO - Processing /Users/Emily/.pyenv/versions/3.10.6/envs/airflow/lib/python3.10/site-packages/airflow/example_dags/example_trigger_target_dag.py took 0.897 seconds
