[2023-02-15T17:07:20.377+0100] {processor.py:153} INFO - Started process (PID=57079) to work on /Users/Emily/.pyenv/versions/3.10.6/envs/airflow/lib/python3.10/site-packages/airflow/example_dags/example_local_kubernetes_executor.py
[2023-02-15T17:07:20.381+0100] {processor.py:743} INFO - Processing file /Users/Emily/.pyenv/versions/3.10.6/envs/airflow/lib/python3.10/site-packages/airflow/example_dags/example_local_kubernetes_executor.py for tasks to queue
[2023-02-15T17:07:20.382+0100] {logging_mixin.py:137} INFO - [2023-02-15T17:07:20.381+0100] {dagbag.py:538} INFO - Filling up the DagBag from /Users/Emily/.pyenv/versions/3.10.6/envs/airflow/lib/python3.10/site-packages/airflow/example_dags/example_local_kubernetes_executor.py
[2023-02-15T17:07:20.421+0100] {logging_mixin.py:137} INFO - [2023-02-15T17:07:20.421+0100] {example_local_kubernetes_executor.py:39} WARNING - Could not import DAGs in example_local_kubernetes_executor.py
Traceback (most recent call last):
  File "/Users/Emily/.pyenv/versions/3.10.6/envs/airflow/lib/python3.10/site-packages/airflow/example_dags/example_local_kubernetes_executor.py", line 37, in <module>
    from kubernetes.client import models as k8s
ModuleNotFoundError: No module named 'kubernetes'
[2023-02-15T17:07:20.421+0100] {logging_mixin.py:137} INFO - [2023-02-15T17:07:20.421+0100] {example_local_kubernetes_executor.py:40} WARNING - Install Kubernetes dependencies with: pip install apache-airflow[cncf.kubernetes]
[2023-02-15T17:07:20.421+0100] {processor.py:755} WARNING - No viable dags retrieved from /Users/Emily/.pyenv/versions/3.10.6/envs/airflow/lib/python3.10/site-packages/airflow/example_dags/example_local_kubernetes_executor.py
[2023-02-15T17:07:21.046+0100] {processor.py:175} INFO - Processing /Users/Emily/.pyenv/versions/3.10.6/envs/airflow/lib/python3.10/site-packages/airflow/example_dags/example_local_kubernetes_executor.py took 0.669 seconds
[2023-02-15T17:08:54.308+0100] {processor.py:153} INFO - Started process (PID=57155) to work on /Users/Emily/.pyenv/versions/3.10.6/envs/airflow/lib/python3.10/site-packages/airflow/example_dags/example_local_kubernetes_executor.py
[2023-02-15T17:08:54.313+0100] {processor.py:743} INFO - Processing file /Users/Emily/.pyenv/versions/3.10.6/envs/airflow/lib/python3.10/site-packages/airflow/example_dags/example_local_kubernetes_executor.py for tasks to queue
[2023-02-15T17:08:54.314+0100] {logging_mixin.py:137} INFO - [2023-02-15T17:08:54.314+0100] {dagbag.py:538} INFO - Filling up the DagBag from /Users/Emily/.pyenv/versions/3.10.6/envs/airflow/lib/python3.10/site-packages/airflow/example_dags/example_local_kubernetes_executor.py
[2023-02-15T17:08:54.350+0100] {logging_mixin.py:137} INFO - [2023-02-15T17:08:54.350+0100] {example_local_kubernetes_executor.py:39} WARNING - Could not import DAGs in example_local_kubernetes_executor.py
Traceback (most recent call last):
  File "/Users/Emily/.pyenv/versions/3.10.6/envs/airflow/lib/python3.10/site-packages/airflow/example_dags/example_local_kubernetes_executor.py", line 37, in <module>
    from kubernetes.client import models as k8s
ModuleNotFoundError: No module named 'kubernetes'
[2023-02-15T17:08:54.350+0100] {logging_mixin.py:137} INFO - [2023-02-15T17:08:54.350+0100] {example_local_kubernetes_executor.py:40} WARNING - Install Kubernetes dependencies with: pip install apache-airflow[cncf.kubernetes]
[2023-02-15T17:08:54.350+0100] {processor.py:755} WARNING - No viable dags retrieved from /Users/Emily/.pyenv/versions/3.10.6/envs/airflow/lib/python3.10/site-packages/airflow/example_dags/example_local_kubernetes_executor.py
[2023-02-15T17:08:55.017+0100] {processor.py:175} INFO - Processing /Users/Emily/.pyenv/versions/3.10.6/envs/airflow/lib/python3.10/site-packages/airflow/example_dags/example_local_kubernetes_executor.py took 0.710 seconds
[2023-02-15T17:11:03.679+0100] {processor.py:153} INFO - Started process (PID=57286) to work on /Users/Emily/.pyenv/versions/3.10.6/envs/airflow/lib/python3.10/site-packages/airflow/example_dags/example_local_kubernetes_executor.py
[2023-02-15T17:11:03.682+0100] {processor.py:743} INFO - Processing file /Users/Emily/.pyenv/versions/3.10.6/envs/airflow/lib/python3.10/site-packages/airflow/example_dags/example_local_kubernetes_executor.py for tasks to queue
[2023-02-15T17:11:03.683+0100] {logging_mixin.py:137} INFO - [2023-02-15T17:11:03.683+0100] {dagbag.py:538} INFO - Filling up the DagBag from /Users/Emily/.pyenv/versions/3.10.6/envs/airflow/lib/python3.10/site-packages/airflow/example_dags/example_local_kubernetes_executor.py
[2023-02-15T17:11:03.712+0100] {logging_mixin.py:137} INFO - [2023-02-15T17:11:03.712+0100] {example_local_kubernetes_executor.py:39} WARNING - Could not import DAGs in example_local_kubernetes_executor.py
Traceback (most recent call last):
  File "/Users/Emily/.pyenv/versions/3.10.6/envs/airflow/lib/python3.10/site-packages/airflow/example_dags/example_local_kubernetes_executor.py", line 37, in <module>
    from kubernetes.client import models as k8s
ModuleNotFoundError: No module named 'kubernetes'
[2023-02-15T17:11:03.713+0100] {logging_mixin.py:137} INFO - [2023-02-15T17:11:03.712+0100] {example_local_kubernetes_executor.py:40} WARNING - Install Kubernetes dependencies with: pip install apache-airflow[cncf.kubernetes]
[2023-02-15T17:11:03.713+0100] {processor.py:755} WARNING - No viable dags retrieved from /Users/Emily/.pyenv/versions/3.10.6/envs/airflow/lib/python3.10/site-packages/airflow/example_dags/example_local_kubernetes_executor.py
[2023-02-15T17:11:04.344+0100] {processor.py:175} INFO - Processing /Users/Emily/.pyenv/versions/3.10.6/envs/airflow/lib/python3.10/site-packages/airflow/example_dags/example_local_kubernetes_executor.py took 0.666 seconds
