[2023-02-15T17:07:12.317+0100] {processor.py:153} INFO - Started process (PID=57073) to work on /Users/Emily/.pyenv/versions/3.10.6/envs/airflow/lib/python3.10/site-packages/airflow/example_dags/example_python_operator.py
[2023-02-15T17:07:12.321+0100] {processor.py:743} INFO - Processing file /Users/Emily/.pyenv/versions/3.10.6/envs/airflow/lib/python3.10/site-packages/airflow/example_dags/example_python_operator.py for tasks to queue
[2023-02-15T17:07:12.322+0100] {logging_mixin.py:137} INFO - [2023-02-15T17:07:12.322+0100] {dagbag.py:538} INFO - Filling up the DagBag from /Users/Emily/.pyenv/versions/3.10.6/envs/airflow/lib/python3.10/site-packages/airflow/example_dags/example_python_operator.py
[2023-02-15T17:07:12.359+0100] {logging_mixin.py:137} INFO - [2023-02-15T17:07:12.359+0100] {taskmixin.py:205} WARNING - Dependency <Task(_PythonDecoratedOperator): print_the_context>, log_sql_query already registered for DAG: example_python_operator
[2023-02-15T17:07:12.359+0100] {logging_mixin.py:137} INFO - [2023-02-15T17:07:12.359+0100] {taskmixin.py:205} WARNING - Dependency <Task(_PythonDecoratedOperator): log_sql_query>, print_the_context already registered for DAG: example_python_operator
[2023-02-15T17:07:12.360+0100] {logging_mixin.py:137} INFO - [2023-02-15T17:07:12.360+0100] {taskmixin.py:205} WARNING - Dependency <Task(_PythonDecoratedOperator): print_the_context>, log_sql_query already registered for DAG: example_python_operator
[2023-02-15T17:07:12.360+0100] {logging_mixin.py:137} INFO - [2023-02-15T17:07:12.360+0100] {taskmixin.py:205} WARNING - Dependency <Task(_PythonDecoratedOperator): log_sql_query>, print_the_context already registered for DAG: example_python_operator
[2023-02-15T17:07:12.361+0100] {logging_mixin.py:137} INFO - [2023-02-15T17:07:12.361+0100] {taskmixin.py:205} WARNING - Dependency <Task(_PythonDecoratedOperator): print_the_context>, log_sql_query already registered for DAG: example_python_operator
[2023-02-15T17:07:12.361+0100] {logging_mixin.py:137} INFO - [2023-02-15T17:07:12.361+0100] {taskmixin.py:205} WARNING - Dependency <Task(_PythonDecoratedOperator): log_sql_query>, print_the_context already registered for DAG: example_python_operator
[2023-02-15T17:07:12.362+0100] {logging_mixin.py:137} INFO - [2023-02-15T17:07:12.362+0100] {taskmixin.py:205} WARNING - Dependency <Task(_PythonDecoratedOperator): print_the_context>, log_sql_query already registered for DAG: example_python_operator
[2023-02-15T17:07:12.362+0100] {logging_mixin.py:137} INFO - [2023-02-15T17:07:12.362+0100] {taskmixin.py:205} WARNING - Dependency <Task(_PythonDecoratedOperator): log_sql_query>, print_the_context already registered for DAG: example_python_operator
[2023-02-15T17:07:12.362+0100] {logging_mixin.py:137} INFO - [2023-02-15T17:07:12.362+0100] {example_python_operator.py:90} WARNING - The virtalenv_python example task requires virtualenv, please install it.
[2023-02-15T17:07:12.367+0100] {processor.py:753} INFO - DAG(s) dict_keys(['example_python_operator']) retrieved from /Users/Emily/.pyenv/versions/3.10.6/envs/airflow/lib/python3.10/site-packages/airflow/example_dags/example_python_operator.py
[2023-02-15T17:07:13.099+0100] {logging_mixin.py:137} INFO - [2023-02-15T17:07:13.098+0100] {manager.py:504} INFO - Created Permission View: can delete on DAG:example_python_operator
[2023-02-15T17:07:13.104+0100] {logging_mixin.py:137} INFO - [2023-02-15T17:07:13.104+0100] {manager.py:504} INFO - Created Permission View: can read on DAG:example_python_operator
[2023-02-15T17:07:13.109+0100] {logging_mixin.py:137} INFO - [2023-02-15T17:07:13.109+0100] {manager.py:504} INFO - Created Permission View: can edit on DAG:example_python_operator
[2023-02-15T17:07:13.109+0100] {logging_mixin.py:137} INFO - [2023-02-15T17:07:13.109+0100] {dag.py:2690} INFO - Sync 1 DAGs
[2023-02-15T17:07:13.117+0100] {logging_mixin.py:137} INFO - [2023-02-15T17:07:13.117+0100] {dag.py:2711} INFO - Creating ORM DAG for example_python_operator
[2023-02-15T17:07:13.123+0100] {logging_mixin.py:137} INFO - [2023-02-15T17:07:13.123+0100] {dag.py:3437} INFO - Setting next_dagrun for example_python_operator to None, run_after=None
[2023-02-15T17:07:13.134+0100] {processor.py:175} INFO - Processing /Users/Emily/.pyenv/versions/3.10.6/envs/airflow/lib/python3.10/site-packages/airflow/example_dags/example_python_operator.py took 0.818 seconds
[2023-02-15T17:08:47.765+0100] {processor.py:153} INFO - Started process (PID=57151) to work on /Users/Emily/.pyenv/versions/3.10.6/envs/airflow/lib/python3.10/site-packages/airflow/example_dags/example_python_operator.py
[2023-02-15T17:08:47.769+0100] {processor.py:743} INFO - Processing file /Users/Emily/.pyenv/versions/3.10.6/envs/airflow/lib/python3.10/site-packages/airflow/example_dags/example_python_operator.py for tasks to queue
[2023-02-15T17:08:47.769+0100] {logging_mixin.py:137} INFO - [2023-02-15T17:08:47.769+0100] {dagbag.py:538} INFO - Filling up the DagBag from /Users/Emily/.pyenv/versions/3.10.6/envs/airflow/lib/python3.10/site-packages/airflow/example_dags/example_python_operator.py
[2023-02-15T17:08:47.801+0100] {logging_mixin.py:137} INFO - [2023-02-15T17:08:47.801+0100] {taskmixin.py:205} WARNING - Dependency <Task(_PythonDecoratedOperator): print_the_context>, log_sql_query already registered for DAG: example_python_operator
[2023-02-15T17:08:47.801+0100] {logging_mixin.py:137} INFO - [2023-02-15T17:08:47.801+0100] {taskmixin.py:205} WARNING - Dependency <Task(_PythonDecoratedOperator): log_sql_query>, print_the_context already registered for DAG: example_python_operator
[2023-02-15T17:08:47.801+0100] {logging_mixin.py:137} INFO - [2023-02-15T17:08:47.801+0100] {taskmixin.py:205} WARNING - Dependency <Task(_PythonDecoratedOperator): print_the_context>, log_sql_query already registered for DAG: example_python_operator
[2023-02-15T17:08:47.802+0100] {logging_mixin.py:137} INFO - [2023-02-15T17:08:47.801+0100] {taskmixin.py:205} WARNING - Dependency <Task(_PythonDecoratedOperator): log_sql_query>, print_the_context already registered for DAG: example_python_operator
[2023-02-15T17:08:47.802+0100] {logging_mixin.py:137} INFO - [2023-02-15T17:08:47.802+0100] {taskmixin.py:205} WARNING - Dependency <Task(_PythonDecoratedOperator): print_the_context>, log_sql_query already registered for DAG: example_python_operator
[2023-02-15T17:08:47.802+0100] {logging_mixin.py:137} INFO - [2023-02-15T17:08:47.802+0100] {taskmixin.py:205} WARNING - Dependency <Task(_PythonDecoratedOperator): log_sql_query>, print_the_context already registered for DAG: example_python_operator
[2023-02-15T17:08:47.803+0100] {logging_mixin.py:137} INFO - [2023-02-15T17:08:47.803+0100] {taskmixin.py:205} WARNING - Dependency <Task(_PythonDecoratedOperator): print_the_context>, log_sql_query already registered for DAG: example_python_operator
[2023-02-15T17:08:47.803+0100] {logging_mixin.py:137} INFO - [2023-02-15T17:08:47.803+0100] {taskmixin.py:205} WARNING - Dependency <Task(_PythonDecoratedOperator): log_sql_query>, print_the_context already registered for DAG: example_python_operator
[2023-02-15T17:08:47.803+0100] {logging_mixin.py:137} INFO - [2023-02-15T17:08:47.803+0100] {example_python_operator.py:90} WARNING - The virtalenv_python example task requires virtualenv, please install it.
[2023-02-15T17:08:47.807+0100] {processor.py:753} INFO - DAG(s) dict_keys(['example_python_operator']) retrieved from /Users/Emily/.pyenv/versions/3.10.6/envs/airflow/lib/python3.10/site-packages/airflow/example_dags/example_python_operator.py
[2023-02-15T17:08:48.427+0100] {logging_mixin.py:137} INFO - [2023-02-15T17:08:48.426+0100] {dag.py:2690} INFO - Sync 1 DAGs
[2023-02-15T17:08:48.442+0100] {logging_mixin.py:137} INFO - [2023-02-15T17:08:48.441+0100] {dag.py:3437} INFO - Setting next_dagrun for example_python_operator to None, run_after=None
[2023-02-15T17:08:48.455+0100] {processor.py:175} INFO - Processing /Users/Emily/.pyenv/versions/3.10.6/envs/airflow/lib/python3.10/site-packages/airflow/example_dags/example_python_operator.py took 0.691 seconds
[2023-02-15T17:10:56.428+0100] {processor.py:153} INFO - Started process (PID=57275) to work on /Users/Emily/.pyenv/versions/3.10.6/envs/airflow/lib/python3.10/site-packages/airflow/example_dags/example_python_operator.py
[2023-02-15T17:10:56.432+0100] {processor.py:743} INFO - Processing file /Users/Emily/.pyenv/versions/3.10.6/envs/airflow/lib/python3.10/site-packages/airflow/example_dags/example_python_operator.py for tasks to queue
[2023-02-15T17:10:56.433+0100] {logging_mixin.py:137} INFO - [2023-02-15T17:10:56.432+0100] {dagbag.py:538} INFO - Filling up the DagBag from /Users/Emily/.pyenv/versions/3.10.6/envs/airflow/lib/python3.10/site-packages/airflow/example_dags/example_python_operator.py
[2023-02-15T17:10:56.470+0100] {logging_mixin.py:137} INFO - [2023-02-15T17:10:56.470+0100] {taskmixin.py:205} WARNING - Dependency <Task(_PythonDecoratedOperator): print_the_context>, log_sql_query already registered for DAG: example_python_operator
[2023-02-15T17:10:56.470+0100] {logging_mixin.py:137} INFO - [2023-02-15T17:10:56.470+0100] {taskmixin.py:205} WARNING - Dependency <Task(_PythonDecoratedOperator): log_sql_query>, print_the_context already registered for DAG: example_python_operator
[2023-02-15T17:10:56.471+0100] {logging_mixin.py:137} INFO - [2023-02-15T17:10:56.470+0100] {taskmixin.py:205} WARNING - Dependency <Task(_PythonDecoratedOperator): print_the_context>, log_sql_query already registered for DAG: example_python_operator
[2023-02-15T17:10:56.471+0100] {logging_mixin.py:137} INFO - [2023-02-15T17:10:56.471+0100] {taskmixin.py:205} WARNING - Dependency <Task(_PythonDecoratedOperator): log_sql_query>, print_the_context already registered for DAG: example_python_operator
[2023-02-15T17:10:56.471+0100] {logging_mixin.py:137} INFO - [2023-02-15T17:10:56.471+0100] {taskmixin.py:205} WARNING - Dependency <Task(_PythonDecoratedOperator): print_the_context>, log_sql_query already registered for DAG: example_python_operator
[2023-02-15T17:10:56.471+0100] {logging_mixin.py:137} INFO - [2023-02-15T17:10:56.471+0100] {taskmixin.py:205} WARNING - Dependency <Task(_PythonDecoratedOperator): log_sql_query>, print_the_context already registered for DAG: example_python_operator
[2023-02-15T17:10:56.472+0100] {logging_mixin.py:137} INFO - [2023-02-15T17:10:56.472+0100] {taskmixin.py:205} WARNING - Dependency <Task(_PythonDecoratedOperator): print_the_context>, log_sql_query already registered for DAG: example_python_operator
[2023-02-15T17:10:56.472+0100] {logging_mixin.py:137} INFO - [2023-02-15T17:10:56.472+0100] {taskmixin.py:205} WARNING - Dependency <Task(_PythonDecoratedOperator): log_sql_query>, print_the_context already registered for DAG: example_python_operator
[2023-02-15T17:10:56.473+0100] {logging_mixin.py:137} INFO - [2023-02-15T17:10:56.473+0100] {example_python_operator.py:90} WARNING - The virtalenv_python example task requires virtualenv, please install it.
[2023-02-15T17:10:56.478+0100] {processor.py:753} INFO - DAG(s) dict_keys(['example_python_operator']) retrieved from /Users/Emily/.pyenv/versions/3.10.6/envs/airflow/lib/python3.10/site-packages/airflow/example_dags/example_python_operator.py
[2023-02-15T17:10:57.226+0100] {logging_mixin.py:137} INFO - [2023-02-15T17:10:57.226+0100] {dag.py:2690} INFO - Sync 1 DAGs
[2023-02-15T17:10:57.245+0100] {logging_mixin.py:137} INFO - [2023-02-15T17:10:57.245+0100] {dag.py:3437} INFO - Setting next_dagrun for example_python_operator to None, run_after=None
[2023-02-15T17:10:57.264+0100] {processor.py:175} INFO - Processing /Users/Emily/.pyenv/versions/3.10.6/envs/airflow/lib/python3.10/site-packages/airflow/example_dags/example_python_operator.py took 0.837 seconds
