[2023-02-15T17:06:49.614+0100] {processor.py:153} INFO - Started process (PID=57056) to work on /Users/Emily/.pyenv/versions/3.10.6/envs/airflow/lib/python3.10/site-packages/airflow/example_dags/example_task_group.py
[2023-02-15T17:06:49.618+0100] {processor.py:743} INFO - Processing file /Users/Emily/.pyenv/versions/3.10.6/envs/airflow/lib/python3.10/site-packages/airflow/example_dags/example_task_group.py for tasks to queue
[2023-02-15T17:06:49.619+0100] {logging_mixin.py:137} INFO - [2023-02-15T17:06:49.619+0100] {dagbag.py:538} INFO - Filling up the DagBag from /Users/Emily/.pyenv/versions/3.10.6/envs/airflow/lib/python3.10/site-packages/airflow/example_dags/example_task_group.py
[2023-02-15T17:06:49.641+0100] {processor.py:753} INFO - DAG(s) dict_keys(['example_task_group']) retrieved from /Users/Emily/.pyenv/versions/3.10.6/envs/airflow/lib/python3.10/site-packages/airflow/example_dags/example_task_group.py
[2023-02-15T17:06:50.464+0100] {logging_mixin.py:137} INFO - [2023-02-15T17:06:50.464+0100] {manager.py:504} INFO - Created Permission View: can read on DAG:example_task_group
[2023-02-15T17:06:50.470+0100] {logging_mixin.py:137} INFO - [2023-02-15T17:06:50.470+0100] {manager.py:504} INFO - Created Permission View: can edit on DAG:example_task_group
[2023-02-15T17:06:50.475+0100] {logging_mixin.py:137} INFO - [2023-02-15T17:06:50.475+0100] {manager.py:504} INFO - Created Permission View: can delete on DAG:example_task_group
[2023-02-15T17:06:50.475+0100] {logging_mixin.py:137} INFO - [2023-02-15T17:06:50.475+0100] {dag.py:2690} INFO - Sync 1 DAGs
[2023-02-15T17:06:50.484+0100] {logging_mixin.py:137} INFO - [2023-02-15T17:06:50.484+0100] {dag.py:2711} INFO - Creating ORM DAG for example_task_group
[2023-02-15T17:06:50.491+0100] {logging_mixin.py:137} INFO - [2023-02-15T17:06:50.491+0100] {dag.py:3437} INFO - Setting next_dagrun for example_task_group to 2023-02-14T16:06:50.491689+00:00, run_after=2023-02-15T16:06:50.491689+00:00
[2023-02-15T17:06:50.507+0100] {processor.py:175} INFO - Processing /Users/Emily/.pyenv/versions/3.10.6/envs/airflow/lib/python3.10/site-packages/airflow/example_dags/example_task_group.py took 0.894 seconds
[2023-02-15T17:08:29.269+0100] {processor.py:153} INFO - Started process (PID=57135) to work on /Users/Emily/.pyenv/versions/3.10.6/envs/airflow/lib/python3.10/site-packages/airflow/example_dags/example_task_group.py
[2023-02-15T17:08:29.273+0100] {processor.py:743} INFO - Processing file /Users/Emily/.pyenv/versions/3.10.6/envs/airflow/lib/python3.10/site-packages/airflow/example_dags/example_task_group.py for tasks to queue
[2023-02-15T17:08:29.274+0100] {logging_mixin.py:137} INFO - [2023-02-15T17:08:29.274+0100] {dagbag.py:538} INFO - Filling up the DagBag from /Users/Emily/.pyenv/versions/3.10.6/envs/airflow/lib/python3.10/site-packages/airflow/example_dags/example_task_group.py
[2023-02-15T17:08:29.296+0100] {processor.py:753} INFO - DAG(s) dict_keys(['example_task_group']) retrieved from /Users/Emily/.pyenv/versions/3.10.6/envs/airflow/lib/python3.10/site-packages/airflow/example_dags/example_task_group.py
[2023-02-15T17:08:29.995+0100] {logging_mixin.py:137} INFO - [2023-02-15T17:08:29.995+0100] {dag.py:2690} INFO - Sync 1 DAGs
[2023-02-15T17:08:30.014+0100] {logging_mixin.py:137} INFO - [2023-02-15T17:08:30.014+0100] {dag.py:3437} INFO - Setting next_dagrun for example_task_group to 2023-02-14T16:08:30.013904+00:00, run_after=2023-02-15T16:08:30.013904+00:00
[2023-02-15T17:08:30.031+0100] {processor.py:175} INFO - Processing /Users/Emily/.pyenv/versions/3.10.6/envs/airflow/lib/python3.10/site-packages/airflow/example_dags/example_task_group.py took 0.763 seconds
[2023-02-15T17:09:31.938+0100] {processor.py:153} INFO - Started process (PID=57182) to work on /Users/Emily/.pyenv/versions/3.10.6/envs/airflow/lib/python3.10/site-packages/airflow/example_dags/example_task_group.py
[2023-02-15T17:09:31.941+0100] {processor.py:743} INFO - Processing file /Users/Emily/.pyenv/versions/3.10.6/envs/airflow/lib/python3.10/site-packages/airflow/example_dags/example_task_group.py for tasks to queue
[2023-02-15T17:09:31.942+0100] {logging_mixin.py:137} INFO - [2023-02-15T17:09:31.942+0100] {dagbag.py:538} INFO - Filling up the DagBag from /Users/Emily/.pyenv/versions/3.10.6/envs/airflow/lib/python3.10/site-packages/airflow/example_dags/example_task_group.py
[2023-02-15T17:09:31.959+0100] {processor.py:753} INFO - DAG(s) dict_keys(['example_task_group']) retrieved from /Users/Emily/.pyenv/versions/3.10.6/envs/airflow/lib/python3.10/site-packages/airflow/example_dags/example_task_group.py
[2023-02-15T17:09:32.581+0100] {logging_mixin.py:137} INFO - [2023-02-15T17:09:32.581+0100] {dag.py:2690} INFO - Sync 1 DAGs
[2023-02-15T17:09:32.596+0100] {logging_mixin.py:137} INFO - [2023-02-15T17:09:32.595+0100] {dag.py:3437} INFO - Setting next_dagrun for example_task_group to 2023-02-14T16:09:32.595857+00:00, run_after=2023-02-15T16:09:32.595857+00:00
[2023-02-15T17:09:32.610+0100] {processor.py:175} INFO - Processing /Users/Emily/.pyenv/versions/3.10.6/envs/airflow/lib/python3.10/site-packages/airflow/example_dags/example_task_group.py took 0.673 seconds
[2023-02-15T17:10:39.817+0100] {processor.py:153} INFO - Started process (PID=57257) to work on /Users/Emily/.pyenv/versions/3.10.6/envs/airflow/lib/python3.10/site-packages/airflow/example_dags/example_task_group.py
[2023-02-15T17:10:39.822+0100] {processor.py:743} INFO - Processing file /Users/Emily/.pyenv/versions/3.10.6/envs/airflow/lib/python3.10/site-packages/airflow/example_dags/example_task_group.py for tasks to queue
[2023-02-15T17:10:39.822+0100] {logging_mixin.py:137} INFO - [2023-02-15T17:10:39.822+0100] {dagbag.py:538} INFO - Filling up the DagBag from /Users/Emily/.pyenv/versions/3.10.6/envs/airflow/lib/python3.10/site-packages/airflow/example_dags/example_task_group.py
[2023-02-15T17:10:39.848+0100] {processor.py:753} INFO - DAG(s) dict_keys(['example_task_group']) retrieved from /Users/Emily/.pyenv/versions/3.10.6/envs/airflow/lib/python3.10/site-packages/airflow/example_dags/example_task_group.py
[2023-02-15T17:10:40.652+0100] {logging_mixin.py:137} INFO - [2023-02-15T17:10:40.651+0100] {dag.py:2690} INFO - Sync 1 DAGs
[2023-02-15T17:10:40.671+0100] {logging_mixin.py:137} INFO - [2023-02-15T17:10:40.671+0100] {dag.py:3437} INFO - Setting next_dagrun for example_task_group to 2023-02-14T16:10:40.671047+00:00, run_after=2023-02-15T16:10:40.671047+00:00
[2023-02-15T17:10:40.690+0100] {processor.py:175} INFO - Processing /Users/Emily/.pyenv/versions/3.10.6/envs/airflow/lib/python3.10/site-packages/airflow/example_dags/example_task_group.py took 0.874 seconds
[2023-02-15T17:11:48.154+0100] {processor.py:153} INFO - Started process (PID=57320) to work on /Users/Emily/.pyenv/versions/3.10.6/envs/airflow/lib/python3.10/site-packages/airflow/example_dags/example_task_group.py
[2023-02-15T17:11:48.159+0100] {processor.py:743} INFO - Processing file /Users/Emily/.pyenv/versions/3.10.6/envs/airflow/lib/python3.10/site-packages/airflow/example_dags/example_task_group.py for tasks to queue
[2023-02-15T17:11:48.159+0100] {logging_mixin.py:137} INFO - [2023-02-15T17:11:48.159+0100] {dagbag.py:538} INFO - Filling up the DagBag from /Users/Emily/.pyenv/versions/3.10.6/envs/airflow/lib/python3.10/site-packages/airflow/example_dags/example_task_group.py
[2023-02-15T17:11:48.180+0100] {processor.py:753} INFO - DAG(s) dict_keys(['example_task_group']) retrieved from /Users/Emily/.pyenv/versions/3.10.6/envs/airflow/lib/python3.10/site-packages/airflow/example_dags/example_task_group.py
[2023-02-15T17:11:48.877+0100] {logging_mixin.py:137} INFO - [2023-02-15T17:11:48.877+0100] {dag.py:2690} INFO - Sync 1 DAGs
[2023-02-15T17:11:48.891+0100] {logging_mixin.py:137} INFO - [2023-02-15T17:11:48.891+0100] {dag.py:3437} INFO - Setting next_dagrun for example_task_group to 2023-02-14T16:11:48.891437+00:00, run_after=2023-02-15T16:11:48.891437+00:00
[2023-02-15T17:11:48.906+0100] {processor.py:175} INFO - Processing /Users/Emily/.pyenv/versions/3.10.6/envs/airflow/lib/python3.10/site-packages/airflow/example_dags/example_task_group.py took 0.752 seconds
