[2023-02-15T17:07:41.552+0100] {processor.py:153} INFO - Started process (PID=57101) to work on /Users/Emily/.pyenv/versions/3.10.6/envs/airflow/lib/python3.10/site-packages/airflow/example_dags/example_complex.py
[2023-02-15T17:07:41.556+0100] {processor.py:743} INFO - Processing file /Users/Emily/.pyenv/versions/3.10.6/envs/airflow/lib/python3.10/site-packages/airflow/example_dags/example_complex.py for tasks to queue
[2023-02-15T17:07:41.556+0100] {logging_mixin.py:137} INFO - [2023-02-15T17:07:41.556+0100] {dagbag.py:538} INFO - Filling up the DagBag from /Users/Emily/.pyenv/versions/3.10.6/envs/airflow/lib/python3.10/site-packages/airflow/example_dags/example_complex.py
[2023-02-15T17:07:41.575+0100] {logging_mixin.py:137} INFO - [2023-02-15T17:07:41.575+0100] {taskmixin.py:205} WARNING - Dependency <Task(BashOperator): create_entry_group>, delete_entry_group already registered for DAG: example_complex
[2023-02-15T17:07:41.576+0100] {logging_mixin.py:137} INFO - [2023-02-15T17:07:41.576+0100] {taskmixin.py:205} WARNING - Dependency <Task(BashOperator): delete_entry_group>, create_entry_group already registered for DAG: example_complex
[2023-02-15T17:07:41.576+0100] {logging_mixin.py:137} INFO - [2023-02-15T17:07:41.576+0100] {taskmixin.py:205} WARNING - Dependency <Task(BashOperator): create_entry_gcs>, delete_entry already registered for DAG: example_complex
[2023-02-15T17:07:41.576+0100] {logging_mixin.py:137} INFO - [2023-02-15T17:07:41.576+0100] {taskmixin.py:205} WARNING - Dependency <Task(BashOperator): delete_entry>, create_entry_gcs already registered for DAG: example_complex
[2023-02-15T17:07:41.576+0100] {logging_mixin.py:137} INFO - [2023-02-15T17:07:41.576+0100] {taskmixin.py:205} WARNING - Dependency <Task(BashOperator): create_tag>, delete_tag already registered for DAG: example_complex
[2023-02-15T17:07:41.577+0100] {logging_mixin.py:137} INFO - [2023-02-15T17:07:41.576+0100] {taskmixin.py:205} WARNING - Dependency <Task(BashOperator): delete_tag>, create_tag already registered for DAG: example_complex
[2023-02-15T17:07:41.583+0100] {processor.py:753} INFO - DAG(s) dict_keys(['example_complex']) retrieved from /Users/Emily/.pyenv/versions/3.10.6/envs/airflow/lib/python3.10/site-packages/airflow/example_dags/example_complex.py
[2023-02-15T17:07:42.344+0100] {logging_mixin.py:137} INFO - [2023-02-15T17:07:42.344+0100] {manager.py:504} INFO - Created Permission View: can edit on DAG:example_complex
[2023-02-15T17:07:42.350+0100] {logging_mixin.py:137} INFO - [2023-02-15T17:07:42.350+0100] {manager.py:504} INFO - Created Permission View: can delete on DAG:example_complex
[2023-02-15T17:07:42.355+0100] {logging_mixin.py:137} INFO - [2023-02-15T17:07:42.355+0100] {manager.py:504} INFO - Created Permission View: can read on DAG:example_complex
[2023-02-15T17:07:42.355+0100] {logging_mixin.py:137} INFO - [2023-02-15T17:07:42.355+0100] {dag.py:2690} INFO - Sync 1 DAGs
[2023-02-15T17:07:42.364+0100] {logging_mixin.py:137} INFO - [2023-02-15T17:07:42.364+0100] {dag.py:2711} INFO - Creating ORM DAG for example_complex
[2023-02-15T17:07:42.371+0100] {logging_mixin.py:137} INFO - [2023-02-15T17:07:42.371+0100] {dag.py:3437} INFO - Setting next_dagrun for example_complex to None, run_after=None
[2023-02-15T17:07:42.386+0100] {processor.py:175} INFO - Processing /Users/Emily/.pyenv/versions/3.10.6/envs/airflow/lib/python3.10/site-packages/airflow/example_dags/example_complex.py took 0.835 seconds
[2023-02-15T17:09:46.816+0100] {processor.py:153} INFO - Started process (PID=57194) to work on /Users/Emily/.pyenv/versions/3.10.6/envs/airflow/lib/python3.10/site-packages/airflow/example_dags/example_complex.py
[2023-02-15T17:09:46.819+0100] {processor.py:743} INFO - Processing file /Users/Emily/.pyenv/versions/3.10.6/envs/airflow/lib/python3.10/site-packages/airflow/example_dags/example_complex.py for tasks to queue
[2023-02-15T17:09:46.819+0100] {logging_mixin.py:137} INFO - [2023-02-15T17:09:46.819+0100] {dagbag.py:538} INFO - Filling up the DagBag from /Users/Emily/.pyenv/versions/3.10.6/envs/airflow/lib/python3.10/site-packages/airflow/example_dags/example_complex.py
[2023-02-15T17:09:46.834+0100] {logging_mixin.py:137} INFO - [2023-02-15T17:09:46.834+0100] {taskmixin.py:205} WARNING - Dependency <Task(BashOperator): create_entry_group>, delete_entry_group already registered for DAG: example_complex
[2023-02-15T17:09:46.834+0100] {logging_mixin.py:137} INFO - [2023-02-15T17:09:46.834+0100] {taskmixin.py:205} WARNING - Dependency <Task(BashOperator): delete_entry_group>, create_entry_group already registered for DAG: example_complex
[2023-02-15T17:09:46.834+0100] {logging_mixin.py:137} INFO - [2023-02-15T17:09:46.834+0100] {taskmixin.py:205} WARNING - Dependency <Task(BashOperator): create_entry_gcs>, delete_entry already registered for DAG: example_complex
[2023-02-15T17:09:46.834+0100] {logging_mixin.py:137} INFO - [2023-02-15T17:09:46.834+0100] {taskmixin.py:205} WARNING - Dependency <Task(BashOperator): delete_entry>, create_entry_gcs already registered for DAG: example_complex
[2023-02-15T17:09:46.835+0100] {logging_mixin.py:137} INFO - [2023-02-15T17:09:46.835+0100] {taskmixin.py:205} WARNING - Dependency <Task(BashOperator): create_tag>, delete_tag already registered for DAG: example_complex
[2023-02-15T17:09:46.835+0100] {logging_mixin.py:137} INFO - [2023-02-15T17:09:46.835+0100] {taskmixin.py:205} WARNING - Dependency <Task(BashOperator): delete_tag>, create_tag already registered for DAG: example_complex
[2023-02-15T17:09:46.843+0100] {processor.py:753} INFO - DAG(s) dict_keys(['example_complex']) retrieved from /Users/Emily/.pyenv/versions/3.10.6/envs/airflow/lib/python3.10/site-packages/airflow/example_dags/example_complex.py
[2023-02-15T17:09:47.491+0100] {logging_mixin.py:137} INFO - [2023-02-15T17:09:47.491+0100] {dag.py:2690} INFO - Sync 1 DAGs
[2023-02-15T17:09:47.506+0100] {logging_mixin.py:137} INFO - [2023-02-15T17:09:47.505+0100] {dag.py:3437} INFO - Setting next_dagrun for example_complex to None, run_after=None
[2023-02-15T17:09:47.522+0100] {processor.py:175} INFO - Processing /Users/Emily/.pyenv/versions/3.10.6/envs/airflow/lib/python3.10/site-packages/airflow/example_dags/example_complex.py took 0.707 seconds
