[2023-02-15T17:07:01.021+0100] {processor.py:153} INFO - Started process (PID=57066) to work on /Users/Emily/.pyenv/versions/3.10.6/envs/airflow/lib/python3.10/site-packages/airflow/example_dags/example_short_circuit_operator.py
[2023-02-15T17:07:01.026+0100] {processor.py:743} INFO - Processing file /Users/Emily/.pyenv/versions/3.10.6/envs/airflow/lib/python3.10/site-packages/airflow/example_dags/example_short_circuit_operator.py for tasks to queue
[2023-02-15T17:07:01.026+0100] {logging_mixin.py:137} INFO - [2023-02-15T17:07:01.026+0100] {dagbag.py:538} INFO - Filling up the DagBag from /Users/Emily/.pyenv/versions/3.10.6/envs/airflow/lib/python3.10/site-packages/airflow/example_dags/example_short_circuit_operator.py
[2023-02-15T17:07:01.058+0100] {processor.py:753} INFO - DAG(s) dict_keys(['example_short_circuit_operator']) retrieved from /Users/Emily/.pyenv/versions/3.10.6/envs/airflow/lib/python3.10/site-packages/airflow/example_dags/example_short_circuit_operator.py
[2023-02-15T17:07:01.875+0100] {logging_mixin.py:137} INFO - [2023-02-15T17:07:01.875+0100] {manager.py:504} INFO - Created Permission View: can read on DAG:example_short_circuit_operator
[2023-02-15T17:07:01.882+0100] {logging_mixin.py:137} INFO - [2023-02-15T17:07:01.882+0100] {manager.py:504} INFO - Created Permission View: can delete on DAG:example_short_circuit_operator
[2023-02-15T17:07:01.888+0100] {logging_mixin.py:137} INFO - [2023-02-15T17:07:01.888+0100] {manager.py:504} INFO - Created Permission View: can edit on DAG:example_short_circuit_operator
[2023-02-15T17:07:01.888+0100] {logging_mixin.py:137} INFO - [2023-02-15T17:07:01.888+0100] {dag.py:2690} INFO - Sync 1 DAGs
[2023-02-15T17:07:01.897+0100] {logging_mixin.py:137} INFO - [2023-02-15T17:07:01.897+0100] {dag.py:2711} INFO - Creating ORM DAG for example_short_circuit_operator
[2023-02-15T17:07:01.904+0100] {logging_mixin.py:137} INFO - [2023-02-15T17:07:01.904+0100] {dag.py:3437} INFO - Setting next_dagrun for example_short_circuit_operator to 2023-02-14T16:07:01.904202+00:00, run_after=2023-02-15T16:07:01.904202+00:00
[2023-02-15T17:07:01.919+0100] {processor.py:175} INFO - Processing /Users/Emily/.pyenv/versions/3.10.6/envs/airflow/lib/python3.10/site-packages/airflow/example_dags/example_short_circuit_operator.py took 0.898 seconds
[2023-02-15T17:08:38.703+0100] {processor.py:153} INFO - Started process (PID=57144) to work on /Users/Emily/.pyenv/versions/3.10.6/envs/airflow/lib/python3.10/site-packages/airflow/example_dags/example_short_circuit_operator.py
[2023-02-15T17:08:38.707+0100] {processor.py:743} INFO - Processing file /Users/Emily/.pyenv/versions/3.10.6/envs/airflow/lib/python3.10/site-packages/airflow/example_dags/example_short_circuit_operator.py for tasks to queue
[2023-02-15T17:08:38.708+0100] {logging_mixin.py:137} INFO - [2023-02-15T17:08:38.708+0100] {dagbag.py:538} INFO - Filling up the DagBag from /Users/Emily/.pyenv/versions/3.10.6/envs/airflow/lib/python3.10/site-packages/airflow/example_dags/example_short_circuit_operator.py
[2023-02-15T17:08:38.738+0100] {processor.py:753} INFO - DAG(s) dict_keys(['example_short_circuit_operator']) retrieved from /Users/Emily/.pyenv/versions/3.10.6/envs/airflow/lib/python3.10/site-packages/airflow/example_dags/example_short_circuit_operator.py
[2023-02-15T17:08:39.368+0100] {logging_mixin.py:137} INFO - [2023-02-15T17:08:39.368+0100] {dag.py:2690} INFO - Sync 1 DAGs
[2023-02-15T17:08:39.382+0100] {logging_mixin.py:137} INFO - [2023-02-15T17:08:39.382+0100] {dag.py:3437} INFO - Setting next_dagrun for example_short_circuit_operator to 2023-02-14T16:08:39.382338+00:00, run_after=2023-02-15T16:08:39.382338+00:00
[2023-02-15T17:08:39.400+0100] {processor.py:175} INFO - Processing /Users/Emily/.pyenv/versions/3.10.6/envs/airflow/lib/python3.10/site-packages/airflow/example_dags/example_short_circuit_operator.py took 0.697 seconds
[2023-02-15T17:10:46.600+0100] {processor.py:153} INFO - Started process (PID=57264) to work on /Users/Emily/.pyenv/versions/3.10.6/envs/airflow/lib/python3.10/site-packages/airflow/example_dags/example_short_circuit_operator.py
[2023-02-15T17:10:46.604+0100] {processor.py:743} INFO - Processing file /Users/Emily/.pyenv/versions/3.10.6/envs/airflow/lib/python3.10/site-packages/airflow/example_dags/example_short_circuit_operator.py for tasks to queue
[2023-02-15T17:10:46.604+0100] {logging_mixin.py:137} INFO - [2023-02-15T17:10:46.604+0100] {dagbag.py:538} INFO - Filling up the DagBag from /Users/Emily/.pyenv/versions/3.10.6/envs/airflow/lib/python3.10/site-packages/airflow/example_dags/example_short_circuit_operator.py
[2023-02-15T17:10:46.633+0100] {processor.py:753} INFO - DAG(s) dict_keys(['example_short_circuit_operator']) retrieved from /Users/Emily/.pyenv/versions/3.10.6/envs/airflow/lib/python3.10/site-packages/airflow/example_dags/example_short_circuit_operator.py
[2023-02-15T17:10:47.354+0100] {logging_mixin.py:137} INFO - [2023-02-15T17:10:47.353+0100] {dag.py:2690} INFO - Sync 1 DAGs
[2023-02-15T17:10:47.368+0100] {logging_mixin.py:137} INFO - [2023-02-15T17:10:47.368+0100] {dag.py:3437} INFO - Setting next_dagrun for example_short_circuit_operator to 2023-02-14T16:10:47.368291+00:00, run_after=2023-02-15T16:10:47.368291+00:00
[2023-02-15T17:10:47.383+0100] {processor.py:175} INFO - Processing /Users/Emily/.pyenv/versions/3.10.6/envs/airflow/lib/python3.10/site-packages/airflow/example_dags/example_short_circuit_operator.py took 0.783 seconds
