[2023-02-15T17:06:43.905+0100] {processor.py:153} INFO - Started process (PID=57049) to work on /Users/Emily/.pyenv/versions/3.10.6/envs/airflow/lib/python3.10/site-packages/airflow/example_dags/example_time_delta_sensor_async.py
[2023-02-15T17:06:43.909+0100] {processor.py:743} INFO - Processing file /Users/Emily/.pyenv/versions/3.10.6/envs/airflow/lib/python3.10/site-packages/airflow/example_dags/example_time_delta_sensor_async.py for tasks to queue
[2023-02-15T17:06:43.909+0100] {logging_mixin.py:137} INFO - [2023-02-15T17:06:43.909+0100] {dagbag.py:538} INFO - Filling up the DagBag from /Users/Emily/.pyenv/versions/3.10.6/envs/airflow/lib/python3.10/site-packages/airflow/example_dags/example_time_delta_sensor_async.py
[2023-02-15T17:06:43.930+0100] {processor.py:753} INFO - DAG(s) dict_keys(['example_time_delta_sensor_async']) retrieved from /Users/Emily/.pyenv/versions/3.10.6/envs/airflow/lib/python3.10/site-packages/airflow/example_dags/example_time_delta_sensor_async.py
[2023-02-15T17:06:44.875+0100] {logging_mixin.py:137} INFO - [2023-02-15T17:06:44.875+0100] {manager.py:504} INFO - Created Permission View: can edit on DAG:example_time_delta_sensor_async
[2023-02-15T17:06:44.882+0100] {logging_mixin.py:137} INFO - [2023-02-15T17:06:44.882+0100] {manager.py:504} INFO - Created Permission View: can read on DAG:example_time_delta_sensor_async
[2023-02-15T17:06:44.887+0100] {logging_mixin.py:137} INFO - [2023-02-15T17:06:44.887+0100] {manager.py:504} INFO - Created Permission View: can delete on DAG:example_time_delta_sensor_async
[2023-02-15T17:06:44.887+0100] {logging_mixin.py:137} INFO - [2023-02-15T17:06:44.887+0100] {dag.py:2690} INFO - Sync 1 DAGs
[2023-02-15T17:06:44.896+0100] {logging_mixin.py:137} INFO - [2023-02-15T17:06:44.896+0100] {dag.py:2711} INFO - Creating ORM DAG for example_time_delta_sensor_async
[2023-02-15T17:06:44.903+0100] {logging_mixin.py:137} INFO - [2023-02-15T17:06:44.903+0100] {dag.py:3437} INFO - Setting next_dagrun for example_time_delta_sensor_async to None, run_after=None
[2023-02-15T17:06:44.918+0100] {processor.py:175} INFO - Processing /Users/Emily/.pyenv/versions/3.10.6/envs/airflow/lib/python3.10/site-packages/airflow/example_dags/example_time_delta_sensor_async.py took 1.014 seconds
[2023-02-15T17:08:24.253+0100] {processor.py:153} INFO - Started process (PID=57132) to work on /Users/Emily/.pyenv/versions/3.10.6/envs/airflow/lib/python3.10/site-packages/airflow/example_dags/example_time_delta_sensor_async.py
[2023-02-15T17:08:24.257+0100] {processor.py:743} INFO - Processing file /Users/Emily/.pyenv/versions/3.10.6/envs/airflow/lib/python3.10/site-packages/airflow/example_dags/example_time_delta_sensor_async.py for tasks to queue
[2023-02-15T17:08:24.258+0100] {logging_mixin.py:137} INFO - [2023-02-15T17:08:24.258+0100] {dagbag.py:538} INFO - Filling up the DagBag from /Users/Emily/.pyenv/versions/3.10.6/envs/airflow/lib/python3.10/site-packages/airflow/example_dags/example_time_delta_sensor_async.py
[2023-02-15T17:08:24.278+0100] {processor.py:753} INFO - DAG(s) dict_keys(['example_time_delta_sensor_async']) retrieved from /Users/Emily/.pyenv/versions/3.10.6/envs/airflow/lib/python3.10/site-packages/airflow/example_dags/example_time_delta_sensor_async.py
[2023-02-15T17:08:25.020+0100] {logging_mixin.py:137} INFO - [2023-02-15T17:08:25.020+0100] {dag.py:2690} INFO - Sync 1 DAGs
[2023-02-15T17:08:25.033+0100] {logging_mixin.py:137} INFO - [2023-02-15T17:08:25.033+0100] {dag.py:3437} INFO - Setting next_dagrun for example_time_delta_sensor_async to None, run_after=None
[2023-02-15T17:08:25.045+0100] {processor.py:175} INFO - Processing /Users/Emily/.pyenv/versions/3.10.6/envs/airflow/lib/python3.10/site-packages/airflow/example_dags/example_time_delta_sensor_async.py took 0.792 seconds
[2023-02-15T17:09:26.937+0100] {processor.py:153} INFO - Started process (PID=57179) to work on /Users/Emily/.pyenv/versions/3.10.6/envs/airflow/lib/python3.10/site-packages/airflow/example_dags/example_time_delta_sensor_async.py
[2023-02-15T17:09:26.941+0100] {processor.py:743} INFO - Processing file /Users/Emily/.pyenv/versions/3.10.6/envs/airflow/lib/python3.10/site-packages/airflow/example_dags/example_time_delta_sensor_async.py for tasks to queue
[2023-02-15T17:09:26.941+0100] {logging_mixin.py:137} INFO - [2023-02-15T17:09:26.941+0100] {dagbag.py:538} INFO - Filling up the DagBag from /Users/Emily/.pyenv/versions/3.10.6/envs/airflow/lib/python3.10/site-packages/airflow/example_dags/example_time_delta_sensor_async.py
[2023-02-15T17:09:26.956+0100] {processor.py:753} INFO - DAG(s) dict_keys(['example_time_delta_sensor_async']) retrieved from /Users/Emily/.pyenv/versions/3.10.6/envs/airflow/lib/python3.10/site-packages/airflow/example_dags/example_time_delta_sensor_async.py
[2023-02-15T17:09:27.607+0100] {logging_mixin.py:137} INFO - [2023-02-15T17:09:27.607+0100] {dag.py:2690} INFO - Sync 1 DAGs
[2023-02-15T17:09:27.618+0100] {logging_mixin.py:137} INFO - [2023-02-15T17:09:27.618+0100] {dag.py:3437} INFO - Setting next_dagrun for example_time_delta_sensor_async to None, run_after=None
[2023-02-15T17:09:27.631+0100] {processor.py:175} INFO - Processing /Users/Emily/.pyenv/versions/3.10.6/envs/airflow/lib/python3.10/site-packages/airflow/example_dags/example_time_delta_sensor_async.py took 0.694 seconds
[2023-02-15T17:10:34.759+0100] {processor.py:153} INFO - Started process (PID=57252) to work on /Users/Emily/.pyenv/versions/3.10.6/envs/airflow/lib/python3.10/site-packages/airflow/example_dags/example_time_delta_sensor_async.py
[2023-02-15T17:10:34.763+0100] {processor.py:743} INFO - Processing file /Users/Emily/.pyenv/versions/3.10.6/envs/airflow/lib/python3.10/site-packages/airflow/example_dags/example_time_delta_sensor_async.py for tasks to queue
[2023-02-15T17:10:34.764+0100] {logging_mixin.py:137} INFO - [2023-02-15T17:10:34.764+0100] {dagbag.py:538} INFO - Filling up the DagBag from /Users/Emily/.pyenv/versions/3.10.6/envs/airflow/lib/python3.10/site-packages/airflow/example_dags/example_time_delta_sensor_async.py
[2023-02-15T17:10:34.784+0100] {processor.py:753} INFO - DAG(s) dict_keys(['example_time_delta_sensor_async']) retrieved from /Users/Emily/.pyenv/versions/3.10.6/envs/airflow/lib/python3.10/site-packages/airflow/example_dags/example_time_delta_sensor_async.py
[2023-02-15T17:10:35.629+0100] {logging_mixin.py:137} INFO - [2023-02-15T17:10:35.629+0100] {dag.py:2690} INFO - Sync 1 DAGs
[2023-02-15T17:10:35.644+0100] {logging_mixin.py:137} INFO - [2023-02-15T17:10:35.644+0100] {dag.py:3437} INFO - Setting next_dagrun for example_time_delta_sensor_async to None, run_after=None
[2023-02-15T17:10:35.659+0100] {processor.py:175} INFO - Processing /Users/Emily/.pyenv/versions/3.10.6/envs/airflow/lib/python3.10/site-packages/airflow/example_dags/example_time_delta_sensor_async.py took 0.901 seconds
[2023-02-15T17:11:43.313+0100] {processor.py:153} INFO - Started process (PID=57316) to work on /Users/Emily/.pyenv/versions/3.10.6/envs/airflow/lib/python3.10/site-packages/airflow/example_dags/example_time_delta_sensor_async.py
[2023-02-15T17:11:43.317+0100] {processor.py:743} INFO - Processing file /Users/Emily/.pyenv/versions/3.10.6/envs/airflow/lib/python3.10/site-packages/airflow/example_dags/example_time_delta_sensor_async.py for tasks to queue
[2023-02-15T17:11:43.317+0100] {logging_mixin.py:137} INFO - [2023-02-15T17:11:43.317+0100] {dagbag.py:538} INFO - Filling up the DagBag from /Users/Emily/.pyenv/versions/3.10.6/envs/airflow/lib/python3.10/site-packages/airflow/example_dags/example_time_delta_sensor_async.py
[2023-02-15T17:11:43.334+0100] {processor.py:753} INFO - DAG(s) dict_keys(['example_time_delta_sensor_async']) retrieved from /Users/Emily/.pyenv/versions/3.10.6/envs/airflow/lib/python3.10/site-packages/airflow/example_dags/example_time_delta_sensor_async.py
[2023-02-15T17:11:44.058+0100] {logging_mixin.py:137} INFO - [2023-02-15T17:11:44.057+0100] {dag.py:2690} INFO - Sync 1 DAGs
[2023-02-15T17:11:44.069+0100] {logging_mixin.py:137} INFO - [2023-02-15T17:11:44.069+0100] {dag.py:3437} INFO - Setting next_dagrun for example_time_delta_sensor_async to None, run_after=None
[2023-02-15T17:11:44.082+0100] {processor.py:175} INFO - Processing /Users/Emily/.pyenv/versions/3.10.6/envs/airflow/lib/python3.10/site-packages/airflow/example_dags/example_time_delta_sensor_async.py took 0.769 seconds
