[2023-02-15T17:06:58.281+0100] {processor.py:153} INFO - Started process (PID=57064) to work on /Users/Emily/.pyenv/versions/3.10.6/envs/airflow/lib/python3.10/site-packages/airflow/example_dags/example_skip_dag.py
[2023-02-15T17:06:58.285+0100] {processor.py:743} INFO - Processing file /Users/Emily/.pyenv/versions/3.10.6/envs/airflow/lib/python3.10/site-packages/airflow/example_dags/example_skip_dag.py for tasks to queue
[2023-02-15T17:06:58.285+0100] {logging_mixin.py:137} INFO - [2023-02-15T17:06:58.285+0100] {dagbag.py:538} INFO - Filling up the DagBag from /Users/Emily/.pyenv/versions/3.10.6/envs/airflow/lib/python3.10/site-packages/airflow/example_dags/example_skip_dag.py
[2023-02-15T17:06:58.306+0100] {processor.py:753} INFO - DAG(s) dict_keys(['example_skip_dag']) retrieved from /Users/Emily/.pyenv/versions/3.10.6/envs/airflow/lib/python3.10/site-packages/airflow/example_dags/example_skip_dag.py
[2023-02-15T17:06:59.058+0100] {logging_mixin.py:137} INFO - [2023-02-15T17:06:59.058+0100] {manager.py:504} INFO - Created Permission View: can edit on DAG:example_skip_dag
[2023-02-15T17:06:59.064+0100] {logging_mixin.py:137} INFO - [2023-02-15T17:06:59.063+0100] {manager.py:504} INFO - Created Permission View: can delete on DAG:example_skip_dag
[2023-02-15T17:06:59.068+0100] {logging_mixin.py:137} INFO - [2023-02-15T17:06:59.068+0100] {manager.py:504} INFO - Created Permission View: can read on DAG:example_skip_dag
[2023-02-15T17:06:59.069+0100] {logging_mixin.py:137} INFO - [2023-02-15T17:06:59.069+0100] {dag.py:2690} INFO - Sync 1 DAGs
[2023-02-15T17:06:59.078+0100] {logging_mixin.py:137} INFO - [2023-02-15T17:06:59.077+0100] {dag.py:2711} INFO - Creating ORM DAG for example_skip_dag
[2023-02-15T17:06:59.084+0100] {logging_mixin.py:137} INFO - [2023-02-15T17:06:59.084+0100] {dag.py:3437} INFO - Setting next_dagrun for example_skip_dag to 2023-02-14T16:06:59.084059+00:00, run_after=2023-02-15T16:06:59.084059+00:00
[2023-02-15T17:06:59.098+0100] {processor.py:175} INFO - Processing /Users/Emily/.pyenv/versions/3.10.6/envs/airflow/lib/python3.10/site-packages/airflow/example_dags/example_skip_dag.py took 0.818 seconds
[2023-02-15T17:08:36.181+0100] {processor.py:153} INFO - Started process (PID=57143) to work on /Users/Emily/.pyenv/versions/3.10.6/envs/airflow/lib/python3.10/site-packages/airflow/example_dags/example_skip_dag.py
[2023-02-15T17:08:36.186+0100] {processor.py:743} INFO - Processing file /Users/Emily/.pyenv/versions/3.10.6/envs/airflow/lib/python3.10/site-packages/airflow/example_dags/example_skip_dag.py for tasks to queue
[2023-02-15T17:08:36.187+0100] {logging_mixin.py:137} INFO - [2023-02-15T17:08:36.186+0100] {dagbag.py:538} INFO - Filling up the DagBag from /Users/Emily/.pyenv/versions/3.10.6/envs/airflow/lib/python3.10/site-packages/airflow/example_dags/example_skip_dag.py
[2023-02-15T17:08:36.208+0100] {processor.py:753} INFO - DAG(s) dict_keys(['example_skip_dag']) retrieved from /Users/Emily/.pyenv/versions/3.10.6/envs/airflow/lib/python3.10/site-packages/airflow/example_dags/example_skip_dag.py
[2023-02-15T17:08:36.884+0100] {logging_mixin.py:137} INFO - [2023-02-15T17:08:36.884+0100] {dag.py:2690} INFO - Sync 1 DAGs
[2023-02-15T17:08:36.903+0100] {logging_mixin.py:137} INFO - [2023-02-15T17:08:36.903+0100] {dag.py:3437} INFO - Setting next_dagrun for example_skip_dag to 2023-02-14T16:08:36.903475+00:00, run_after=2023-02-15T16:08:36.903475+00:00
[2023-02-15T17:08:36.920+0100] {processor.py:175} INFO - Processing /Users/Emily/.pyenv/versions/3.10.6/envs/airflow/lib/python3.10/site-packages/airflow/example_dags/example_skip_dag.py took 0.740 seconds
[2023-02-15T17:10:44.703+0100] {processor.py:153} INFO - Started process (PID=57262) to work on /Users/Emily/.pyenv/versions/3.10.6/envs/airflow/lib/python3.10/site-packages/airflow/example_dags/example_skip_dag.py
[2023-02-15T17:10:44.707+0100] {processor.py:743} INFO - Processing file /Users/Emily/.pyenv/versions/3.10.6/envs/airflow/lib/python3.10/site-packages/airflow/example_dags/example_skip_dag.py for tasks to queue
[2023-02-15T17:10:44.708+0100] {logging_mixin.py:137} INFO - [2023-02-15T17:10:44.707+0100] {dagbag.py:538} INFO - Filling up the DagBag from /Users/Emily/.pyenv/versions/3.10.6/envs/airflow/lib/python3.10/site-packages/airflow/example_dags/example_skip_dag.py
[2023-02-15T17:10:44.728+0100] {processor.py:753} INFO - DAG(s) dict_keys(['example_skip_dag']) retrieved from /Users/Emily/.pyenv/versions/3.10.6/envs/airflow/lib/python3.10/site-packages/airflow/example_dags/example_skip_dag.py
[2023-02-15T17:10:45.419+0100] {logging_mixin.py:137} INFO - [2023-02-15T17:10:45.419+0100] {dag.py:2690} INFO - Sync 1 DAGs
[2023-02-15T17:10:45.435+0100] {logging_mixin.py:137} INFO - [2023-02-15T17:10:45.435+0100] {dag.py:3437} INFO - Setting next_dagrun for example_skip_dag to 2023-02-14T16:10:45.434884+00:00, run_after=2023-02-15T16:10:45.434884+00:00
[2023-02-15T17:10:45.450+0100] {processor.py:175} INFO - Processing /Users/Emily/.pyenv/versions/3.10.6/envs/airflow/lib/python3.10/site-packages/airflow/example_dags/example_skip_dag.py took 0.748 seconds
