[2023-02-15T17:07:22.873+0100] {processor.py:153} INFO - Started process (PID=57082) to work on /Users/Emily/.pyenv/versions/3.10.6/envs/airflow/lib/python3.10/site-packages/airflow/example_dags/example_latest_only_with_trigger.py
[2023-02-15T17:07:22.876+0100] {processor.py:743} INFO - Processing file /Users/Emily/.pyenv/versions/3.10.6/envs/airflow/lib/python3.10/site-packages/airflow/example_dags/example_latest_only_with_trigger.py for tasks to queue
[2023-02-15T17:07:22.876+0100] {logging_mixin.py:137} INFO - [2023-02-15T17:07:22.876+0100] {dagbag.py:538} INFO - Filling up the DagBag from /Users/Emily/.pyenv/versions/3.10.6/envs/airflow/lib/python3.10/site-packages/airflow/example_dags/example_latest_only_with_trigger.py
[2023-02-15T17:07:22.898+0100] {processor.py:753} INFO - DAG(s) dict_keys(['latest_only_with_trigger']) retrieved from /Users/Emily/.pyenv/versions/3.10.6/envs/airflow/lib/python3.10/site-packages/airflow/example_dags/example_latest_only_with_trigger.py
[2023-02-15T17:07:23.545+0100] {logging_mixin.py:137} INFO - [2023-02-15T17:07:23.544+0100] {manager.py:504} INFO - Created Permission View: can read on DAG:latest_only_with_trigger
[2023-02-15T17:07:23.550+0100] {logging_mixin.py:137} INFO - [2023-02-15T17:07:23.550+0100] {manager.py:504} INFO - Created Permission View: can delete on DAG:latest_only_with_trigger
[2023-02-15T17:07:23.555+0100] {logging_mixin.py:137} INFO - [2023-02-15T17:07:23.555+0100] {manager.py:504} INFO - Created Permission View: can edit on DAG:latest_only_with_trigger
[2023-02-15T17:07:23.555+0100] {logging_mixin.py:137} INFO - [2023-02-15T17:07:23.555+0100] {dag.py:2690} INFO - Sync 1 DAGs
[2023-02-15T17:07:23.564+0100] {logging_mixin.py:137} INFO - [2023-02-15T17:07:23.564+0100] {dag.py:2711} INFO - Creating ORM DAG for latest_only_with_trigger
[2023-02-15T17:07:23.571+0100] {logging_mixin.py:137} INFO - [2023-02-15T17:07:23.571+0100] {dag.py:3437} INFO - Setting next_dagrun for latest_only_with_trigger to 2023-02-15T12:07:23.571120+00:00, run_after=2023-02-15T16:07:23.571120+00:00
[2023-02-15T17:07:23.583+0100] {processor.py:175} INFO - Processing /Users/Emily/.pyenv/versions/3.10.6/envs/airflow/lib/python3.10/site-packages/airflow/example_dags/example_latest_only_with_trigger.py took 0.711 seconds
[2023-02-15T17:08:56.761+0100] {processor.py:153} INFO - Started process (PID=57157) to work on /Users/Emily/.pyenv/versions/3.10.6/envs/airflow/lib/python3.10/site-packages/airflow/example_dags/example_latest_only_with_trigger.py
[2023-02-15T17:08:56.765+0100] {processor.py:743} INFO - Processing file /Users/Emily/.pyenv/versions/3.10.6/envs/airflow/lib/python3.10/site-packages/airflow/example_dags/example_latest_only_with_trigger.py for tasks to queue
[2023-02-15T17:08:56.765+0100] {logging_mixin.py:137} INFO - [2023-02-15T17:08:56.765+0100] {dagbag.py:538} INFO - Filling up the DagBag from /Users/Emily/.pyenv/versions/3.10.6/envs/airflow/lib/python3.10/site-packages/airflow/example_dags/example_latest_only_with_trigger.py
[2023-02-15T17:08:56.784+0100] {processor.py:753} INFO - DAG(s) dict_keys(['latest_only_with_trigger']) retrieved from /Users/Emily/.pyenv/versions/3.10.6/envs/airflow/lib/python3.10/site-packages/airflow/example_dags/example_latest_only_with_trigger.py
[2023-02-15T17:08:57.402+0100] {logging_mixin.py:137} INFO - [2023-02-15T17:08:57.402+0100] {dag.py:2690} INFO - Sync 1 DAGs
[2023-02-15T17:08:57.416+0100] {logging_mixin.py:137} INFO - [2023-02-15T17:08:57.416+0100] {dag.py:3437} INFO - Setting next_dagrun for latest_only_with_trigger to 2023-02-15T12:08:57.416606+00:00, run_after=2023-02-15T16:08:57.416606+00:00
[2023-02-15T17:08:57.435+0100] {processor.py:175} INFO - Processing /Users/Emily/.pyenv/versions/3.10.6/envs/airflow/lib/python3.10/site-packages/airflow/example_dags/example_latest_only_with_trigger.py took 0.675 seconds
[2023-02-15T17:11:05.237+0100] {processor.py:153} INFO - Started process (PID=57287) to work on /Users/Emily/.pyenv/versions/3.10.6/envs/airflow/lib/python3.10/site-packages/airflow/example_dags/example_latest_only_with_trigger.py
[2023-02-15T17:11:05.241+0100] {processor.py:743} INFO - Processing file /Users/Emily/.pyenv/versions/3.10.6/envs/airflow/lib/python3.10/site-packages/airflow/example_dags/example_latest_only_with_trigger.py for tasks to queue
[2023-02-15T17:11:05.241+0100] {logging_mixin.py:137} INFO - [2023-02-15T17:11:05.241+0100] {dagbag.py:538} INFO - Filling up the DagBag from /Users/Emily/.pyenv/versions/3.10.6/envs/airflow/lib/python3.10/site-packages/airflow/example_dags/example_latest_only_with_trigger.py
[2023-02-15T17:11:05.258+0100] {processor.py:753} INFO - DAG(s) dict_keys(['latest_only_with_trigger']) retrieved from /Users/Emily/.pyenv/versions/3.10.6/envs/airflow/lib/python3.10/site-packages/airflow/example_dags/example_latest_only_with_trigger.py
[2023-02-15T17:11:05.937+0100] {logging_mixin.py:137} INFO - [2023-02-15T17:11:05.937+0100] {dag.py:2690} INFO - Sync 1 DAGs
[2023-02-15T17:11:05.952+0100] {logging_mixin.py:137} INFO - [2023-02-15T17:11:05.952+0100] {dag.py:3437} INFO - Setting next_dagrun for latest_only_with_trigger to 2023-02-15T12:11:05.952710+00:00, run_after=2023-02-15T16:11:05.952710+00:00
[2023-02-15T17:11:05.967+0100] {processor.py:175} INFO - Processing /Users/Emily/.pyenv/versions/3.10.6/envs/airflow/lib/python3.10/site-packages/airflow/example_dags/example_latest_only_with_trigger.py took 0.731 seconds
