[2023-02-15T17:06:41.239+0100] {processor.py:153} INFO - Started process (PID=57048) to work on /Users/Emily/.pyenv/versions/3.10.6/envs/airflow/lib/python3.10/site-packages/airflow/example_dags/example_trigger_controller_dag.py
[2023-02-15T17:06:41.242+0100] {processor.py:743} INFO - Processing file /Users/Emily/.pyenv/versions/3.10.6/envs/airflow/lib/python3.10/site-packages/airflow/example_dags/example_trigger_controller_dag.py for tasks to queue
[2023-02-15T17:06:41.243+0100] {logging_mixin.py:137} INFO - [2023-02-15T17:06:41.242+0100] {dagbag.py:538} INFO - Filling up the DagBag from /Users/Emily/.pyenv/versions/3.10.6/envs/airflow/lib/python3.10/site-packages/airflow/example_dags/example_trigger_controller_dag.py
[2023-02-15T17:06:41.265+0100] {processor.py:753} INFO - DAG(s) dict_keys(['example_trigger_controller_dag']) retrieved from /Users/Emily/.pyenv/versions/3.10.6/envs/airflow/lib/python3.10/site-packages/airflow/example_dags/example_trigger_controller_dag.py
[2023-02-15T17:06:41.975+0100] {logging_mixin.py:137} INFO - [2023-02-15T17:06:41.975+0100] {manager.py:504} INFO - Created Permission View: can edit on DAG:example_trigger_controller_dag
[2023-02-15T17:06:41.983+0100] {logging_mixin.py:137} INFO - [2023-02-15T17:06:41.983+0100] {manager.py:504} INFO - Created Permission View: can read on DAG:example_trigger_controller_dag
[2023-02-15T17:06:41.988+0100] {logging_mixin.py:137} INFO - [2023-02-15T17:06:41.988+0100] {manager.py:504} INFO - Created Permission View: can delete on DAG:example_trigger_controller_dag
[2023-02-15T17:06:41.989+0100] {logging_mixin.py:137} INFO - [2023-02-15T17:06:41.989+0100] {dag.py:2690} INFO - Sync 1 DAGs
[2023-02-15T17:06:42.000+0100] {logging_mixin.py:137} INFO - [2023-02-15T17:06:41.999+0100] {dag.py:2711} INFO - Creating ORM DAG for example_trigger_controller_dag
[2023-02-15T17:06:42.008+0100] {logging_mixin.py:137} INFO - [2023-02-15T17:06:42.007+0100] {dag.py:3437} INFO - Setting next_dagrun for example_trigger_controller_dag to 2021-01-01T00:00:00+00:00, run_after=2021-01-01T00:00:00+00:00
[2023-02-15T17:06:42.024+0100] {processor.py:175} INFO - Processing /Users/Emily/.pyenv/versions/3.10.6/envs/airflow/lib/python3.10/site-packages/airflow/example_dags/example_trigger_controller_dag.py took 0.786 seconds
[2023-02-15T17:08:21.791+0100] {processor.py:153} INFO - Started process (PID=57131) to work on /Users/Emily/.pyenv/versions/3.10.6/envs/airflow/lib/python3.10/site-packages/airflow/example_dags/example_trigger_controller_dag.py
[2023-02-15T17:08:21.795+0100] {processor.py:743} INFO - Processing file /Users/Emily/.pyenv/versions/3.10.6/envs/airflow/lib/python3.10/site-packages/airflow/example_dags/example_trigger_controller_dag.py for tasks to queue
[2023-02-15T17:08:21.796+0100] {logging_mixin.py:137} INFO - [2023-02-15T17:08:21.796+0100] {dagbag.py:538} INFO - Filling up the DagBag from /Users/Emily/.pyenv/versions/3.10.6/envs/airflow/lib/python3.10/site-packages/airflow/example_dags/example_trigger_controller_dag.py
[2023-02-15T17:08:21.818+0100] {processor.py:753} INFO - DAG(s) dict_keys(['example_trigger_controller_dag']) retrieved from /Users/Emily/.pyenv/versions/3.10.6/envs/airflow/lib/python3.10/site-packages/airflow/example_dags/example_trigger_controller_dag.py
[2023-02-15T17:08:22.445+0100] {logging_mixin.py:137} INFO - [2023-02-15T17:08:22.444+0100] {dag.py:2690} INFO - Sync 1 DAGs
[2023-02-15T17:08:22.459+0100] {logging_mixin.py:137} INFO - [2023-02-15T17:08:22.459+0100] {dag.py:3437} INFO - Setting next_dagrun for example_trigger_controller_dag to 2021-01-01T00:00:00+00:00, run_after=2021-01-01T00:00:00+00:00
[2023-02-15T17:08:22.473+0100] {processor.py:175} INFO - Processing /Users/Emily/.pyenv/versions/3.10.6/envs/airflow/lib/python3.10/site-packages/airflow/example_dags/example_trigger_controller_dag.py took 0.683 seconds
[2023-02-15T17:09:25.372+0100] {processor.py:153} INFO - Started process (PID=57178) to work on /Users/Emily/.pyenv/versions/3.10.6/envs/airflow/lib/python3.10/site-packages/airflow/example_dags/example_trigger_controller_dag.py
[2023-02-15T17:09:25.375+0100] {processor.py:743} INFO - Processing file /Users/Emily/.pyenv/versions/3.10.6/envs/airflow/lib/python3.10/site-packages/airflow/example_dags/example_trigger_controller_dag.py for tasks to queue
[2023-02-15T17:09:25.375+0100] {logging_mixin.py:137} INFO - [2023-02-15T17:09:25.375+0100] {dagbag.py:538} INFO - Filling up the DagBag from /Users/Emily/.pyenv/versions/3.10.6/envs/airflow/lib/python3.10/site-packages/airflow/example_dags/example_trigger_controller_dag.py
[2023-02-15T17:09:25.392+0100] {processor.py:753} INFO - DAG(s) dict_keys(['example_trigger_controller_dag']) retrieved from /Users/Emily/.pyenv/versions/3.10.6/envs/airflow/lib/python3.10/site-packages/airflow/example_dags/example_trigger_controller_dag.py
[2023-02-15T17:09:25.980+0100] {logging_mixin.py:137} INFO - [2023-02-15T17:09:25.980+0100] {dag.py:2690} INFO - Sync 1 DAGs
[2023-02-15T17:09:25.994+0100] {logging_mixin.py:137} INFO - [2023-02-15T17:09:25.994+0100] {dag.py:3437} INFO - Setting next_dagrun for example_trigger_controller_dag to 2021-01-01T00:00:00+00:00, run_after=2021-01-01T00:00:00+00:00
[2023-02-15T17:09:26.008+0100] {processor.py:175} INFO - Processing /Users/Emily/.pyenv/versions/3.10.6/envs/airflow/lib/python3.10/site-packages/airflow/example_dags/example_trigger_controller_dag.py took 0.637 seconds
[2023-02-15T17:10:30.628+0100] {processor.py:153} INFO - Started process (PID=57243) to work on /Users/Emily/.pyenv/versions/3.10.6/envs/airflow/lib/python3.10/site-packages/airflow/example_dags/example_trigger_controller_dag.py
[2023-02-15T17:10:30.632+0100] {processor.py:743} INFO - Processing file /Users/Emily/.pyenv/versions/3.10.6/envs/airflow/lib/python3.10/site-packages/airflow/example_dags/example_trigger_controller_dag.py for tasks to queue
[2023-02-15T17:10:30.633+0100] {logging_mixin.py:137} INFO - [2023-02-15T17:10:30.633+0100] {dagbag.py:538} INFO - Filling up the DagBag from /Users/Emily/.pyenv/versions/3.10.6/envs/airflow/lib/python3.10/site-packages/airflow/example_dags/example_trigger_controller_dag.py
[2023-02-15T17:10:30.652+0100] {processor.py:753} INFO - DAG(s) dict_keys(['example_trigger_controller_dag']) retrieved from /Users/Emily/.pyenv/versions/3.10.6/envs/airflow/lib/python3.10/site-packages/airflow/example_dags/example_trigger_controller_dag.py
[2023-02-15T17:10:31.397+0100] {logging_mixin.py:137} INFO - [2023-02-15T17:10:31.397+0100] {dag.py:2690} INFO - Sync 1 DAGs
[2023-02-15T17:10:31.412+0100] {logging_mixin.py:137} INFO - [2023-02-15T17:10:31.412+0100] {dag.py:3437} INFO - Setting next_dagrun for example_trigger_controller_dag to 2021-01-01T00:00:00+00:00, run_after=2021-01-01T00:00:00+00:00
[2023-02-15T17:10:31.432+0100] {processor.py:175} INFO - Processing /Users/Emily/.pyenv/versions/3.10.6/envs/airflow/lib/python3.10/site-packages/airflow/example_dags/example_trigger_controller_dag.py took 0.805 seconds
[2023-02-15T17:11:41.427+0100] {processor.py:153} INFO - Started process (PID=57315) to work on /Users/Emily/.pyenv/versions/3.10.6/envs/airflow/lib/python3.10/site-packages/airflow/example_dags/example_trigger_controller_dag.py
[2023-02-15T17:11:41.431+0100] {processor.py:743} INFO - Processing file /Users/Emily/.pyenv/versions/3.10.6/envs/airflow/lib/python3.10/site-packages/airflow/example_dags/example_trigger_controller_dag.py for tasks to queue
[2023-02-15T17:11:41.431+0100] {logging_mixin.py:137} INFO - [2023-02-15T17:11:41.431+0100] {dagbag.py:538} INFO - Filling up the DagBag from /Users/Emily/.pyenv/versions/3.10.6/envs/airflow/lib/python3.10/site-packages/airflow/example_dags/example_trigger_controller_dag.py
[2023-02-15T17:11:41.448+0100] {processor.py:753} INFO - DAG(s) dict_keys(['example_trigger_controller_dag']) retrieved from /Users/Emily/.pyenv/versions/3.10.6/envs/airflow/lib/python3.10/site-packages/airflow/example_dags/example_trigger_controller_dag.py
[2023-02-15T17:11:42.128+0100] {logging_mixin.py:137} INFO - [2023-02-15T17:11:42.128+0100] {dag.py:2690} INFO - Sync 1 DAGs
[2023-02-15T17:11:42.143+0100] {logging_mixin.py:137} INFO - [2023-02-15T17:11:42.143+0100] {dag.py:3437} INFO - Setting next_dagrun for example_trigger_controller_dag to 2021-01-01T00:00:00+00:00, run_after=2021-01-01T00:00:00+00:00
[2023-02-15T17:11:42.157+0100] {processor.py:175} INFO - Processing /Users/Emily/.pyenv/versions/3.10.6/envs/airflow/lib/python3.10/site-packages/airflow/example_dags/example_trigger_controller_dag.py took 0.731 seconds
