[2023-02-15T17:07:03.984+0100] {processor.py:153} INFO - Started process (PID=57068) to work on /Users/Emily/.pyenv/versions/3.10.6/envs/airflow/lib/python3.10/site-packages/airflow/example_dags/example_short_circuit_decorator.py
[2023-02-15T17:07:03.989+0100] {processor.py:743} INFO - Processing file /Users/Emily/.pyenv/versions/3.10.6/envs/airflow/lib/python3.10/site-packages/airflow/example_dags/example_short_circuit_decorator.py for tasks to queue
[2023-02-15T17:07:03.989+0100] {logging_mixin.py:137} INFO - [2023-02-15T17:07:03.989+0100] {dagbag.py:538} INFO - Filling up the DagBag from /Users/Emily/.pyenv/versions/3.10.6/envs/airflow/lib/python3.10/site-packages/airflow/example_dags/example_short_circuit_decorator.py
[2023-02-15T17:07:04.033+0100] {processor.py:753} INFO - DAG(s) dict_keys(['example_short_circuit_decorator']) retrieved from /Users/Emily/.pyenv/versions/3.10.6/envs/airflow/lib/python3.10/site-packages/airflow/example_dags/example_short_circuit_decorator.py
[2023-02-15T17:07:04.867+0100] {logging_mixin.py:137} INFO - [2023-02-15T17:07:04.867+0100] {manager.py:504} INFO - Created Permission View: can edit on DAG:example_short_circuit_decorator
[2023-02-15T17:07:04.874+0100] {logging_mixin.py:137} INFO - [2023-02-15T17:07:04.874+0100] {manager.py:504} INFO - Created Permission View: can read on DAG:example_short_circuit_decorator
[2023-02-15T17:07:04.879+0100] {logging_mixin.py:137} INFO - [2023-02-15T17:07:04.879+0100] {manager.py:504} INFO - Created Permission View: can delete on DAG:example_short_circuit_decorator
[2023-02-15T17:07:04.880+0100] {logging_mixin.py:137} INFO - [2023-02-15T17:07:04.879+0100] {dag.py:2690} INFO - Sync 1 DAGs
[2023-02-15T17:07:04.889+0100] {logging_mixin.py:137} INFO - [2023-02-15T17:07:04.889+0100] {dag.py:2711} INFO - Creating ORM DAG for example_short_circuit_decorator
[2023-02-15T17:07:04.897+0100] {logging_mixin.py:137} INFO - [2023-02-15T17:07:04.897+0100] {dag.py:3437} INFO - Setting next_dagrun for example_short_circuit_decorator to 2023-02-14T16:07:04.897244+00:00, run_after=2023-02-15T16:07:04.897244+00:00
[2023-02-15T17:07:04.912+0100] {processor.py:175} INFO - Processing /Users/Emily/.pyenv/versions/3.10.6/envs/airflow/lib/python3.10/site-packages/airflow/example_dags/example_short_circuit_decorator.py took 0.928 seconds
[2023-02-15T17:08:40.825+0100] {processor.py:153} INFO - Started process (PID=57146) to work on /Users/Emily/.pyenv/versions/3.10.6/envs/airflow/lib/python3.10/site-packages/airflow/example_dags/example_short_circuit_decorator.py
[2023-02-15T17:08:40.829+0100] {processor.py:743} INFO - Processing file /Users/Emily/.pyenv/versions/3.10.6/envs/airflow/lib/python3.10/site-packages/airflow/example_dags/example_short_circuit_decorator.py for tasks to queue
[2023-02-15T17:08:40.830+0100] {logging_mixin.py:137} INFO - [2023-02-15T17:08:40.830+0100] {dagbag.py:538} INFO - Filling up the DagBag from /Users/Emily/.pyenv/versions/3.10.6/envs/airflow/lib/python3.10/site-packages/airflow/example_dags/example_short_circuit_decorator.py
[2023-02-15T17:08:40.867+0100] {processor.py:753} INFO - DAG(s) dict_keys(['example_short_circuit_decorator']) retrieved from /Users/Emily/.pyenv/versions/3.10.6/envs/airflow/lib/python3.10/site-packages/airflow/example_dags/example_short_circuit_decorator.py
[2023-02-15T17:08:41.500+0100] {logging_mixin.py:137} INFO - [2023-02-15T17:08:41.500+0100] {dag.py:2690} INFO - Sync 1 DAGs
[2023-02-15T17:08:41.520+0100] {logging_mixin.py:137} INFO - [2023-02-15T17:08:41.520+0100] {dag.py:3437} INFO - Setting next_dagrun for example_short_circuit_decorator to 2023-02-14T16:08:41.520611+00:00, run_after=2023-02-15T16:08:41.520611+00:00
[2023-02-15T17:08:41.541+0100] {processor.py:175} INFO - Processing /Users/Emily/.pyenv/versions/3.10.6/envs/airflow/lib/python3.10/site-packages/airflow/example_dags/example_short_circuit_decorator.py took 0.716 seconds
[2023-02-15T17:10:49.242+0100] {processor.py:153} INFO - Started process (PID=57268) to work on /Users/Emily/.pyenv/versions/3.10.6/envs/airflow/lib/python3.10/site-packages/airflow/example_dags/example_short_circuit_decorator.py
[2023-02-15T17:10:49.246+0100] {processor.py:743} INFO - Processing file /Users/Emily/.pyenv/versions/3.10.6/envs/airflow/lib/python3.10/site-packages/airflow/example_dags/example_short_circuit_decorator.py for tasks to queue
[2023-02-15T17:10:49.246+0100] {logging_mixin.py:137} INFO - [2023-02-15T17:10:49.246+0100] {dagbag.py:538} INFO - Filling up the DagBag from /Users/Emily/.pyenv/versions/3.10.6/envs/airflow/lib/python3.10/site-packages/airflow/example_dags/example_short_circuit_decorator.py
[2023-02-15T17:10:49.285+0100] {processor.py:753} INFO - DAG(s) dict_keys(['example_short_circuit_decorator']) retrieved from /Users/Emily/.pyenv/versions/3.10.6/envs/airflow/lib/python3.10/site-packages/airflow/example_dags/example_short_circuit_decorator.py
[2023-02-15T17:10:49.989+0100] {logging_mixin.py:137} INFO - [2023-02-15T17:10:49.989+0100] {dag.py:2690} INFO - Sync 1 DAGs
[2023-02-15T17:10:50.004+0100] {logging_mixin.py:137} INFO - [2023-02-15T17:10:50.004+0100] {dag.py:3437} INFO - Setting next_dagrun for example_short_circuit_decorator to 2023-02-14T16:10:50.004206+00:00, run_after=2023-02-15T16:10:50.004206+00:00
[2023-02-15T17:10:50.019+0100] {processor.py:175} INFO - Processing /Users/Emily/.pyenv/versions/3.10.6/envs/airflow/lib/python3.10/site-packages/airflow/example_dags/example_short_circuit_decorator.py took 0.777 seconds
