[2023-02-15T17:07:30.772+0100] {processor.py:153} INFO - Started process (PID=57091) to work on /Users/Emily/.pyenv/versions/3.10.6/envs/airflow/lib/python3.10/site-packages/airflow/example_dags/example_external_task_marker_dag.py
[2023-02-15T17:07:30.776+0100] {processor.py:743} INFO - Processing file /Users/Emily/.pyenv/versions/3.10.6/envs/airflow/lib/python3.10/site-packages/airflow/example_dags/example_external_task_marker_dag.py for tasks to queue
[2023-02-15T17:07:30.776+0100] {logging_mixin.py:137} INFO - [2023-02-15T17:07:30.776+0100] {dagbag.py:538} INFO - Filling up the DagBag from /Users/Emily/.pyenv/versions/3.10.6/envs/airflow/lib/python3.10/site-packages/airflow/example_dags/example_external_task_marker_dag.py
[2023-02-15T17:07:30.799+0100] {processor.py:753} INFO - DAG(s) dict_keys(['example_external_task_marker_parent', 'example_external_task_marker_child']) retrieved from /Users/Emily/.pyenv/versions/3.10.6/envs/airflow/lib/python3.10/site-packages/airflow/example_dags/example_external_task_marker_dag.py
[2023-02-15T17:07:31.502+0100] {logging_mixin.py:137} INFO - [2023-02-15T17:07:31.502+0100] {manager.py:504} INFO - Created Permission View: can edit on DAG:example_external_task_marker_parent
[2023-02-15T17:07:31.508+0100] {logging_mixin.py:137} INFO - [2023-02-15T17:07:31.508+0100] {manager.py:504} INFO - Created Permission View: can delete on DAG:example_external_task_marker_parent
[2023-02-15T17:07:31.514+0100] {logging_mixin.py:137} INFO - [2023-02-15T17:07:31.513+0100] {manager.py:504} INFO - Created Permission View: can read on DAG:example_external_task_marker_parent
[2023-02-15T17:07:31.642+0100] {logging_mixin.py:137} INFO - [2023-02-15T17:07:31.642+0100] {manager.py:504} INFO - Created Permission View: can edit on DAG:example_external_task_marker_child
[2023-02-15T17:07:31.647+0100] {logging_mixin.py:137} INFO - [2023-02-15T17:07:31.647+0100] {manager.py:504} INFO - Created Permission View: can delete on DAG:example_external_task_marker_child
[2023-02-15T17:07:31.652+0100] {logging_mixin.py:137} INFO - [2023-02-15T17:07:31.652+0100] {manager.py:504} INFO - Created Permission View: can read on DAG:example_external_task_marker_child
[2023-02-15T17:07:31.652+0100] {logging_mixin.py:137} INFO - [2023-02-15T17:07:31.652+0100] {dag.py:2690} INFO - Sync 2 DAGs
[2023-02-15T17:07:31.662+0100] {logging_mixin.py:137} INFO - [2023-02-15T17:07:31.661+0100] {dag.py:2711} INFO - Creating ORM DAG for example_external_task_marker_parent
[2023-02-15T17:07:31.662+0100] {logging_mixin.py:137} INFO - [2023-02-15T17:07:31.662+0100] {dag.py:2711} INFO - Creating ORM DAG for example_external_task_marker_child
[2023-02-15T17:07:31.671+0100] {logging_mixin.py:137} INFO - [2023-02-15T17:07:31.671+0100] {dag.py:3437} INFO - Setting next_dagrun for example_external_task_marker_child to None, run_after=None
[2023-02-15T17:07:31.671+0100] {logging_mixin.py:137} INFO - [2023-02-15T17:07:31.671+0100] {dag.py:3437} INFO - Setting next_dagrun for example_external_task_marker_parent to None, run_after=None
[2023-02-15T17:07:31.686+0100] {processor.py:175} INFO - Processing /Users/Emily/.pyenv/versions/3.10.6/envs/airflow/lib/python3.10/site-packages/airflow/example_dags/example_external_task_marker_dag.py took 0.914 seconds
[2023-02-15T17:09:03.143+0100] {processor.py:153} INFO - Started process (PID=57162) to work on /Users/Emily/.pyenv/versions/3.10.6/envs/airflow/lib/python3.10/site-packages/airflow/example_dags/example_external_task_marker_dag.py
[2023-02-15T17:09:03.147+0100] {processor.py:743} INFO - Processing file /Users/Emily/.pyenv/versions/3.10.6/envs/airflow/lib/python3.10/site-packages/airflow/example_dags/example_external_task_marker_dag.py for tasks to queue
[2023-02-15T17:09:03.148+0100] {logging_mixin.py:137} INFO - [2023-02-15T17:09:03.148+0100] {dagbag.py:538} INFO - Filling up the DagBag from /Users/Emily/.pyenv/versions/3.10.6/envs/airflow/lib/python3.10/site-packages/airflow/example_dags/example_external_task_marker_dag.py
[2023-02-15T17:09:03.172+0100] {processor.py:753} INFO - DAG(s) dict_keys(['example_external_task_marker_child', 'example_external_task_marker_parent']) retrieved from /Users/Emily/.pyenv/versions/3.10.6/envs/airflow/lib/python3.10/site-packages/airflow/example_dags/example_external_task_marker_dag.py
[2023-02-15T17:09:03.819+0100] {logging_mixin.py:137} INFO - [2023-02-15T17:09:03.819+0100] {dag.py:2690} INFO - Sync 2 DAGs
[2023-02-15T17:09:03.831+0100] {logging_mixin.py:137} INFO - [2023-02-15T17:09:03.831+0100] {dag.py:3437} INFO - Setting next_dagrun for example_external_task_marker_child to None, run_after=None
[2023-02-15T17:09:03.832+0100] {logging_mixin.py:137} INFO - [2023-02-15T17:09:03.832+0100] {dag.py:3437} INFO - Setting next_dagrun for example_external_task_marker_parent to None, run_after=None
[2023-02-15T17:09:03.844+0100] {processor.py:175} INFO - Processing /Users/Emily/.pyenv/versions/3.10.6/envs/airflow/lib/python3.10/site-packages/airflow/example_dags/example_external_task_marker_dag.py took 0.702 seconds
[2023-02-15T17:11:12.881+0100] {processor.py:153} INFO - Started process (PID=57294) to work on /Users/Emily/.pyenv/versions/3.10.6/envs/airflow/lib/python3.10/site-packages/airflow/example_dags/example_external_task_marker_dag.py
[2023-02-15T17:11:12.885+0100] {processor.py:743} INFO - Processing file /Users/Emily/.pyenv/versions/3.10.6/envs/airflow/lib/python3.10/site-packages/airflow/example_dags/example_external_task_marker_dag.py for tasks to queue
[2023-02-15T17:11:12.886+0100] {logging_mixin.py:137} INFO - [2023-02-15T17:11:12.886+0100] {dagbag.py:538} INFO - Filling up the DagBag from /Users/Emily/.pyenv/versions/3.10.6/envs/airflow/lib/python3.10/site-packages/airflow/example_dags/example_external_task_marker_dag.py
[2023-02-15T17:11:12.906+0100] {processor.py:753} INFO - DAG(s) dict_keys(['example_external_task_marker_child', 'example_external_task_marker_parent']) retrieved from /Users/Emily/.pyenv/versions/3.10.6/envs/airflow/lib/python3.10/site-packages/airflow/example_dags/example_external_task_marker_dag.py
[2023-02-15T17:11:13.651+0100] {logging_mixin.py:137} INFO - [2023-02-15T17:11:13.651+0100] {dag.py:2690} INFO - Sync 2 DAGs
[2023-02-15T17:11:13.666+0100] {logging_mixin.py:137} INFO - [2023-02-15T17:11:13.666+0100] {dag.py:3437} INFO - Setting next_dagrun for example_external_task_marker_child to None, run_after=None
[2023-02-15T17:11:13.668+0100] {logging_mixin.py:137} INFO - [2023-02-15T17:11:13.668+0100] {dag.py:3437} INFO - Setting next_dagrun for example_external_task_marker_parent to None, run_after=None
[2023-02-15T17:11:13.682+0100] {processor.py:175} INFO - Processing /Users/Emily/.pyenv/versions/3.10.6/envs/airflow/lib/python3.10/site-packages/airflow/example_dags/example_external_task_marker_dag.py took 0.802 seconds
