[2023-02-15T17:07:38.858+0100] {processor.py:153} INFO - Started process (PID=57099) to work on /Users/Emily/.pyenv/versions/3.10.6/envs/airflow/lib/python3.10/site-packages/airflow/example_dags/example_dag_decorator.py
[2023-02-15T17:07:38.862+0100] {processor.py:743} INFO - Processing file /Users/Emily/.pyenv/versions/3.10.6/envs/airflow/lib/python3.10/site-packages/airflow/example_dags/example_dag_decorator.py for tasks to queue
[2023-02-15T17:07:38.863+0100] {logging_mixin.py:137} INFO - [2023-02-15T17:07:38.863+0100] {dagbag.py:538} INFO - Filling up the DagBag from /Users/Emily/.pyenv/versions/3.10.6/envs/airflow/lib/python3.10/site-packages/airflow/example_dags/example_dag_decorator.py
[2023-02-15T17:07:39.011+0100] {logging_mixin.py:137} INFO - [2023-02-15T17:07:39.011+0100] {taskmixin.py:205} WARNING - Dependency <Task(_PythonDecoratedOperator): prepare_email>, send_email already registered for DAG: example_dag_decorator
[2023-02-15T17:07:39.011+0100] {logging_mixin.py:137} INFO - [2023-02-15T17:07:39.011+0100] {taskmixin.py:205} WARNING - Dependency <Task(EmailOperator): send_email>, prepare_email already registered for DAG: example_dag_decorator
[2023-02-15T17:07:39.070+0100] {processor.py:753} INFO - DAG(s) dict_keys(['example_dag_decorator']) retrieved from /Users/Emily/.pyenv/versions/3.10.6/envs/airflow/lib/python3.10/site-packages/airflow/example_dags/example_dag_decorator.py
[2023-02-15T17:07:39.637+0100] {logging_mixin.py:137} INFO - [2023-02-15T17:07:39.636+0100] {manager.py:504} INFO - Created Permission View: can delete on DAG:example_dag_decorator
[2023-02-15T17:07:39.643+0100] {logging_mixin.py:137} INFO - [2023-02-15T17:07:39.643+0100] {manager.py:504} INFO - Created Permission View: can read on DAG:example_dag_decorator
[2023-02-15T17:07:39.648+0100] {logging_mixin.py:137} INFO - [2023-02-15T17:07:39.648+0100] {manager.py:504} INFO - Created Permission View: can edit on DAG:example_dag_decorator
[2023-02-15T17:07:39.648+0100] {logging_mixin.py:137} INFO - [2023-02-15T17:07:39.648+0100] {dag.py:2690} INFO - Sync 1 DAGs
[2023-02-15T17:07:39.658+0100] {logging_mixin.py:137} INFO - [2023-02-15T17:07:39.657+0100] {dag.py:2711} INFO - Creating ORM DAG for example_dag_decorator
[2023-02-15T17:07:39.665+0100] {logging_mixin.py:137} INFO - [2023-02-15T17:07:39.665+0100] {dag.py:3437} INFO - Setting next_dagrun for example_dag_decorator to None, run_after=None
[2023-02-15T17:07:39.677+0100] {processor.py:175} INFO - Processing /Users/Emily/.pyenv/versions/3.10.6/envs/airflow/lib/python3.10/site-packages/airflow/example_dags/example_dag_decorator.py took 0.820 seconds
[2023-02-15T17:09:44.239+0100] {processor.py:153} INFO - Started process (PID=57190) to work on /Users/Emily/.pyenv/versions/3.10.6/envs/airflow/lib/python3.10/site-packages/airflow/example_dags/example_dag_decorator.py
[2023-02-15T17:09:44.243+0100] {processor.py:743} INFO - Processing file /Users/Emily/.pyenv/versions/3.10.6/envs/airflow/lib/python3.10/site-packages/airflow/example_dags/example_dag_decorator.py for tasks to queue
[2023-02-15T17:09:44.244+0100] {logging_mixin.py:137} INFO - [2023-02-15T17:09:44.244+0100] {dagbag.py:538} INFO - Filling up the DagBag from /Users/Emily/.pyenv/versions/3.10.6/envs/airflow/lib/python3.10/site-packages/airflow/example_dags/example_dag_decorator.py
[2023-02-15T17:09:44.373+0100] {logging_mixin.py:137} INFO - [2023-02-15T17:09:44.372+0100] {taskmixin.py:205} WARNING - Dependency <Task(_PythonDecoratedOperator): prepare_email>, send_email already registered for DAG: example_dag_decorator
[2023-02-15T17:09:44.373+0100] {logging_mixin.py:137} INFO - [2023-02-15T17:09:44.373+0100] {taskmixin.py:205} WARNING - Dependency <Task(EmailOperator): send_email>, prepare_email already registered for DAG: example_dag_decorator
[2023-02-15T17:09:44.431+0100] {processor.py:753} INFO - DAG(s) dict_keys(['example_dag_decorator']) retrieved from /Users/Emily/.pyenv/versions/3.10.6/envs/airflow/lib/python3.10/site-packages/airflow/example_dags/example_dag_decorator.py
[2023-02-15T17:09:44.966+0100] {logging_mixin.py:137} INFO - [2023-02-15T17:09:44.966+0100] {dag.py:2690} INFO - Sync 1 DAGs
[2023-02-15T17:09:44.981+0100] {logging_mixin.py:137} INFO - [2023-02-15T17:09:44.981+0100] {dag.py:3437} INFO - Setting next_dagrun for example_dag_decorator to None, run_after=None
[2023-02-15T17:09:44.996+0100] {processor.py:175} INFO - Processing /Users/Emily/.pyenv/versions/3.10.6/envs/airflow/lib/python3.10/site-packages/airflow/example_dags/example_dag_decorator.py took 0.758 seconds
