[2023-02-15T17:07:25.412+0100] {processor.py:153} INFO - Started process (PID=57084) to work on /Users/Emily/.pyenv/versions/3.10.6/envs/airflow/lib/python3.10/site-packages/airflow/example_dags/example_latest_only.py
[2023-02-15T17:07:25.416+0100] {processor.py:743} INFO - Processing file /Users/Emily/.pyenv/versions/3.10.6/envs/airflow/lib/python3.10/site-packages/airflow/example_dags/example_latest_only.py for tasks to queue
[2023-02-15T17:07:25.416+0100] {logging_mixin.py:137} INFO - [2023-02-15T17:07:25.416+0100] {dagbag.py:538} INFO - Filling up the DagBag from /Users/Emily/.pyenv/versions/3.10.6/envs/airflow/lib/python3.10/site-packages/airflow/example_dags/example_latest_only.py
[2023-02-15T17:07:25.437+0100] {processor.py:753} INFO - DAG(s) dict_keys(['latest_only']) retrieved from /Users/Emily/.pyenv/versions/3.10.6/envs/airflow/lib/python3.10/site-packages/airflow/example_dags/example_latest_only.py
[2023-02-15T17:07:26.149+0100] {logging_mixin.py:137} INFO - [2023-02-15T17:07:26.149+0100] {manager.py:504} INFO - Created Permission View: can read on DAG:latest_only
[2023-02-15T17:07:26.155+0100] {logging_mixin.py:137} INFO - [2023-02-15T17:07:26.155+0100] {manager.py:504} INFO - Created Permission View: can delete on DAG:latest_only
[2023-02-15T17:07:26.160+0100] {logging_mixin.py:137} INFO - [2023-02-15T17:07:26.160+0100] {manager.py:504} INFO - Created Permission View: can edit on DAG:latest_only
[2023-02-15T17:07:26.161+0100] {logging_mixin.py:137} INFO - [2023-02-15T17:07:26.160+0100] {dag.py:2690} INFO - Sync 1 DAGs
[2023-02-15T17:07:26.170+0100] {logging_mixin.py:137} INFO - [2023-02-15T17:07:26.170+0100] {dag.py:2711} INFO - Creating ORM DAG for latest_only
[2023-02-15T17:07:26.177+0100] {logging_mixin.py:137} INFO - [2023-02-15T17:07:26.177+0100] {dag.py:3437} INFO - Setting next_dagrun for latest_only to 2023-02-15T12:07:26.177394+00:00, run_after=2023-02-15T16:07:26.177394+00:00
[2023-02-15T17:07:26.192+0100] {processor.py:175} INFO - Processing /Users/Emily/.pyenv/versions/3.10.6/envs/airflow/lib/python3.10/site-packages/airflow/example_dags/example_latest_only.py took 0.781 seconds
[2023-02-15T17:08:59.234+0100] {processor.py:153} INFO - Started process (PID=57158) to work on /Users/Emily/.pyenv/versions/3.10.6/envs/airflow/lib/python3.10/site-packages/airflow/example_dags/example_latest_only.py
[2023-02-15T17:08:59.238+0100] {processor.py:743} INFO - Processing file /Users/Emily/.pyenv/versions/3.10.6/envs/airflow/lib/python3.10/site-packages/airflow/example_dags/example_latest_only.py for tasks to queue
[2023-02-15T17:08:59.239+0100] {logging_mixin.py:137} INFO - [2023-02-15T17:08:59.239+0100] {dagbag.py:538} INFO - Filling up the DagBag from /Users/Emily/.pyenv/versions/3.10.6/envs/airflow/lib/python3.10/site-packages/airflow/example_dags/example_latest_only.py
[2023-02-15T17:08:59.262+0100] {processor.py:753} INFO - DAG(s) dict_keys(['latest_only']) retrieved from /Users/Emily/.pyenv/versions/3.10.6/envs/airflow/lib/python3.10/site-packages/airflow/example_dags/example_latest_only.py
[2023-02-15T17:08:59.902+0100] {logging_mixin.py:137} INFO - [2023-02-15T17:08:59.902+0100] {dag.py:2690} INFO - Sync 1 DAGs
[2023-02-15T17:08:59.916+0100] {logging_mixin.py:137} INFO - [2023-02-15T17:08:59.916+0100] {dag.py:3437} INFO - Setting next_dagrun for latest_only to 2023-02-15T12:08:59.916578+00:00, run_after=2023-02-15T16:08:59.916578+00:00
[2023-02-15T17:08:59.934+0100] {processor.py:175} INFO - Processing /Users/Emily/.pyenv/versions/3.10.6/envs/airflow/lib/python3.10/site-packages/airflow/example_dags/example_latest_only.py took 0.701 seconds
[2023-02-15T17:11:07.749+0100] {processor.py:153} INFO - Started process (PID=57289) to work on /Users/Emily/.pyenv/versions/3.10.6/envs/airflow/lib/python3.10/site-packages/airflow/example_dags/example_latest_only.py
[2023-02-15T17:11:07.752+0100] {processor.py:743} INFO - Processing file /Users/Emily/.pyenv/versions/3.10.6/envs/airflow/lib/python3.10/site-packages/airflow/example_dags/example_latest_only.py for tasks to queue
[2023-02-15T17:11:07.752+0100] {logging_mixin.py:137} INFO - [2023-02-15T17:11:07.752+0100] {dagbag.py:538} INFO - Filling up the DagBag from /Users/Emily/.pyenv/versions/3.10.6/envs/airflow/lib/python3.10/site-packages/airflow/example_dags/example_latest_only.py
[2023-02-15T17:11:07.768+0100] {processor.py:753} INFO - DAG(s) dict_keys(['latest_only']) retrieved from /Users/Emily/.pyenv/versions/3.10.6/envs/airflow/lib/python3.10/site-packages/airflow/example_dags/example_latest_only.py
[2023-02-15T17:11:08.355+0100] {logging_mixin.py:137} INFO - [2023-02-15T17:11:08.355+0100] {dag.py:2690} INFO - Sync 1 DAGs
[2023-02-15T17:11:08.369+0100] {logging_mixin.py:137} INFO - [2023-02-15T17:11:08.369+0100] {dag.py:3437} INFO - Setting next_dagrun for latest_only to 2023-02-15T12:11:08.369748+00:00, run_after=2023-02-15T16:11:08.369748+00:00
[2023-02-15T17:11:08.383+0100] {processor.py:175} INFO - Processing /Users/Emily/.pyenv/versions/3.10.6/envs/airflow/lib/python3.10/site-packages/airflow/example_dags/example_latest_only.py took 0.635 seconds
