[2023-02-15T17:06:25.296+0100] {processor.py:153} INFO - Started process (PID=57037) to work on /Users/Emily/.pyenv/versions/3.10.6/envs/airflow/lib/python3.10/site-packages/airflow/example_dags/tutorial_taskflow_api.py
[2023-02-15T17:06:25.301+0100] {processor.py:743} INFO - Processing file /Users/Emily/.pyenv/versions/3.10.6/envs/airflow/lib/python3.10/site-packages/airflow/example_dags/tutorial_taskflow_api.py for tasks to queue
[2023-02-15T17:06:25.302+0100] {logging_mixin.py:137} INFO - [2023-02-15T17:06:25.302+0100] {dagbag.py:538} INFO - Filling up the DagBag from /Users/Emily/.pyenv/versions/3.10.6/envs/airflow/lib/python3.10/site-packages/airflow/example_dags/tutorial_taskflow_api.py
[2023-02-15T17:06:25.355+0100] {processor.py:753} INFO - DAG(s) dict_keys(['tutorial_taskflow_api']) retrieved from /Users/Emily/.pyenv/versions/3.10.6/envs/airflow/lib/python3.10/site-packages/airflow/example_dags/tutorial_taskflow_api.py
[2023-02-15T17:06:26.158+0100] {logging_mixin.py:137} INFO - [2023-02-15T17:06:26.157+0100] {manager.py:504} INFO - Created Permission View: can delete on DAG:tutorial_taskflow_api
[2023-02-15T17:06:26.164+0100] {logging_mixin.py:137} INFO - [2023-02-15T17:06:26.164+0100] {manager.py:504} INFO - Created Permission View: can read on DAG:tutorial_taskflow_api
[2023-02-15T17:06:26.169+0100] {logging_mixin.py:137} INFO - [2023-02-15T17:06:26.169+0100] {manager.py:504} INFO - Created Permission View: can edit on DAG:tutorial_taskflow_api
[2023-02-15T17:06:26.169+0100] {logging_mixin.py:137} INFO - [2023-02-15T17:06:26.169+0100] {dag.py:2690} INFO - Sync 1 DAGs
[2023-02-15T17:06:26.179+0100] {logging_mixin.py:137} INFO - [2023-02-15T17:06:26.178+0100] {dag.py:2711} INFO - Creating ORM DAG for tutorial_taskflow_api
[2023-02-15T17:06:26.187+0100] {logging_mixin.py:137} INFO - [2023-02-15T17:06:26.187+0100] {dag.py:3437} INFO - Setting next_dagrun for tutorial_taskflow_api to None, run_after=None
[2023-02-15T17:06:26.202+0100] {processor.py:175} INFO - Processing /Users/Emily/.pyenv/versions/3.10.6/envs/airflow/lib/python3.10/site-packages/airflow/example_dags/tutorial_taskflow_api.py took 0.909 seconds
[2023-02-15T17:08:08.941+0100] {processor.py:153} INFO - Started process (PID=57120) to work on /Users/Emily/.pyenv/versions/3.10.6/envs/airflow/lib/python3.10/site-packages/airflow/example_dags/tutorial_taskflow_api.py
[2023-02-15T17:08:08.946+0100] {processor.py:743} INFO - Processing file /Users/Emily/.pyenv/versions/3.10.6/envs/airflow/lib/python3.10/site-packages/airflow/example_dags/tutorial_taskflow_api.py for tasks to queue
[2023-02-15T17:08:08.946+0100] {logging_mixin.py:137} INFO - [2023-02-15T17:08:08.946+0100] {dagbag.py:538} INFO - Filling up the DagBag from /Users/Emily/.pyenv/versions/3.10.6/envs/airflow/lib/python3.10/site-packages/airflow/example_dags/tutorial_taskflow_api.py
[2023-02-15T17:08:08.979+0100] {processor.py:753} INFO - DAG(s) dict_keys(['tutorial_taskflow_api']) retrieved from /Users/Emily/.pyenv/versions/3.10.6/envs/airflow/lib/python3.10/site-packages/airflow/example_dags/tutorial_taskflow_api.py
[2023-02-15T17:08:09.603+0100] {logging_mixin.py:137} INFO - [2023-02-15T17:08:09.603+0100] {dag.py:2690} INFO - Sync 1 DAGs
[2023-02-15T17:08:09.617+0100] {logging_mixin.py:137} INFO - [2023-02-15T17:08:09.617+0100] {dag.py:3437} INFO - Setting next_dagrun for tutorial_taskflow_api to None, run_after=None
[2023-02-15T17:08:09.633+0100] {processor.py:175} INFO - Processing /Users/Emily/.pyenv/versions/3.10.6/envs/airflow/lib/python3.10/site-packages/airflow/example_dags/tutorial_taskflow_api.py took 0.693 seconds
[2023-02-15T17:09:12.456+0100] {processor.py:153} INFO - Started process (PID=57168) to work on /Users/Emily/.pyenv/versions/3.10.6/envs/airflow/lib/python3.10/site-packages/airflow/example_dags/tutorial_taskflow_api.py
[2023-02-15T17:09:12.459+0100] {processor.py:743} INFO - Processing file /Users/Emily/.pyenv/versions/3.10.6/envs/airflow/lib/python3.10/site-packages/airflow/example_dags/tutorial_taskflow_api.py for tasks to queue
[2023-02-15T17:09:12.459+0100] {logging_mixin.py:137} INFO - [2023-02-15T17:09:12.459+0100] {dagbag.py:538} INFO - Filling up the DagBag from /Users/Emily/.pyenv/versions/3.10.6/envs/airflow/lib/python3.10/site-packages/airflow/example_dags/tutorial_taskflow_api.py
[2023-02-15T17:09:12.491+0100] {processor.py:753} INFO - DAG(s) dict_keys(['tutorial_taskflow_api']) retrieved from /Users/Emily/.pyenv/versions/3.10.6/envs/airflow/lib/python3.10/site-packages/airflow/example_dags/tutorial_taskflow_api.py
[2023-02-15T17:09:13.065+0100] {logging_mixin.py:137} INFO - [2023-02-15T17:09:13.065+0100] {dag.py:2690} INFO - Sync 1 DAGs
[2023-02-15T17:09:13.078+0100] {logging_mixin.py:137} INFO - [2023-02-15T17:09:13.078+0100] {dag.py:3437} INFO - Setting next_dagrun for tutorial_taskflow_api to None, run_after=None
[2023-02-15T17:09:13.091+0100] {processor.py:175} INFO - Processing /Users/Emily/.pyenv/versions/3.10.6/envs/airflow/lib/python3.10/site-packages/airflow/example_dags/tutorial_taskflow_api.py took 0.636 seconds
[2023-02-15T17:10:12.738+0100] {processor.py:153} INFO - Started process (PID=57221) to work on /Users/Emily/.pyenv/versions/3.10.6/envs/airflow/lib/python3.10/site-packages/airflow/example_dags/tutorial_taskflow_api.py
[2023-02-15T17:10:12.744+0100] {processor.py:743} INFO - Processing file /Users/Emily/.pyenv/versions/3.10.6/envs/airflow/lib/python3.10/site-packages/airflow/example_dags/tutorial_taskflow_api.py for tasks to queue
[2023-02-15T17:10:12.744+0100] {logging_mixin.py:137} INFO - [2023-02-15T17:10:12.744+0100] {dagbag.py:538} INFO - Filling up the DagBag from /Users/Emily/.pyenv/versions/3.10.6/envs/airflow/lib/python3.10/site-packages/airflow/example_dags/tutorial_taskflow_api.py
[2023-02-15T17:10:12.795+0100] {processor.py:753} INFO - DAG(s) dict_keys(['tutorial_taskflow_api']) retrieved from /Users/Emily/.pyenv/versions/3.10.6/envs/airflow/lib/python3.10/site-packages/airflow/example_dags/tutorial_taskflow_api.py
[2023-02-15T17:10:13.594+0100] {logging_mixin.py:137} INFO - [2023-02-15T17:10:13.593+0100] {dag.py:2690} INFO - Sync 1 DAGs
[2023-02-15T17:10:13.612+0100] {logging_mixin.py:137} INFO - [2023-02-15T17:10:13.612+0100] {dag.py:3437} INFO - Setting next_dagrun for tutorial_taskflow_api to None, run_after=None
[2023-02-15T17:10:13.629+0100] {processor.py:175} INFO - Processing /Users/Emily/.pyenv/versions/3.10.6/envs/airflow/lib/python3.10/site-packages/airflow/example_dags/tutorial_taskflow_api.py took 0.892 seconds
[2023-02-15T17:11:23.647+0100] {processor.py:153} INFO - Started process (PID=57303) to work on /Users/Emily/.pyenv/versions/3.10.6/envs/airflow/lib/python3.10/site-packages/airflow/example_dags/tutorial_taskflow_api.py
[2023-02-15T17:11:23.652+0100] {processor.py:743} INFO - Processing file /Users/Emily/.pyenv/versions/3.10.6/envs/airflow/lib/python3.10/site-packages/airflow/example_dags/tutorial_taskflow_api.py for tasks to queue
[2023-02-15T17:11:23.652+0100] {logging_mixin.py:137} INFO - [2023-02-15T17:11:23.652+0100] {dagbag.py:538} INFO - Filling up the DagBag from /Users/Emily/.pyenv/versions/3.10.6/envs/airflow/lib/python3.10/site-packages/airflow/example_dags/tutorial_taskflow_api.py
[2023-02-15T17:11:23.692+0100] {processor.py:753} INFO - DAG(s) dict_keys(['tutorial_taskflow_api']) retrieved from /Users/Emily/.pyenv/versions/3.10.6/envs/airflow/lib/python3.10/site-packages/airflow/example_dags/tutorial_taskflow_api.py
[2023-02-15T17:11:24.459+0100] {logging_mixin.py:137} INFO - [2023-02-15T17:11:24.459+0100] {dag.py:2690} INFO - Sync 1 DAGs
[2023-02-15T17:11:24.478+0100] {logging_mixin.py:137} INFO - [2023-02-15T17:11:24.478+0100] {dag.py:3437} INFO - Setting next_dagrun for tutorial_taskflow_api to None, run_after=None
[2023-02-15T17:11:24.497+0100] {processor.py:175} INFO - Processing /Users/Emily/.pyenv/versions/3.10.6/envs/airflow/lib/python3.10/site-packages/airflow/example_dags/tutorial_taskflow_api.py took 0.850 seconds
