[2023-02-15T17:06:30.804+0100] {processor.py:153} INFO - Started process (PID=57041) to work on /Users/Emily/.pyenv/versions/3.10.6/envs/airflow/lib/python3.10/site-packages/airflow/example_dags/tutorial.py
[2023-02-15T17:06:30.808+0100] {processor.py:743} INFO - Processing file /Users/Emily/.pyenv/versions/3.10.6/envs/airflow/lib/python3.10/site-packages/airflow/example_dags/tutorial.py for tasks to queue
[2023-02-15T17:06:30.809+0100] {logging_mixin.py:137} INFO - [2023-02-15T17:06:30.809+0100] {dagbag.py:538} INFO - Filling up the DagBag from /Users/Emily/.pyenv/versions/3.10.6/envs/airflow/lib/python3.10/site-packages/airflow/example_dags/tutorial.py
[2023-02-15T17:06:30.831+0100] {processor.py:753} INFO - DAG(s) dict_keys(['tutorial']) retrieved from /Users/Emily/.pyenv/versions/3.10.6/envs/airflow/lib/python3.10/site-packages/airflow/example_dags/tutorial.py
[2023-02-15T17:06:31.701+0100] {logging_mixin.py:137} INFO - [2023-02-15T17:06:31.701+0100] {manager.py:504} INFO - Created Permission View: can edit on DAG:tutorial
[2023-02-15T17:06:31.708+0100] {logging_mixin.py:137} INFO - [2023-02-15T17:06:31.708+0100] {manager.py:504} INFO - Created Permission View: can read on DAG:tutorial
[2023-02-15T17:06:31.713+0100] {logging_mixin.py:137} INFO - [2023-02-15T17:06:31.713+0100] {manager.py:504} INFO - Created Permission View: can delete on DAG:tutorial
[2023-02-15T17:06:31.713+0100] {logging_mixin.py:137} INFO - [2023-02-15T17:06:31.713+0100] {dag.py:2690} INFO - Sync 1 DAGs
[2023-02-15T17:06:31.722+0100] {logging_mixin.py:137} INFO - [2023-02-15T17:06:31.722+0100] {dag.py:2711} INFO - Creating ORM DAG for tutorial
[2023-02-15T17:06:31.730+0100] {logging_mixin.py:137} INFO - [2023-02-15T17:06:31.730+0100] {dag.py:3437} INFO - Setting next_dagrun for tutorial to 2023-02-14T16:06:31.730181+00:00, run_after=2023-02-15T16:06:31.730181+00:00
[2023-02-15T17:06:31.745+0100] {processor.py:175} INFO - Processing /Users/Emily/.pyenv/versions/3.10.6/envs/airflow/lib/python3.10/site-packages/airflow/example_dags/tutorial.py took 0.942 seconds
[2023-02-15T17:08:12.921+0100] {processor.py:153} INFO - Started process (PID=57124) to work on /Users/Emily/.pyenv/versions/3.10.6/envs/airflow/lib/python3.10/site-packages/airflow/example_dags/tutorial.py
[2023-02-15T17:08:12.926+0100] {processor.py:743} INFO - Processing file /Users/Emily/.pyenv/versions/3.10.6/envs/airflow/lib/python3.10/site-packages/airflow/example_dags/tutorial.py for tasks to queue
[2023-02-15T17:08:12.926+0100] {logging_mixin.py:137} INFO - [2023-02-15T17:08:12.926+0100] {dagbag.py:538} INFO - Filling up the DagBag from /Users/Emily/.pyenv/versions/3.10.6/envs/airflow/lib/python3.10/site-packages/airflow/example_dags/tutorial.py
[2023-02-15T17:08:12.944+0100] {processor.py:753} INFO - DAG(s) dict_keys(['tutorial']) retrieved from /Users/Emily/.pyenv/versions/3.10.6/envs/airflow/lib/python3.10/site-packages/airflow/example_dags/tutorial.py
[2023-02-15T17:08:13.526+0100] {logging_mixin.py:137} INFO - [2023-02-15T17:08:13.526+0100] {dag.py:2690} INFO - Sync 1 DAGs
[2023-02-15T17:08:13.540+0100] {logging_mixin.py:137} INFO - [2023-02-15T17:08:13.540+0100] {dag.py:3437} INFO - Setting next_dagrun for tutorial to 2023-02-14T16:08:13.540494+00:00, run_after=2023-02-15T16:08:13.540494+00:00
[2023-02-15T17:08:13.555+0100] {processor.py:175} INFO - Processing /Users/Emily/.pyenv/versions/3.10.6/envs/airflow/lib/python3.10/site-packages/airflow/example_dags/tutorial.py took 0.634 seconds
[2023-02-15T17:09:15.710+0100] {processor.py:153} INFO - Started process (PID=57171) to work on /Users/Emily/.pyenv/versions/3.10.6/envs/airflow/lib/python3.10/site-packages/airflow/example_dags/tutorial.py
[2023-02-15T17:09:15.714+0100] {processor.py:743} INFO - Processing file /Users/Emily/.pyenv/versions/3.10.6/envs/airflow/lib/python3.10/site-packages/airflow/example_dags/tutorial.py for tasks to queue
[2023-02-15T17:09:15.714+0100] {logging_mixin.py:137} INFO - [2023-02-15T17:09:15.714+0100] {dagbag.py:538} INFO - Filling up the DagBag from /Users/Emily/.pyenv/versions/3.10.6/envs/airflow/lib/python3.10/site-packages/airflow/example_dags/tutorial.py
[2023-02-15T17:09:15.730+0100] {processor.py:753} INFO - DAG(s) dict_keys(['tutorial']) retrieved from /Users/Emily/.pyenv/versions/3.10.6/envs/airflow/lib/python3.10/site-packages/airflow/example_dags/tutorial.py
[2023-02-15T17:09:16.312+0100] {logging_mixin.py:137} INFO - [2023-02-15T17:09:16.311+0100] {dag.py:2690} INFO - Sync 1 DAGs
[2023-02-15T17:09:16.326+0100] {logging_mixin.py:137} INFO - [2023-02-15T17:09:16.325+0100] {dag.py:3437} INFO - Setting next_dagrun for tutorial to 2023-02-14T16:09:16.325811+00:00, run_after=2023-02-15T16:09:16.325811+00:00
[2023-02-15T17:09:16.340+0100] {processor.py:175} INFO - Processing /Users/Emily/.pyenv/versions/3.10.6/envs/airflow/lib/python3.10/site-packages/airflow/example_dags/tutorial.py took 0.630 seconds
[2023-02-15T17:10:18.276+0100] {processor.py:153} INFO - Started process (PID=57225) to work on /Users/Emily/.pyenv/versions/3.10.6/envs/airflow/lib/python3.10/site-packages/airflow/example_dags/tutorial.py
[2023-02-15T17:10:18.280+0100] {processor.py:743} INFO - Processing file /Users/Emily/.pyenv/versions/3.10.6/envs/airflow/lib/python3.10/site-packages/airflow/example_dags/tutorial.py for tasks to queue
[2023-02-15T17:10:18.280+0100] {logging_mixin.py:137} INFO - [2023-02-15T17:10:18.280+0100] {dagbag.py:538} INFO - Filling up the DagBag from /Users/Emily/.pyenv/versions/3.10.6/envs/airflow/lib/python3.10/site-packages/airflow/example_dags/tutorial.py
[2023-02-15T17:10:18.301+0100] {processor.py:753} INFO - DAG(s) dict_keys(['tutorial']) retrieved from /Users/Emily/.pyenv/versions/3.10.6/envs/airflow/lib/python3.10/site-packages/airflow/example_dags/tutorial.py
[2023-02-15T17:10:19.007+0100] {logging_mixin.py:137} INFO - [2023-02-15T17:10:19.007+0100] {dag.py:2690} INFO - Sync 1 DAGs
[2023-02-15T17:10:19.022+0100] {logging_mixin.py:137} INFO - [2023-02-15T17:10:19.021+0100] {dag.py:3437} INFO - Setting next_dagrun for tutorial to 2023-02-14T16:10:19.021789+00:00, run_after=2023-02-15T16:10:19.021789+00:00
[2023-02-15T17:10:19.036+0100] {processor.py:175} INFO - Processing /Users/Emily/.pyenv/versions/3.10.6/envs/airflow/lib/python3.10/site-packages/airflow/example_dags/tutorial.py took 0.761 seconds
[2023-02-15T17:11:29.511+0100] {processor.py:153} INFO - Started process (PID=57306) to work on /Users/Emily/.pyenv/versions/3.10.6/envs/airflow/lib/python3.10/site-packages/airflow/example_dags/tutorial.py
[2023-02-15T17:11:29.516+0100] {processor.py:743} INFO - Processing file /Users/Emily/.pyenv/versions/3.10.6/envs/airflow/lib/python3.10/site-packages/airflow/example_dags/tutorial.py for tasks to queue
[2023-02-15T17:11:29.517+0100] {logging_mixin.py:137} INFO - [2023-02-15T17:11:29.517+0100] {dagbag.py:538} INFO - Filling up the DagBag from /Users/Emily/.pyenv/versions/3.10.6/envs/airflow/lib/python3.10/site-packages/airflow/example_dags/tutorial.py
[2023-02-15T17:11:29.542+0100] {processor.py:753} INFO - DAG(s) dict_keys(['tutorial']) retrieved from /Users/Emily/.pyenv/versions/3.10.6/envs/airflow/lib/python3.10/site-packages/airflow/example_dags/tutorial.py
[2023-02-15T17:11:30.434+0100] {logging_mixin.py:137} INFO - [2023-02-15T17:11:30.434+0100] {dag.py:2690} INFO - Sync 1 DAGs
[2023-02-15T17:11:30.453+0100] {logging_mixin.py:137} INFO - [2023-02-15T17:11:30.453+0100] {dag.py:3437} INFO - Setting next_dagrun for tutorial to 2023-02-14T16:11:30.453083+00:00, run_after=2023-02-15T16:11:30.453083+00:00
[2023-02-15T17:11:30.471+0100] {processor.py:175} INFO - Processing /Users/Emily/.pyenv/versions/3.10.6/envs/airflow/lib/python3.10/site-packages/airflow/example_dags/tutorial.py took 0.961 seconds
