[2023-02-15T17:06:27.925+0100] {processor.py:153} INFO - Started process (PID=57038) to work on /Users/Emily/.pyenv/versions/3.10.6/envs/airflow/lib/python3.10/site-packages/airflow/example_dags/tutorial_dag.py
[2023-02-15T17:06:27.930+0100] {processor.py:743} INFO - Processing file /Users/Emily/.pyenv/versions/3.10.6/envs/airflow/lib/python3.10/site-packages/airflow/example_dags/tutorial_dag.py for tasks to queue
[2023-02-15T17:06:27.930+0100] {logging_mixin.py:137} INFO - [2023-02-15T17:06:27.930+0100] {dagbag.py:538} INFO - Filling up the DagBag from /Users/Emily/.pyenv/versions/3.10.6/envs/airflow/lib/python3.10/site-packages/airflow/example_dags/tutorial_dag.py
[2023-02-15T17:06:27.960+0100] {processor.py:753} INFO - DAG(s) dict_keys(['tutorial_dag']) retrieved from /Users/Emily/.pyenv/versions/3.10.6/envs/airflow/lib/python3.10/site-packages/airflow/example_dags/tutorial_dag.py
[2023-02-15T17:06:28.777+0100] {logging_mixin.py:137} INFO - [2023-02-15T17:06:28.777+0100] {manager.py:504} INFO - Created Permission View: can delete on DAG:tutorial_dag
[2023-02-15T17:06:28.783+0100] {logging_mixin.py:137} INFO - [2023-02-15T17:06:28.783+0100] {manager.py:504} INFO - Created Permission View: can read on DAG:tutorial_dag
[2023-02-15T17:06:28.788+0100] {logging_mixin.py:137} INFO - [2023-02-15T17:06:28.788+0100] {manager.py:504} INFO - Created Permission View: can edit on DAG:tutorial_dag
[2023-02-15T17:06:28.788+0100] {logging_mixin.py:137} INFO - [2023-02-15T17:06:28.788+0100] {dag.py:2690} INFO - Sync 1 DAGs
[2023-02-15T17:06:28.798+0100] {logging_mixin.py:137} INFO - [2023-02-15T17:06:28.797+0100] {dag.py:2711} INFO - Creating ORM DAG for tutorial_dag
[2023-02-15T17:06:28.805+0100] {logging_mixin.py:137} INFO - [2023-02-15T17:06:28.804+0100] {dag.py:3437} INFO - Setting next_dagrun for tutorial_dag to None, run_after=None
[2023-02-15T17:06:28.820+0100] {processor.py:175} INFO - Processing /Users/Emily/.pyenv/versions/3.10.6/envs/airflow/lib/python3.10/site-packages/airflow/example_dags/tutorial_dag.py took 0.895 seconds
[2023-02-15T17:08:11.439+0100] {processor.py:153} INFO - Started process (PID=57122) to work on /Users/Emily/.pyenv/versions/3.10.6/envs/airflow/lib/python3.10/site-packages/airflow/example_dags/tutorial_dag.py
[2023-02-15T17:08:11.443+0100] {processor.py:743} INFO - Processing file /Users/Emily/.pyenv/versions/3.10.6/envs/airflow/lib/python3.10/site-packages/airflow/example_dags/tutorial_dag.py for tasks to queue
[2023-02-15T17:08:11.444+0100] {logging_mixin.py:137} INFO - [2023-02-15T17:08:11.444+0100] {dagbag.py:538} INFO - Filling up the DagBag from /Users/Emily/.pyenv/versions/3.10.6/envs/airflow/lib/python3.10/site-packages/airflow/example_dags/tutorial_dag.py
[2023-02-15T17:08:11.468+0100] {processor.py:753} INFO - DAG(s) dict_keys(['tutorial_dag']) retrieved from /Users/Emily/.pyenv/versions/3.10.6/envs/airflow/lib/python3.10/site-packages/airflow/example_dags/tutorial_dag.py
[2023-02-15T17:08:12.060+0100] {logging_mixin.py:137} INFO - [2023-02-15T17:08:12.060+0100] {dag.py:2690} INFO - Sync 1 DAGs
[2023-02-15T17:08:12.072+0100] {logging_mixin.py:137} INFO - [2023-02-15T17:08:12.071+0100] {dag.py:3437} INFO - Setting next_dagrun for tutorial_dag to None, run_after=None
[2023-02-15T17:08:12.085+0100] {processor.py:175} INFO - Processing /Users/Emily/.pyenv/versions/3.10.6/envs/airflow/lib/python3.10/site-packages/airflow/example_dags/tutorial_dag.py took 0.647 seconds
[2023-02-15T17:09:13.933+0100] {processor.py:153} INFO - Started process (PID=57169) to work on /Users/Emily/.pyenv/versions/3.10.6/envs/airflow/lib/python3.10/site-packages/airflow/example_dags/tutorial_dag.py
[2023-02-15T17:09:13.937+0100] {processor.py:743} INFO - Processing file /Users/Emily/.pyenv/versions/3.10.6/envs/airflow/lib/python3.10/site-packages/airflow/example_dags/tutorial_dag.py for tasks to queue
[2023-02-15T17:09:13.938+0100] {logging_mixin.py:137} INFO - [2023-02-15T17:09:13.938+0100] {dagbag.py:538} INFO - Filling up the DagBag from /Users/Emily/.pyenv/versions/3.10.6/envs/airflow/lib/python3.10/site-packages/airflow/example_dags/tutorial_dag.py
[2023-02-15T17:09:13.961+0100] {processor.py:753} INFO - DAG(s) dict_keys(['tutorial_dag']) retrieved from /Users/Emily/.pyenv/versions/3.10.6/envs/airflow/lib/python3.10/site-packages/airflow/example_dags/tutorial_dag.py
[2023-02-15T17:09:14.566+0100] {logging_mixin.py:137} INFO - [2023-02-15T17:09:14.566+0100] {dag.py:2690} INFO - Sync 1 DAGs
[2023-02-15T17:09:14.580+0100] {logging_mixin.py:137} INFO - [2023-02-15T17:09:14.580+0100] {dag.py:3437} INFO - Setting next_dagrun for tutorial_dag to None, run_after=None
[2023-02-15T17:09:14.592+0100] {processor.py:175} INFO - Processing /Users/Emily/.pyenv/versions/3.10.6/envs/airflow/lib/python3.10/site-packages/airflow/example_dags/tutorial_dag.py took 0.660 seconds
[2023-02-15T17:10:15.576+0100] {processor.py:153} INFO - Started process (PID=57223) to work on /Users/Emily/.pyenv/versions/3.10.6/envs/airflow/lib/python3.10/site-packages/airflow/example_dags/tutorial_dag.py
[2023-02-15T17:10:15.580+0100] {processor.py:743} INFO - Processing file /Users/Emily/.pyenv/versions/3.10.6/envs/airflow/lib/python3.10/site-packages/airflow/example_dags/tutorial_dag.py for tasks to queue
[2023-02-15T17:10:15.580+0100] {logging_mixin.py:137} INFO - [2023-02-15T17:10:15.580+0100] {dagbag.py:538} INFO - Filling up the DagBag from /Users/Emily/.pyenv/versions/3.10.6/envs/airflow/lib/python3.10/site-packages/airflow/example_dags/tutorial_dag.py
[2023-02-15T17:10:15.607+0100] {processor.py:753} INFO - DAG(s) dict_keys(['tutorial_dag']) retrieved from /Users/Emily/.pyenv/versions/3.10.6/envs/airflow/lib/python3.10/site-packages/airflow/example_dags/tutorial_dag.py
[2023-02-15T17:10:16.290+0100] {logging_mixin.py:137} INFO - [2023-02-15T17:10:16.290+0100] {dag.py:2690} INFO - Sync 1 DAGs
[2023-02-15T17:10:16.307+0100] {logging_mixin.py:137} INFO - [2023-02-15T17:10:16.306+0100] {dag.py:3437} INFO - Setting next_dagrun for tutorial_dag to None, run_after=None
[2023-02-15T17:10:16.323+0100] {processor.py:175} INFO - Processing /Users/Emily/.pyenv/versions/3.10.6/envs/airflow/lib/python3.10/site-packages/airflow/example_dags/tutorial_dag.py took 0.747 seconds
[2023-02-15T17:11:26.490+0100] {processor.py:153} INFO - Started process (PID=57305) to work on /Users/Emily/.pyenv/versions/3.10.6/envs/airflow/lib/python3.10/site-packages/airflow/example_dags/tutorial_dag.py
[2023-02-15T17:11:26.494+0100] {processor.py:743} INFO - Processing file /Users/Emily/.pyenv/versions/3.10.6/envs/airflow/lib/python3.10/site-packages/airflow/example_dags/tutorial_dag.py for tasks to queue
[2023-02-15T17:11:26.495+0100] {logging_mixin.py:137} INFO - [2023-02-15T17:11:26.495+0100] {dagbag.py:538} INFO - Filling up the DagBag from /Users/Emily/.pyenv/versions/3.10.6/envs/airflow/lib/python3.10/site-packages/airflow/example_dags/tutorial_dag.py
[2023-02-15T17:11:26.525+0100] {processor.py:753} INFO - DAG(s) dict_keys(['tutorial_dag']) retrieved from /Users/Emily/.pyenv/versions/3.10.6/envs/airflow/lib/python3.10/site-packages/airflow/example_dags/tutorial_dag.py
[2023-02-15T17:11:27.339+0100] {logging_mixin.py:137} INFO - [2023-02-15T17:11:27.339+0100] {dag.py:2690} INFO - Sync 1 DAGs
[2023-02-15T17:11:27.358+0100] {logging_mixin.py:137} INFO - [2023-02-15T17:11:27.357+0100] {dag.py:3437} INFO - Setting next_dagrun for tutorial_dag to None, run_after=None
[2023-02-15T17:11:27.376+0100] {processor.py:175} INFO - Processing /Users/Emily/.pyenv/versions/3.10.6/envs/airflow/lib/python3.10/site-packages/airflow/example_dags/tutorial_dag.py took 0.887 seconds
